[20-Jul-2020 12:43:23 UTC] デバッグ:「「「「「「「「「「「「「「「「「「「「「「「「「「「「「「「「「「「「「「「「
[20-Jul-2020 12:43:23 UTC] デバッグ:「スタッフ追加ページ
[20-Jul-2020 12:43:23 UTC] デバッグ:「「「「「「「「「「「「「「「「「「「「「「「「「「「「「「「「「「「「「「「「
[20-Jul-2020 12:43:41 UTC] デバッグ:「「「「「「「「「「「「「「「「「「「「「「「「「「「「「「「「「「「「「「「「
[20-Jul-2020 12:43:41 UTC] デバッグ:「スタッフ確認ページ
[20-Jul-2020 12:43:41 UTC] デバッグ:「「「「「「「「「「「「「「「「「「「「「「「「「「「「「「「「「「「「「「「「
[20-Jul-2020 12:44:16 UTC] デバッグ:「「「「「「「「「「「「「「「「「「「「「「「「「「「「「「「「「「「「「「「「
[20-Jul-2020 12:44:16 UTC] デバッグ:「スタッフ確認ページ
[20-Jul-2020 12:44:16 UTC] デバッグ:「「「「「「「「「「「「「「「「「「「「「「「「「「「「「「「「「「「「「「「「
[20-Jul-2020 12:44:16 UTC] デバッグ:啓介
[20-Jul-2020 12:44:57 UTC] デバッグ:「「「「「「「「「「「「「「「「「「「「「「「「「「「「「「「「「「「「「「「「
[20-Jul-2020 12:44:57 UTC] デバッグ:「スタッフ確認ページ
[20-Jul-2020 12:44:57 UTC] デバッグ:「「「「「「「「「「「「「「「「「「「「「「「「「「「「「「「「「「「「「「「「
[20-Jul-2020 12:44:57 UTC] デバッグ:スタッフ名啓介
[20-Jul-2020 12:44:57 UTC] デバッグ:パスワードkeisuke
[20-Jul-2020 12:45:28 UTC] デバッグ:「「「「「「「「「「「「「「「「「「「「「「「「「「「「「「「「「「「「「「「「
[20-Jul-2020 12:45:28 UTC] デバッグ:「スタッフ確認ページ
[20-Jul-2020 12:45:28 UTC] デバッグ:「「「「「「「「「「「「「「「「「「「「「「「「「「「「「「「「「「「「「「「「
[20-Jul-2020 12:45:28 UTC] デバッグ:スタッフ名啓介
[20-Jul-2020 12:45:28 UTC] デバッグ:パスワードkeisuke
[20-Jul-2020 12:45:28 UTC] デバッグ:パスワード再入力keisuke
[20-Jul-2020 12:50:21 UTC] デバッグ:「「「「「「「「「「「「「「「「「「「「「「「「「「「「「「「「「「「「「「「「
[20-Jul-2020 12:50:21 UTC] デバッグ:「スタッフ追加ページ
[20-Jul-2020 12:50:21 UTC] デバッグ:「「「「「「「「「「「「「「「「「「「「「「「「「「「「「「「「「「「「「「「「
[20-Jul-2020 12:50:23 UTC] デバッグ:「「「「「「「「「「「「「「「「「「「「「「「「「「「「「「「「「「「「「「「「
[20-Jul-2020 12:50:23 UTC] デバッグ:「スタッフ確認ページ
[20-Jul-2020 12:50:23 UTC] デバッグ:「「「「「「「「「「「「「「「「「「「「「「「「「「「「「「「「「「「「「「「「
[20-Jul-2020 12:50:23 UTC] デバッグ:スタッフ名
[20-Jul-2020 12:50:23 UTC] デバッグ:パスワード
[20-Jul-2020 12:50:23 UTC] デバッグ:パスワード再入力
[20-Jul-2020 12:50:44 UTC] デバッグ:「「「「「「「「「「「「「「「「「「「「「「「「「「「「「「「「「「「「「「「「
[20-Jul-2020 12:50:44 UTC] デバッグ:「スタッフ確認ページ
[20-Jul-2020 12:50:44 UTC] デバッグ:「「「「「「「「「「「「「「「「「「「「「「「「「「「「「「「「「「「「「「「「
[20-Jul-2020 12:50:44 UTC] デバッグ:スタッフ名
[20-Jul-2020 12:50:44 UTC] デバッグ:パスワード
[20-Jul-2020 12:50:44 UTC] デバッグ:パスワード再入力
[20-Jul-2020 12:51:13 UTC] デバッグ:「「「「「「「「「「「「「「「「「「「「「「「「「「「「「「「「「「「「「「「「
[20-Jul-2020 12:51:13 UTC] デバッグ:「スタッフ確認ページ
[20-Jul-2020 12:51:13 UTC] デバッグ:「「「「「「「「「「「「「「「「「「「「「「「「「「「「「「「「「「「「「「「「
[20-Jul-2020 12:51:13 UTC] デバッグ:スタッフ名
[20-Jul-2020 12:51:13 UTC] デバッグ:パスワード
[20-Jul-2020 12:51:13 UTC] デバッグ:パスワード再入力
[20-Jul-2020 12:52:04 UTC] デバッグ:「「「「「「「「「「「「「「「「「「「「「「「「「「「「「「「「「「「「「「「「
[20-Jul-2020 12:52:04 UTC] デバッグ:「スタッフ確認ページ
[20-Jul-2020 12:52:04 UTC] デバッグ:「「「「「「「「「「「「「「「「「「「「「「「「「「「「「「「「「「「「「「「「
[20-Jul-2020 12:52:04 UTC] デバッグ:スタッフ名啓介
[20-Jul-2020 12:52:04 UTC] デバッグ:パスワードkeisuke
[20-Jul-2020 12:52:04 UTC] デバッグ:パスワード再入力keisuke
[20-Jul-2020 12:55:40 UTC] デバッグ:「「「「「「「「「「「「「「「「「「「「「「「「「「「「「「「「「「「「「「「「
[20-Jul-2020 12:55:40 UTC] デバッグ:「スタッフ追加ページ
[20-Jul-2020 12:55:40 UTC] デバッグ:「「「「「「「「「「「「「「「「「「「「「「「「「「「「「「「「「「「「「「「「
[20-Jul-2020 12:55:42 UTC] デバッグ:「「「「「「「「「「「「「「「「「「「「「「「「「「「「「「「「「「「「「「「「
[20-Jul-2020 12:55:42 UTC] デバッグ:「スタッフ確認ページ
[20-Jul-2020 12:55:42 UTC] デバッグ:「「「「「「「「「「「「「「「「「「「「「「「「「「「「「「「「「「「「「「「「
[20-Jul-2020 12:55:42 UTC] デバッグ:スタッフ名
[20-Jul-2020 12:55:42 UTC] デバッグ:パスワード
[20-Jul-2020 12:55:42 UTC] デバッグ:パスワード再入力
[20-Jul-2020 12:56:10 UTC] デバッグ:「「「「「「「「「「「「「「「「「「「「「「「「「「「「「「「「「「「「「「「「
[20-Jul-2020 12:56:10 UTC] デバッグ:「スタッフ確認ページ
[20-Jul-2020 12:56:10 UTC] デバッグ:「「「「「「「「「「「「「「「「「「「「「「「「「「「「「「「「「「「「「「「「
[20-Jul-2020 12:56:10 UTC] デバッグ:スタッフ名
[20-Jul-2020 12:56:10 UTC] デバッグ:パスワード
[20-Jul-2020 12:56:10 UTC] デバッグ:パスワード再入力
[20-Jul-2020 12:56:23 UTC] デバッグ:「「「「「「「「「「「「「「「「「「「「「「「「「「「「「「「「「「「「「「「「
[20-Jul-2020 12:56:23 UTC] デバッグ:「スタッフ確認ページ
[20-Jul-2020 12:56:23 UTC] デバッグ:「「「「「「「「「「「「「「「「「「「「「「「「「「「「「「「「「「「「「「「「
[20-Jul-2020 12:56:23 UTC] デバッグ:スタッフ名啓介
[20-Jul-2020 12:56:23 UTC] デバッグ:パスワードpassword
[20-Jul-2020 12:56:23 UTC] デバッグ:パスワード再入力password
[20-Jul-2020 12:56:32 UTC] デバッグ:「「「「「「「「「「「「「「「「「「「「「「「「「「「「「「「「「「「「「「「「
[20-Jul-2020 12:56:32 UTC] デバッグ:「スタッフ追加ページ
[20-Jul-2020 12:56:32 UTC] デバッグ:「「「「「「「「「「「「「「「「「「「「「「「「「「「「「「「「「「「「「「「「
[20-Jul-2020 13:49:18 UTC] デバッグ:「「「「「「「「「「「「「「「「「「「「「「「「「「「「「「「「「「「「「「「「
[20-Jul-2020 13:49:18 UTC] デバッグ:「スタッフ確認ページ
[20-Jul-2020 13:49:18 UTC] デバッグ:「「「「「「「「「「「「「「「「「「「「「「「「「「「「「「「「「「「「「「「「
[20-Jul-2020 13:49:18 UTC] デバッグ:スタッフ名啓介
[20-Jul-2020 13:49:18 UTC] デバッグ:パスワードkeisuke
[20-Jul-2020 13:49:18 UTC] デバッグ:パスワード再入力keisuke
[20-Jul-2020 13:53:40 UTC] デバッグ:「「「「「「「「「「「「「「「「「「「「「「「「「「「「「「「「「「「「「「「「
[20-Jul-2020 13:53:40 UTC] デバッグ:「スタッフ登録ページ
[20-Jul-2020 13:53:40 UTC] デバッグ:「「「「「「「「「「「「「「「「「「「「「「「「「「「「「「「「「「「「「「「「
[20-Jul-2020 13:56:12 UTC] デバッグ:「「「「「「「「「「「「「「「「「「「「「「「「「「「「「「「「「「「「「「「「
[20-Jul-2020 13:56:12 UTC] デバッグ:「スタッフ確認ページ
[20-Jul-2020 13:56:12 UTC] デバッグ:「「「「「「「「「「「「「「「「「「「「「「「「「「「「「「「「「「「「「「「「
[20-Jul-2020 13:56:12 UTC] デバッグ:スタッフ名啓介
[20-Jul-2020 13:56:12 UTC] デバッグ:パスワード
[20-Jul-2020 13:56:12 UTC] デバッグ:パスワード再入力
[20-Jul-2020 13:56:19 UTC] デバッグ:「「「「「「「「「「「「「「「「「「「「「「「「「「「「「「「「「「「「「「「「
[20-Jul-2020 13:56:19 UTC] デバッグ:「スタッフ確認ページ
[20-Jul-2020 13:56:19 UTC] デバッグ:「「「「「「「「「「「「「「「「「「「「「「「「「「「「「「「「「「「「「「「「
[20-Jul-2020 13:56:19 UTC] デバッグ:スタッフ名啓介
[20-Jul-2020 13:56:19 UTC] デバッグ:パスワードkeisuke
[20-Jul-2020 13:56:19 UTC] デバッグ:パスワード再入力keisuke
[20-Jul-2020 13:56:22 UTC] デバッグ:「「「「「「「「「「「「「「「「「「「「「「「「「「「「「「「「「「「「「「「「
[20-Jul-2020 13:56:22 UTC] デバッグ:「スタッフ登録ページ
[20-Jul-2020 13:56:22 UTC] デバッグ:「「「「「「「「「「「「「「「「「「「「「「「「「「「「「「「「「「「「「「「「
[20-Jul-2020 13:58:16 UTC] デバッグ:「「「「「「「「「「「「「「「「「「「「「「「「「「「「「「「「「「「「「「「「
[20-Jul-2020 13:58:16 UTC] デバッグ:「スタッフ登録ページ
[20-Jul-2020 13:58:16 UTC] デバッグ:「「「「「「「「「「「「「「「「「「「「「「「「「「「「「「「「「「「「「「「「
[20-Jul-2020 13:58:21 UTC] デバッグ:「「「「「「「「「「「「「「「「「「「「「「「「「「「「「「「「「「「「「「「「
[20-Jul-2020 13:58:21 UTC] デバッグ:「スタッフ確認ページ
[20-Jul-2020 13:58:21 UTC] デバッグ:「「「「「「「「「「「「「「「「「「「「「「「「「「「「「「「「「「「「「「「「
[20-Jul-2020 13:58:21 UTC] デバッグ:スタッフ名啓介
[20-Jul-2020 13:58:21 UTC] デバッグ:パスワードkeisuke
[20-Jul-2020 13:58:21 UTC] デバッグ:パスワード再入力keisuke
[20-Jul-2020 13:58:23 UTC] デバッグ:「「「「「「「「「「「「「「「「「「「「「「「「「「「「「「「「「「「「「「「「
[20-Jul-2020 13:58:23 UTC] デバッグ:「スタッフ登録ページ
[20-Jul-2020 13:58:23 UTC] デバッグ:「「「「「「「「「「「「「「「「「「「「「「「「「「「「「「「「「「「「「「「「
[20-Jul-2020 13:58:48 UTC] デバッグ:「「「「「「「「「「「「「「「「「「「「「「「「「「「「「「「「「「「「「「「「
[20-Jul-2020 13:58:48 UTC] デバッグ:「スタッフ確認ページ
[20-Jul-2020 13:58:48 UTC] デバッグ:「「「「「「「「「「「「「「「「「「「「「「「「「「「「「「「「「「「「「「「「
[20-Jul-2020 13:58:48 UTC] デバッグ:スタッフ名啓介
[20-Jul-2020 13:58:48 UTC] デバッグ:パスワードkeisuke
[20-Jul-2020 13:58:48 UTC] デバッグ:パスワード再入力keisuke
[20-Jul-2020 13:58:49 UTC] デバッグ:「「「「「「「「「「「「「「「「「「「「「「「「「「「「「「「「「「「「「「「「
[20-Jul-2020 13:58:49 UTC] デバッグ:「スタッフ登録ページ
[20-Jul-2020 13:58:49 UTC] デバッグ:「「「「「「「「「「「「「「「「「「「「「「「「「「「「「「「「「「「「「「「「
[20-Jul-2020 13:58:49 UTC] デバッグ:'.$staff_pass.'
[20-Jul-2020 13:59:16 UTC] デバッグ:「「「「「「「「「「「「「「「「「「「「「「「「「「「「「「「「「「「「「「「「
[20-Jul-2020 13:59:16 UTC] デバッグ:「スタッフ確認ページ
[20-Jul-2020 13:59:16 UTC] デバッグ:「「「「「「「「「「「「「「「「「「「「「「「「「「「「「「「「「「「「「「「「
[20-Jul-2020 13:59:16 UTC] デバッグ:スタッフ名啓介
[20-Jul-2020 13:59:16 UTC] デバッグ:パスワードkeisuke
[20-Jul-2020 13:59:16 UTC] デバッグ:パスワード再入力keisuke
[20-Jul-2020 14:01:11 UTC] デバッグ:「「「「「「「「「「「「「「「「「「「「「「「「「「「「「「「「「「「「「「「「
[20-Jul-2020 14:01:11 UTC] デバッグ:「スタッフ確認ページ
[20-Jul-2020 14:01:11 UTC] デバッグ:「「「「「「「「「「「「「「「「「「「「「「「「「「「「「「「「「「「「「「「「
[20-Jul-2020 14:01:11 UTC] デバッグ:スタッフ名啓介
[20-Jul-2020 14:01:11 UTC] デバッグ:パスワードkeisuke
[20-Jul-2020 14:01:11 UTC] デバッグ:パスワード再入力keisuke
[20-Jul-2020 14:01:15 UTC] デバッグ:「「「「「「「「「「「「「「「「「「「「「「「「「「「「「「「「「「「「「「「「
[20-Jul-2020 14:01:15 UTC] デバッグ:「スタッフ登録ページ
[20-Jul-2020 14:01:15 UTC] デバッグ:「「「「「「「「「「「「「「「「「「「「「「「「「「「「「「「「「「「「「「「「
[20-Jul-2020 14:01:15 UTC] デバッグ:
[20-Jul-2020 14:01:49 UTC] デバッグ:「「「「「「「「「「「「「「「「「「「「「「「「「「「「「「「「「「「「「「「「
[20-Jul-2020 14:01:49 UTC] デバッグ:「スタッフ確認ページ
[20-Jul-2020 14:01:49 UTC] デバッグ:「「「「「「「「「「「「「「「「「「「「「「「「「「「「「「「「「「「「「「「「
[20-Jul-2020 14:01:49 UTC] デバッグ:スタッフ名啓介
[20-Jul-2020 14:01:49 UTC] デバッグ:パスワードkeisuke
[20-Jul-2020 14:01:49 UTC] デバッグ:パスワード再入力keisuke
[20-Jul-2020 14:01:54 UTC] デバッグ:「「「「「「「「「「「「「「「「「「「「「「「「「「「「「「「「「「「「「「「「
[20-Jul-2020 14:01:54 UTC] デバッグ:「スタッフ登録ページ
[20-Jul-2020 14:01:54 UTC] デバッグ:「「「「「「「「「「「「「「「「「「「「「「「「「「「「「「「「「「「「「「「「
[20-Jul-2020 14:01:54 UTC] デバッグ:
[20-Jul-2020 14:04:07 UTC] デバッグ:「「「「「「「「「「「「「「「「「「「「「「「「「「「「「「「「「「「「「「「「
[20-Jul-2020 14:04:07 UTC] デバッグ:「スタッフ確認ページ
[20-Jul-2020 14:04:07 UTC] デバッグ:「「「「「「「「「「「「「「「「「「「「「「「「「「「「「「「「「「「「「「「「
[20-Jul-2020 14:04:07 UTC] デバッグ:スタッフ名啓介
[20-Jul-2020 14:04:07 UTC] デバッグ:パスワードkeisuke
[20-Jul-2020 14:04:07 UTC] デバッグ:パスワード再入力keisuke
[20-Jul-2020 14:04:52 UTC] デバッグ:「「「「「「「「「「「「「「「「「「「「「「「「「「「「「「「「「「「「「「「「
[20-Jul-2020 14:04:52 UTC] デバッグ:「スタッフ登録ページ
[20-Jul-2020 14:04:52 UTC] デバッグ:「「「「「「「「「「「「「「「「「「「「「「「「「「「「「「「「「「「「「「「「
[20-Jul-2020 14:04:52 UTC] デバッグ:
[20-Jul-2020 14:04:52 UTC] デバッグ:
[20-Jul-2020 14:05:06 UTC] デバッグ:「「「「「「「「「「「「「「「「「「「「「「「「「「「「「「「「「「「「「「「「
[20-Jul-2020 14:05:06 UTC] デバッグ:「スタッフ確認ページ
[20-Jul-2020 14:05:06 UTC] デバッグ:「「「「「「「「「「「「「「「「「「「「「「「「「「「「「「「「「「「「「「「「
[20-Jul-2020 14:05:06 UTC] デバッグ:スタッフ名啓介
[20-Jul-2020 14:05:06 UTC] デバッグ:パスワードkeisuke
[20-Jul-2020 14:05:06 UTC] デバッグ:パスワード再入力keisuke
[20-Jul-2020 14:05:09 UTC] デバッグ:「「「「「「「「「「「「「「「「「「「「「「「「「「「「「「「「「「「「「「「「
[20-Jul-2020 14:05:09 UTC] デバッグ:「スタッフ登録ページ
[20-Jul-2020 14:05:09 UTC] デバッグ:「「「「「「「「「「「「「「「「「「「「「「「「「「「「「「「「「「「「「「「「
[20-Jul-2020 14:05:09 UTC] デバッグ:啓介
[20-Jul-2020 14:05:09 UTC] デバッグ:$2y$10$UIOw2H0aIJ8bvHsj4UK91.mnxJ0QkPXlrxhXjGCJ6g8vIKtNpyQw.
[20-Jul-2020 14:05:51 UTC] デバッグ:「「「「「「「「「「「「「「「「「「「「「「「「「「「「「「「「「「「「「「「「
[20-Jul-2020 14:05:51 UTC] デバッグ:「スタッフ登録ページ
[20-Jul-2020 14:05:51 UTC] デバッグ:「「「「「「「「「「「「「「「「「「「「「「「「「「「「「「「「「「「「「「「「
[20-Jul-2020 14:05:51 UTC] デバッグ:啓介
[20-Jul-2020 14:05:51 UTC] デバッグ:$2y$10$UIOw2H0aIJ8bvHsj4UK91.mnxJ0QkPXlrxhXjGCJ6g8vIKtNpyQw.
[20-Jul-2020 14:08:27 UTC] デバッグ:「「「「「「「「「「「「「「「「「「「「「「「「「「「「「「「「「「「「「「「「
[20-Jul-2020 14:08:27 UTC] デバッグ:「スタッフ登録ページ
[20-Jul-2020 14:08:27 UTC] デバッグ:「「「「「「「「「「「「「「「「「「「「「「「「「「「「「「「「「「「「「「「「
[20-Jul-2020 14:08:27 UTC] デバッグ:啓介
[20-Jul-2020 14:08:27 UTC] デバッグ:$2y$10$UIOw2H0aIJ8bvHsj4UK91.mnxJ0QkPXlrxhXjGCJ6g8vIKtNpyQw.
[20-Jul-2020 14:08:44 UTC] デバッグ:「「「「「「「「「「「「「「「「「「「「「「「「「「「「「「「「「「「「「「「「
[20-Jul-2020 14:08:44 UTC] デバッグ:「スタッフ確認ページ
[20-Jul-2020 14:08:44 UTC] デバッグ:「「「「「「「「「「「「「「「「「「「「「「「「「「「「「「「「「「「「「「「「
[20-Jul-2020 14:08:44 UTC] デバッグ:スタッフ名啓介
[20-Jul-2020 14:08:44 UTC] デバッグ:パスワードkeisuke
[20-Jul-2020 14:08:44 UTC] デバッグ:パスワード再入力keisuke
[20-Jul-2020 14:08:48 UTC] デバッグ:「「「「「「「「「「「「「「「「「「「「「「「「「「「「「「「「「「「「「「「「
[20-Jul-2020 14:08:48 UTC] デバッグ:「スタッフ登録ページ
[20-Jul-2020 14:08:48 UTC] デバッグ:「「「「「「「「「「「「「「「「「「「「「「「「「「「「「「「「「「「「「「「「
[20-Jul-2020 14:08:48 UTC] デバッグ:啓介
[20-Jul-2020 14:08:48 UTC] デバッグ:$2y$10$aXPNm54escwYlhnvxaJIPuNAe2fvJidI75.wAGtvqpjWUYJXtHQ4.
[20-Jul-2020 14:09:08 UTC] デバッグ:「「「「「「「「「「「「「「「「「「「「「「「「「「「「「「「「「「「「「「「「
[20-Jul-2020 14:09:08 UTC] デバッグ:「スタッフ登録ページ
[20-Jul-2020 14:09:08 UTC] デバッグ:「「「「「「「「「「「「「「「「「「「「「「「「「「「「「「「「「「「「「「「「
[20-Jul-2020 14:09:08 UTC] デバッグ:啓介
[20-Jul-2020 14:09:08 UTC] デバッグ:$2y$10$aXPNm54escwYlhnvxaJIPuNAe2fvJidI75.wAGtvqpjWUYJXtHQ4.
[20-Jul-2020 14:09:08 UTC] デバッグ:SQLINSERT INTO mst_staff(name,password) VALUES (?,?)
[20-Jul-2020 14:09:26 UTC] デバッグ:「「「「「「「「「「「「「「「「「「「「「「「「「「「「「「「「「「「「「「「「
[20-Jul-2020 14:09:26 UTC] デバッグ:「スタッフ登録ページ
[20-Jul-2020 14:09:26 UTC] デバッグ:「「「「「「「「「「「「「「「「「「「「「「「「「「「「「「「「「「「「「「「「
[20-Jul-2020 14:09:26 UTC] デバッグ:啓介
[20-Jul-2020 14:09:26 UTC] デバッグ:$2y$10$aXPNm54escwYlhnvxaJIPuNAe2fvJidI75.wAGtvqpjWUYJXtHQ4.
[20-Jul-2020 14:09:26 UTC] デバッグ:SQLINSERT INTO mst_staff(name,password) VALUES (?,?)
[20-Jul-2020 14:14:04 UTC] デバッグ:「「「「「「「「「「「「「「「「「「「「「「「「「「「「「「「「「「「「「「「「
[20-Jul-2020 14:14:04 UTC] デバッグ:「スタッフ確認ページ
[20-Jul-2020 14:14:04 UTC] デバッグ:「「「「「「「「「「「「「「「「「「「「「「「「「「「「「「「「「「「「「「「「
[20-Jul-2020 14:14:04 UTC] デバッグ:スタッフ名啓介
[20-Jul-2020 14:14:04 UTC] デバッグ:パスワードkeisuke
[20-Jul-2020 14:14:04 UTC] デバッグ:パスワード再入力keisuke
[20-Jul-2020 14:14:06 UTC] デバッグ:「「「「「「「「「「「「「「「「「「「「「「「「「「「「「「「「「「「「「「「「
[20-Jul-2020 14:14:06 UTC] デバッグ:「スタッフ登録ページ
[20-Jul-2020 14:14:06 UTC] デバッグ:「「「「「「「「「「「「「「「「「「「「「「「「「「「「「「「「「「「「「「「「
[20-Jul-2020 14:14:06 UTC] デバッグ:啓介
[20-Jul-2020 14:14:06 UTC] デバッグ:$2y$10$zXwnINm.0Ev7BExmWKmAReazSxZaln4jovqrw9L37ByNpBs9k2V5q
[20-Jul-2020 14:14:06 UTC] デバッグ:SQLINSERT INTO mst_staff(name,password) VALUES :name,:password)
[20-Jul-2020 14:15:32 UTC] デバッグ:「「「「「「「「「「「「「「「「「「「「「「「「「「「「「「「「「「「「「「「「
[20-Jul-2020 14:15:32 UTC] デバッグ:「スタッフ登録ページ
[20-Jul-2020 14:15:32 UTC] デバッグ:「「「「「「「「「「「「「「「「「「「「「「「「「「「「「「「「「「「「「「「「
[20-Jul-2020 14:15:32 UTC] デバッグ:啓介
[20-Jul-2020 14:15:32 UTC] デバッグ:$2y$10$zXwnINm.0Ev7BExmWKmAReazSxZaln4jovqrw9L37ByNpBs9k2V5q
[20-Jul-2020 14:15:32 UTC] デバッグ:SQLINSERT INTO mst_staff(name,password) VALUES :name,:password)
[20-Jul-2020 14:15:43 UTC] デバッグ:「「「「「「「「「「「「「「「「「「「「「「「「「「「「「「「「「「「「「「「「
[20-Jul-2020 14:15:43 UTC] デバッグ:「スタッフ確認ページ
[20-Jul-2020 14:15:43 UTC] デバッグ:「「「「「「「「「「「「「「「「「「「「「「「「「「「「「「「「「「「「「「「「
[20-Jul-2020 14:15:43 UTC] デバッグ:スタッフ名啓介
[20-Jul-2020 14:15:43 UTC] デバッグ:パスワードkeisuke
[20-Jul-2020 14:15:43 UTC] デバッグ:パスワード再入力keisuke
[20-Jul-2020 14:15:46 UTC] デバッグ:「「「「「「「「「「「「「「「「「「「「「「「「「「「「「「「「「「「「「「「「
[20-Jul-2020 14:15:46 UTC] デバッグ:「スタッフ登録ページ
[20-Jul-2020 14:15:46 UTC] デバッグ:「「「「「「「「「「「「「「「「「「「「「「「「「「「「「「「「「「「「「「「「
[20-Jul-2020 14:15:46 UTC] デバッグ:啓介
[20-Jul-2020 14:15:46 UTC] デバッグ:$2y$10$Zm/MwDMGgmVb0dYLEL/xpefsVjcPL0UyVYO6FmDbuZtKIUtWXC8t.
[20-Jul-2020 14:15:46 UTC] デバッグ:SQLINSERT INTO mst_staff(name,password) VALUES :name,:password)
[20-Jul-2020 14:17:23 UTC] デバッグ:「「「「「「「「「「「「「「「「「「「「「「「「「「「「「「「「「「「「「「「「
[20-Jul-2020 14:17:23 UTC] デバッグ:「スタッフ登録ページ
[20-Jul-2020 14:17:23 UTC] デバッグ:「「「「「「「「「「「「「「「「「「「「「「「「「「「「「「「「「「「「「「「「
[20-Jul-2020 14:17:23 UTC] デバッグ:啓介
[20-Jul-2020 14:17:23 UTC] デバッグ:$2y$10$Zm/MwDMGgmVb0dYLEL/xpefsVjcPL0UyVYO6FmDbuZtKIUtWXC8t.
[20-Jul-2020 14:18:23 UTC] デバッグ:「「「「「「「「「「「「「「「「「「「「「「「「「「「「「「「「「「「「「「「「
[20-Jul-2020 14:18:23 UTC] デバッグ:「スタッフ登録ページ
[20-Jul-2020 14:18:23 UTC] デバッグ:「「「「「「「「「「「「「「「「「「「「「「「「「「「「「「「「「「「「「「「「
[20-Jul-2020 14:18:23 UTC] デバッグ:啓介
[20-Jul-2020 14:18:23 UTC] デバッグ:$2y$10$Zm/MwDMGgmVb0dYLEL/xpefsVjcPL0UyVYO6FmDbuZtKIUtWXC8t.
[20-Jul-2020 14:18:31 UTC] デバッグ:「「「「「「「「「「「「「「「「「「「「「「「「「「「「「「「「「「「「「「「「
[20-Jul-2020 14:18:31 UTC] デバッグ:「スタッフ確認ページ
[20-Jul-2020 14:18:31 UTC] デバッグ:「「「「「「「「「「「「「「「「「「「「「「「「「「「「「「「「「「「「「「「「
[20-Jul-2020 14:18:31 UTC] デバッグ:スタッフ名啓介
[20-Jul-2020 14:18:31 UTC] デバッグ:パスワードkeisuke
[20-Jul-2020 14:18:31 UTC] デバッグ:パスワード再入力keisuke
[20-Jul-2020 14:18:34 UTC] デバッグ:「「「「「「「「「「「「「「「「「「「「「「「「「「「「「「「「「「「「「「「「
[20-Jul-2020 14:18:34 UTC] デバッグ:「スタッフ登録ページ
[20-Jul-2020 14:18:34 UTC] デバッグ:「「「「「「「「「「「「「「「「「「「「「「「「「「「「「「「「「「「「「「「「
[20-Jul-2020 14:18:34 UTC] デバッグ:啓介
[20-Jul-2020 14:18:34 UTC] デバッグ:$2y$10$Y/r0RSfMJkfgPLsokLiKguJcRYbrFoRJiY0xOVFXuGq.V2vcnjNty
[20-Jul-2020 14:21:57 UTC] デバッグ:「「「「「「「「「「「「「「「「「「「「「「「「「「「「「「「「「「「「「「「「
[20-Jul-2020 14:21:57 UTC] デバッグ:「スタッフ登録ページ
[20-Jul-2020 14:21:57 UTC] デバッグ:「「「「「「「「「「「「「「「「「「「「「「「「「「「「「「「「「「「「「「「「
[20-Jul-2020 14:21:57 UTC] デバッグ:啓介
[20-Jul-2020 14:21:57 UTC] デバッグ:$2y$10$Y/r0RSfMJkfgPLsokLiKguJcRYbrFoRJiY0xOVFXuGq.V2vcnjNty
[20-Jul-2020 14:22:06 UTC] デバッグ:「「「「「「「「「「「「「「「「「「「「「「「「「「「「「「「「「「「「「「「「
[20-Jul-2020 14:22:06 UTC] デバッグ:「スタッフ確認ページ
[20-Jul-2020 14:22:06 UTC] デバッグ:「「「「「「「「「「「「「「「「「「「「「「「「「「「「「「「「「「「「「「「「
[20-Jul-2020 14:22:06 UTC] デバッグ:スタッフ名啓介
[20-Jul-2020 14:22:06 UTC] デバッグ:パスワードkeisuke
[20-Jul-2020 14:22:06 UTC] デバッグ:パスワード再入力keisuke
[20-Jul-2020 14:22:08 UTC] デバッグ:「「「「「「「「「「「「「「「「「「「「「「「「「「「「「「「「「「「「「「「「
[20-Jul-2020 14:22:08 UTC] デバッグ:「スタッフ登録ページ
[20-Jul-2020 14:22:08 UTC] デバッグ:「「「「「「「「「「「「「「「「「「「「「「「「「「「「「「「「「「「「「「「「
[20-Jul-2020 14:22:08 UTC] デバッグ:啓介
[20-Jul-2020 14:22:08 UTC] デバッグ:$2y$10$3SVDKkrHRQh/kFdIRZFY9.VqDSjRcKEOYwGUV87695jX6hSbVr14G
[20-Jul-2020 14:28:55 UTC] デバッグ:「「「「「「「「「「「「「「「「「「「「「「「「「「「「「「「「「「「「「「「「
[20-Jul-2020 14:28:55 UTC] デバッグ:「スタッフ確認ページ
[20-Jul-2020 14:28:55 UTC] デバッグ:「「「「「「「「「「「「「「「「「「「「「「「「「「「「「「「「「「「「「「「「
[20-Jul-2020 14:28:55 UTC] デバッグ:スタッフ名啓介
[20-Jul-2020 14:28:55 UTC] デバッグ:パスワードkeisuke
[20-Jul-2020 14:28:55 UTC] デバッグ:パスワード再入力keisuke
[20-Jul-2020 14:28:57 UTC] デバッグ:「「「「「「「「「「「「「「「「「「「「「「「「「「「「「「「「「「「「「「「「
[20-Jul-2020 14:28:57 UTC] デバッグ:「スタッフ登録ページ
[20-Jul-2020 14:28:57 UTC] デバッグ:「「「「「「「「「「「「「「「「「「「「「「「「「「「「「「「「「「「「「「「「
[20-Jul-2020 14:28:57 UTC] デバッグ:啓介
[20-Jul-2020 14:28:57 UTC] デバッグ:$2y$10$MOx9w7rpEROvZ/VwvbHj2O4NcVe3yPHTs1v8d5gl8oVDrnUXvNmne
[20-Jul-2020 14:29:53 UTC] デバッグ:「「「「「「「「「「「「「「「「「「「「「「「「「「「「「「「「「「「「「「「「
[20-Jul-2020 14:29:53 UTC] デバッグ:「スタッフ登録ページ
[20-Jul-2020 14:29:53 UTC] デバッグ:「「「「「「「「「「「「「「「「「「「「「「「「「「「「「「「「「「「「「「「「
[20-Jul-2020 14:31:47 UTC] デバッグ:「「「「「「「「「「「「「「「「「「「「「「「「「「「「「「「「「「「「「「「「
[20-Jul-2020 14:31:47 UTC] デバッグ:「スタッフ確認ページ
[20-Jul-2020 14:31:47 UTC] デバッグ:「「「「「「「「「「「「「「「「「「「「「「「「「「「「「「「「「「「「「「「「
[20-Jul-2020 14:31:47 UTC] デバッグ:スタッフ名啓介
[20-Jul-2020 14:31:47 UTC] デバッグ:パスワードkeisuke
[20-Jul-2020 14:31:47 UTC] デバッグ:パスワード再入力keisuke
[20-Jul-2020 14:32:00 UTC] デバッグ:「「「「「「「「「「「「「「「「「「「「「「「「「「「「「「「「「「「「「「「「
[20-Jul-2020 14:32:00 UTC] デバッグ:「スタッフ確認ページ
[20-Jul-2020 14:32:00 UTC] デバッグ:「「「「「「「「「「「「「「「「「「「「「「「「「「「「「「「「「「「「「「「「
[20-Jul-2020 14:32:00 UTC] デバッグ:スタッフ名啓介
[20-Jul-2020 14:32:00 UTC] デバッグ:パスワードkeisuke
[20-Jul-2020 14:32:00 UTC] デバッグ:パスワード再入力keisuke
[20-Jul-2020 14:32:58 UTC] デバッグ:「「「「「「「「「「「「「「「「「「「「「「「「「「「「「「「「「「「「「「「「
[20-Jul-2020 14:32:58 UTC] デバッグ:「スタッフ登録ページ
[20-Jul-2020 14:32:58 UTC] デバッグ:「「「「「「「「「「「「「「「「「「「「「「「「「「「「「「「「「「「「「「「「
[20-Jul-2020 14:34:12 UTC] デバッグ:「「「「「「「「「「「「「「「「「「「「「「「「「「「「「「「「「「「「「「「「
[20-Jul-2020 14:34:12 UTC] デバッグ:「スタッフ登録ページ
[20-Jul-2020 14:34:12 UTC] デバッグ:「「「「「「「「「「「「「「「「「「「「「「「「「「「「「「「「「「「「「「「「
[20-Jul-2020 14:34:25 UTC] デバッグ:「「「「「「「「「「「「「「「「「「「「「「「「「「「「「「「「「「「「「「「「
[20-Jul-2020 14:34:25 UTC] デバッグ:「スタッフ登録ページ
[20-Jul-2020 14:34:25 UTC] デバッグ:「「「「「「「「「「「「「「「「「「「「「「「「「「「「「「「「「「「「「「「「
[20-Jul-2020 14:35:59 UTC] デバッグ:「「「「「「「「「「「「「「「「「「「「「「「「「「「「「「「「「「「「「「「「
[20-Jul-2020 14:35:59 UTC] デバッグ:「スタッフ登録ページ
[20-Jul-2020 14:35:59 UTC] デバッグ:「「「「「「「「「「「「「「「「「「「「「「「「「「「「「「「「「「「「「「「「
[20-Jul-2020 14:39:00 UTC] デバッグ:「「「「「「「「「「「「「「「「「「「「「「「「「「「「「「「「「「「「「「「「
[20-Jul-2020 14:39:00 UTC] デバッグ:「スタッフ登録ページ
[20-Jul-2020 14:39:00 UTC] デバッグ:「「「「「「「「「「「「「「「「「「「「「「「「「「「「「「「「「「「「「「「「
[20-Jul-2020 14:40:01 UTC] デバッグ:「「「「「「「「「「「「「「「「「「「「「「「「「「「「「「「「「「「「「「「「
[20-Jul-2020 14:40:01 UTC] デバッグ:「スタッフ確認ページ
[20-Jul-2020 14:40:01 UTC] デバッグ:「「「「「「「「「「「「「「「「「「「「「「「「「「「「「「「「「「「「「「「「
[20-Jul-2020 14:40:01 UTC] デバッグ:スタッフ名啓介
[20-Jul-2020 14:40:01 UTC] デバッグ:パスワードkeisuke
[20-Jul-2020 14:40:01 UTC] デバッグ:パスワード再入力keisuke
[20-Jul-2020 14:40:04 UTC] デバッグ:「「「「「「「「「「「「「「「「「「「「「「「「「「「「「「「「「「「「「「「「
[20-Jul-2020 14:40:04 UTC] デバッグ:「スタッフ登録ページ
[20-Jul-2020 14:40:04 UTC] デバッグ:「「「「「「「「「「「「「「「「「「「「「「「「「「「「「「「「「「「「「「「「
[20-Jul-2020 14:44:25 UTC] デバッグ:「「「「「「「「「「「「「「「「「「「「「「「「「「「「「「「「「「「「「「「「
[20-Jul-2020 14:44:25 UTC] デバッグ:「スタッフ登録ページ
[20-Jul-2020 14:44:25 UTC] デバッグ:「「「「「「「「「「「「「「「「「「「「「「「「「「「「「「「「「「「「「「「「
[20-Jul-2020 14:44:33 UTC] デバッグ:「「「「「「「「「「「「「「「「「「「「「「「「「「「「「「「「「「「「「「「「
[20-Jul-2020 14:44:33 UTC] デバッグ:「スタッフ確認ページ
[20-Jul-2020 14:44:33 UTC] デバッグ:「「「「「「「「「「「「「「「「「「「「「「「「「「「「「「「「「「「「「「「「
[20-Jul-2020 14:44:33 UTC] デバッグ:スタッフ名啓介
[20-Jul-2020 14:44:33 UTC] デバッグ:パスワードkeisuke
[20-Jul-2020 14:44:33 UTC] デバッグ:パスワード再入力keisuke
[20-Jul-2020 14:44:35 UTC] デバッグ:「「「「「「「「「「「「「「「「「「「「「「「「「「「「「「「「「「「「「「「「
[20-Jul-2020 14:44:35 UTC] デバッグ:「スタッフ登録ページ
[20-Jul-2020 14:44:35 UTC] デバッグ:「「「「「「「「「「「「「「「「「「「「「「「「「「「「「「「「「「「「「「「「
[20-Jul-2020 14:50:01 UTC] デバッグ:「「「「「「「「「「「「「「「「「「「「「「「「「「「「「「「「「「「「「「「「
[20-Jul-2020 14:50:01 UTC] デバッグ:「スタッフ登録ページ
[20-Jul-2020 14:50:01 UTC] デバッグ:「「「「「「「「「「「「「「「「「「「「「「「「「「「「「「「「「「「「「「「「
[20-Jul-2020 14:50:52 UTC] デバッグ:「「「「「「「「「「「「「「「「「「「「「「「「「「「「「「「「「「「「「「「「
[20-Jul-2020 14:50:52 UTC] デバッグ:「スタッフ登録ページ
[20-Jul-2020 14:50:52 UTC] デバッグ:「「「「「「「「「「「「「「「「「「「「「「「「「「「「「「「「「「「「「「「「
[20-Jul-2020 14:51:44 UTC] デバッグ:「「「「「「「「「「「「「「「「「「「「「「「「「「「「「「「「「「「「「「「「
[20-Jul-2020 14:51:44 UTC] デバッグ:「スタッフ確認ページ
[20-Jul-2020 14:51:44 UTC] デバッグ:「「「「「「「「「「「「「「「「「「「「「「「「「「「「「「「「「「「「「「「「
[20-Jul-2020 14:51:44 UTC] デバッグ:スタッフ名啓介
[20-Jul-2020 14:51:44 UTC] デバッグ:パスワードkeisuke
[20-Jul-2020 14:51:44 UTC] デバッグ:パスワード再入力keisuke
[20-Jul-2020 14:51:50 UTC] デバッグ:「「「「「「「「「「「「「「「「「「「「「「「「「「「「「「「「「「「「「「「「
[20-Jul-2020 14:51:50 UTC] デバッグ:「スタッフ登録ページ
[20-Jul-2020 14:51:50 UTC] デバッグ:「「「「「「「「「「「「「「「「「「「「「「「「「「「「「「「「「「「「「「「「
[20-Jul-2020 14:52:29 UTC] デバッグ:「「「「「「「「「「「「「「「「「「「「「「「「「「「「「「「「「「「「「「「「
[20-Jul-2020 14:52:29 UTC] デバッグ:「スタッフ確認ページ
[20-Jul-2020 14:52:29 UTC] デバッグ:「「「「「「「「「「「「「「「「「「「「「「「「「「「「「「「「「「「「「「「「
[20-Jul-2020 14:52:29 UTC] デバッグ:スタッフ名啓介
[20-Jul-2020 14:52:29 UTC] デバッグ:パスワードkeisuke
[20-Jul-2020 14:52:29 UTC] デバッグ:パスワード再入力keisuke
[20-Jul-2020 14:52:34 UTC] デバッグ:「「「「「「「「「「「「「「「「「「「「「「「「「「「「「「「「「「「「「「「「
[20-Jul-2020 14:52:34 UTC] デバッグ:「スタッフ登録ページ
[20-Jul-2020 14:52:34 UTC] デバッグ:「「「「「「「「「「「「「「「「「「「「「「「「「「「「「「「「「「「「「「「「
[20-Jul-2020 14:52:34 UTC] デバッグ:デバッグ
[20-Jul-2020 14:53:20 UTC] デバッグ:「「「「「「「「「「「「「「「「「「「「「「「「「「「「「「「「「「「「「「「「
[20-Jul-2020 14:53:20 UTC] デバッグ:「スタッフ登録ページ
[20-Jul-2020 14:53:20 UTC] デバッグ:「「「「「「「「「「「「「「「「「「「「「「「「「「「「「「「「「「「「「「「「
[20-Jul-2020 14:53:28 UTC] デバッグ:「「「「「「「「「「「「「「「「「「「「「「「「「「「「「「「「「「「「「「「「
[20-Jul-2020 14:53:28 UTC] デバッグ:「スタッフ登録ページ
[20-Jul-2020 14:53:28 UTC] デバッグ:「「「「「「「「「「「「「「「「「「「「「「「「「「「「「「「「「「「「「「「「
[20-Jul-2020 14:53:49 UTC] デバッグ:「「「「「「「「「「「「「「「「「「「「「「「「「「「「「「「「「「「「「「「「
[20-Jul-2020 14:53:49 UTC] デバッグ:「スタッフ登録ページ
[20-Jul-2020 14:53:49 UTC] デバッグ:「「「「「「「「「「「「「「「「「「「「「「「「「「「「「「「「「「「「「「「「
[20-Jul-2020 14:54:03 UTC] デバッグ:「「「「「「「「「「「「「「「「「「「「「「「「「「「「「「「「「「「「「「「「
[20-Jul-2020 14:54:03 UTC] デバッグ:「スタッフ登録ページ
[20-Jul-2020 14:54:03 UTC] デバッグ:「「「「「「「「「「「「「「「「「「「「「「「「「「「「「「「「「「「「「「「「
[20-Jul-2020 14:54:03 UTC] デバッグ:デバッグ
[20-Jul-2020 14:55:44 UTC] デバッグ:「「「「「「「「「「「「「「「「「「「「「「「「「「「「「「「「「「「「「「「「
[20-Jul-2020 14:55:44 UTC] デバッグ:「スタッフ登録ページ
[20-Jul-2020 14:55:44 UTC] デバッグ:「「「「「「「「「「「「「「「「「「「「「「「「「「「「「「「「「「「「「「「「
[20-Jul-2020 14:55:44 UTC] デバッグ:デバッグ
[20-Jul-2020 14:56:40 UTC] デバッグ:「「「「「「「「「「「「「「「「「「「「「「「「「「「「「「「「「「「「「「「「
[20-Jul-2020 14:56:40 UTC] デバッグ:「スタッフ登録ページ
[20-Jul-2020 14:56:40 UTC] デバッグ:「「「「「「「「「「「「「「「「「「「「「「「「「「「「「「「「「「「「「「「「
[20-Jul-2020 14:56:40 UTC] デバッグ:デバッグ
[20-Jul-2020 14:56:56 UTC] デバッグ:「「「「「「「「「「「「「「「「「「「「「「「「「「「「「「「「「「「「「「「「
[20-Jul-2020 14:56:56 UTC] デバッグ:「スタッフ登録ページ
[20-Jul-2020 14:56:56 UTC] デバッグ:「「「「「「「「「「「「「「「「「「「「「「「「「「「「「「「「「「「「「「「「
[20-Jul-2020 14:56:56 UTC] デバッグ:デバッグ
[20-Jul-2020 14:57:22 UTC] デバッグ:「「「「「「「「「「「「「「「「「「「「「「「「「「「「「「「「「「「「「「「「
[20-Jul-2020 14:57:22 UTC] デバッグ:「スタッフ登録ページ
[20-Jul-2020 14:57:22 UTC] デバッグ:「「「「「「「「「「「「「「「「「「「「「「「「「「「「「「「「「「「「「「「「
[20-Jul-2020 14:59:19 UTC] デバッグ:「「「「「「「「「「「「「「「「「「「「「「「「「「「「「「「「「「「「「「「「
[20-Jul-2020 14:59:19 UTC] デバッグ:「スタッフ登録ページ
[20-Jul-2020 14:59:19 UTC] デバッグ:「「「「「「「「「「「「「「「「「「「「「「「「「「「「「「「「「「「「「「「「
[20-Jul-2020 14:59:19 UTC] デバッグ:デバッグ
[20-Jul-2020 14:59:55 UTC] デバッグ:「「「「「「「「「「「「「「「「「「「「「「「「「「「「「「「「「「「「「「「「
[20-Jul-2020 14:59:55 UTC] デバッグ:「スタッフ登録ページ
[20-Jul-2020 14:59:55 UTC] デバッグ:「「「「「「「「「「「「「「「「「「「「「「「「「「「「「「「「「「「「「「「「
[20-Jul-2020 14:59:55 UTC] デバッグ:デバッグ
[20-Jul-2020 15:00:04 UTC] デバッグ:「「「「「「「「「「「「「「「「「「「「「「「「「「「「「「「「「「「「「「「「
[20-Jul-2020 15:00:04 UTC] デバッグ:「スタッフ登録ページ
[20-Jul-2020 15:00:04 UTC] デバッグ:「「「「「「「「「「「「「「「「「「「「「「「「「「「「「「「「「「「「「「「「
[20-Jul-2020 15:00:04 UTC] デバッグ:デバッグ
[20-Jul-2020 15:00:56 UTC] デバッグ:「「「「「「「「「「「「「「「「「「「「「「「「「「「「「「「「「「「「「「「「
[20-Jul-2020 15:00:56 UTC] デバッグ:「スタッフ登録ページ
[20-Jul-2020 15:00:56 UTC] デバッグ:「「「「「「「「「「「「「「「「「「「「「「「「「「「「「「「「「「「「「「「「
[20-Jul-2020 15:00:56 UTC] デバッグ:デバッグ
[20-Jul-2020 15:00:56 UTC] デバッグ:デバッグINSERT INTO mst_staff (name,password) VALUES (?,?)
[20-Jul-2020 15:01:22 UTC] デバッグ:「「「「「「「「「「「「「「「「「「「「「「「「「「「「「「「「「「「「「「「「
[20-Jul-2020 15:01:22 UTC] デバッグ:「スタッフ登録ページ
[20-Jul-2020 15:01:22 UTC] デバッグ:「「「「「「「「「「「「「「「「「「「「「「「「「「「「「「「「「「「「「「「「
[20-Jul-2020 15:01:22 UTC] デバッグ:デバッグ
[20-Jul-2020 15:01:22 UTC] PHP Fatal error:  Uncaught Error: Object of class PDOStatement could not be converted to string in /Applications/MAMP/htdocs/php_pro/staff_add_done.php:53
Stack trace:
#0 {main}
  thrown in /Applications/MAMP/htdocs/php_pro/staff_add_done.php on line 53
[20-Jul-2020 15:02:33 UTC] デバッグ:「「「「「「「「「「「「「「「「「「「「「「「「「「「「「「「「「「「「「「「「
[20-Jul-2020 15:02:33 UTC] デバッグ:「スタッフ確認ページ
[20-Jul-2020 15:02:33 UTC] デバッグ:「「「「「「「「「「「「「「「「「「「「「「「「「「「「「「「「「「「「「「「「
[20-Jul-2020 15:02:33 UTC] デバッグ:スタッフ名啓介
[20-Jul-2020 15:02:33 UTC] デバッグ:パスワードkeisuke
[20-Jul-2020 15:02:33 UTC] デバッグ:パスワード再入力keisuke
[20-Jul-2020 15:02:35 UTC] デバッグ:「「「「「「「「「「「「「「「「「「「「「「「「「「「「「「「「「「「「「「「「
[20-Jul-2020 15:02:35 UTC] デバッグ:「スタッフ登録ページ
[20-Jul-2020 15:02:35 UTC] デバッグ:「「「「「「「「「「「「「「「「「「「「「「「「「「「「「「「「「「「「「「「「
[20-Jul-2020 15:02:51 UTC] デバッグ:「「「「「「「「「「「「「「「「「「「「「「「「「「「「「「「「「「「「「「「「
[20-Jul-2020 15:02:51 UTC] デバッグ:「スタッフ登録ページ
[20-Jul-2020 15:02:51 UTC] デバッグ:「「「「「「「「「「「「「「「「「「「「「「「「「「「「「「「「「「「「「「「「
[20-Jul-2020 15:02:51 UTC] デバッグ:デバッグ
[20-Jul-2020 15:05:21 UTC] デバッグ:「「「「「「「「「「「「「「「「「「「「「「「「「「「「「「「「「「「「「「「「
[20-Jul-2020 15:05:21 UTC] デバッグ:「スタッフ確認ページ
[20-Jul-2020 15:05:21 UTC] デバッグ:「「「「「「「「「「「「「「「「「「「「「「「「「「「「「「「「「「「「「「「「
[20-Jul-2020 15:05:21 UTC] デバッグ:スタッフ名啓介
[20-Jul-2020 15:05:21 UTC] デバッグ:パスワードkeisuke
[20-Jul-2020 15:05:21 UTC] デバッグ:パスワード再入力keisuke
[20-Jul-2020 15:05:24 UTC] デバッグ:「「「「「「「「「「「「「「「「「「「「「「「「「「「「「「「「「「「「「「「「
[20-Jul-2020 15:05:24 UTC] デバッグ:「スタッフ登録ページ
[20-Jul-2020 15:05:24 UTC] デバッグ:「「「「「「「「「「「「「「「「「「「「「「「「「「「「「「「「「「「「「「「「
[20-Jul-2020 15:05:24 UTC] デバッグ:デバッグ
[20-Jul-2020 15:11:10 UTC] デバッグ:「「「「「「「「「「「「「「「「「「「「「「「「「「「「「「「「「「「「「「「「
[20-Jul-2020 15:11:10 UTC] デバッグ:「スタッフ登録ページ
[20-Jul-2020 15:11:10 UTC] デバッグ:「「「「「「「「「「「「「「「「「「「「「「「「「「「「「「「「「「「「「「「「
[20-Jul-2020 15:11:10 UTC] デバッグ:デバッグ
[20-Jul-2020 15:12:54 UTC] デバッグ:「「「「「「「「「「「「「「「「「「「「「「「「「「「「「「「「「「「「「「「「
[20-Jul-2020 15:12:54 UTC] デバッグ:「スタッフ登録ページ
[20-Jul-2020 15:12:54 UTC] デバッグ:「「「「「「「「「「「「「「「「「「「「「「「「「「「「「「「「「「「「「「「「
[20-Jul-2020 15:12:54 UTC] デバッグ:デバッグ
[20-Jul-2020 15:12:54 UTC] PHP Fatal error:  Uncaught Error: Object of class PDOStatement could not be converted to string in /Applications/MAMP/htdocs/php_pro/function.php:15
Stack trace:
#0 /Applications/MAMP/htdocs/php_pro/staff_add_done.php(47): debug(Object(PDOStatement))
#1 {main}
  thrown in /Applications/MAMP/htdocs/php_pro/function.php on line 15
[20-Jul-2020 15:13:14 UTC] デバッグ:「「「「「「「「「「「「「「「「「「「「「「「「「「「「「「「「「「「「「「「「
[20-Jul-2020 15:13:14 UTC] デバッグ:「スタッフ登録ページ
[20-Jul-2020 15:13:14 UTC] デバッグ:「「「「「「「「「「「「「「「「「「「「「「「「「「「「「「「「「「「「「「「「
[20-Jul-2020 15:13:14 UTC] デバッグ:デバッグ
[20-Jul-2020 15:13:14 UTC] デバッグ:INSERT INTO mst_staff (name,password) VALUES (:name,:pass)
[20-Jul-2020 15:18:06 UTC] デバッグ:「「「「「「「「「「「「「「「「「「「「「「「「「「「「「「「「「「「「「「「「
[20-Jul-2020 15:18:06 UTC] デバッグ:「スタッフ登録ページ
[20-Jul-2020 15:18:06 UTC] デバッグ:「「「「「「「「「「「「「「「「「「「「「「「「「「「「「「「「「「「「「「「「
[20-Jul-2020 15:18:06 UTC] デバッグ:デバッグ
[20-Jul-2020 15:18:06 UTC] デバッグ:INSERT INTO mst_staff (name,password) VALUES (:u_name,:pass)
[20-Jul-2020 15:20:18 UTC] デバッグ:「「「「「「「「「「「「「「「「「「「「「「「「「「「「「「「「「「「「「「「「
[20-Jul-2020 15:20:18 UTC] デバッグ:「スタッフ登録ページ
[20-Jul-2020 15:20:18 UTC] デバッグ:「「「「「「「「「「「「「「「「「「「「「「「「「「「「「「「「「「「「「「「「
[20-Jul-2020 15:20:18 UTC] デバッグ:デバッグ
[20-Jul-2020 15:20:18 UTC] デバッグ:INSERT INTO mst_staff (name,password) VALUES (:u_name,:pass)
[20-Jul-2020 15:21:46 UTC] デバッグ:「「「「「「「「「「「「「「「「「「「「「「「「「「「「「「「「「「「「「「「「
[20-Jul-2020 15:21:46 UTC] デバッグ:「スタッフ登録ページ
[20-Jul-2020 15:21:46 UTC] デバッグ:「「「「「「「「「「「「「「「「「「「「「「「「「「「「「「「「「「「「「「「「
[20-Jul-2020 15:21:46 UTC] デバッグ:デバッグ
[20-Jul-2020 15:21:46 UTC] デバッグ:INSERT INTO mst_staff (name,password) VALUES (:u_name,:pass)
[20-Jul-2020 15:22:29 UTC] デバッグ:「「「「「「「「「「「「「「「「「「「「「「「「「「「「「「「「「「「「「「「「
[20-Jul-2020 15:22:29 UTC] デバッグ:「スタッフ登録ページ
[20-Jul-2020 15:22:29 UTC] デバッグ:「「「「「「「「「「「「「「「「「「「「「「「「「「「「「「「「「「「「「「「「
[20-Jul-2020 15:22:29 UTC] デバッグ:デバッグ
[20-Jul-2020 15:22:29 UTC] デバッグ:クエリに失敗しました。
[20-Jul-2020 15:22:29 UTC] デバッグ:失敗したSQL：PDOStatement Object
(
    [queryString] => INSERT INTO mst_staff (name,password) VALUES (:u_name,:pass)
)

[20-Jul-2020 15:22:29 UTC] デバッグ:INSERT INTO mst_staff (name,password) VALUES (:u_name,:pass)
[23-Jul-2020 07:50:33 UTC] デバッグ:「「「「「「「「「「「「「「「「「「「「「「「「「「「「「「「「「「「「「「「「
[23-Jul-2020 07:50:33 UTC] デバッグ:「スタッフ登録ページ
[23-Jul-2020 07:50:33 UTC] デバッグ:「「「「「「「「「「「「「「「「「「「「「「「「「「「「「「「「「「「「「「「「
[23-Jul-2020 07:50:33 UTC] デバッグ:デバッグ
[23-Jul-2020 07:50:33 UTC] デバッグ:クエリに失敗しました。
[23-Jul-2020 07:50:33 UTC] デバッグ:失敗したSQL：PDOStatement Object
(
    [queryString] => INSERT INTO mst_staff (name,password) VALUES (:u_name,:pass)
)

[23-Jul-2020 07:50:33 UTC] デバッグ:INSERT INTO mst_staff (name,password) VALUES (:u_name,:pass)
[23-Jul-2020 07:51:02 UTC] デバッグ:「「「「「「「「「「「「「「「「「「「「「「「「「「「「「「「「「「「「「「「「
[23-Jul-2020 07:51:02 UTC] デバッグ:「スタッフ確認ページ
[23-Jul-2020 07:51:02 UTC] デバッグ:「「「「「「「「「「「「「「「「「「「「「「「「「「「「「「「「「「「「「「「「
[23-Jul-2020 07:51:02 UTC] デバッグ:スタッフ名啓介
[23-Jul-2020 07:51:02 UTC] デバッグ:パスワードaaa
[23-Jul-2020 07:51:02 UTC] デバッグ:パスワード再入力aaa
[23-Jul-2020 07:51:05 UTC] デバッグ:「「「「「「「「「「「「「「「「「「「「「「「「「「「「「「「「「「「「「「「「
[23-Jul-2020 07:51:05 UTC] デバッグ:「スタッフ登録ページ
[23-Jul-2020 07:51:05 UTC] デバッグ:「「「「「「「「「「「「「「「「「「「「「「「「「「「「「「「「「「「「「「「「
[23-Jul-2020 07:51:05 UTC] デバッグ:デバッグ
[23-Jul-2020 07:51:05 UTC] デバッグ:クエリに失敗しました。
[23-Jul-2020 07:51:05 UTC] デバッグ:失敗したSQL：PDOStatement Object
(
    [queryString] => INSERT INTO mst_staff (name,password) VALUES (:u_name,:pass)
)

[23-Jul-2020 07:51:05 UTC] デバッグ:INSERT INTO mst_staff (name,password) VALUES (:u_name,:pass)
[23-Jul-2020 07:51:39 UTC] デバッグ:「「「「「「「「「「「「「「「「「「「「「「「「「「「「「「「「「「「「「「「「
[23-Jul-2020 07:51:39 UTC] デバッグ:「スタッフ確認ページ
[23-Jul-2020 07:51:39 UTC] デバッグ:「「「「「「「「「「「「「「「「「「「「「「「「「「「「「「「「「「「「「「「「
[23-Jul-2020 07:51:39 UTC] デバッグ:スタッフ名keisuke
[23-Jul-2020 07:51:39 UTC] デバッグ:パスワードkeisuke
[23-Jul-2020 07:51:39 UTC] デバッグ:パスワード再入力keisuke
[23-Jul-2020 07:52:03 UTC] デバッグ:「「「「「「「「「「「「「「「「「「「「「「「「「「「「「「「「「「「「「「「「
[23-Jul-2020 07:52:03 UTC] デバッグ:「スタッフ登録ページ
[23-Jul-2020 07:52:03 UTC] デバッグ:「「「「「「「「「「「「「「「「「「「「「「「「「「「「「「「「「「「「「「「「
[23-Jul-2020 07:52:03 UTC] デバッグ:デバッグ
[23-Jul-2020 07:52:03 UTC] デバッグ:クエリに失敗しました。
[23-Jul-2020 07:52:03 UTC] デバッグ:失敗したSQL：PDOStatement Object
(
    [queryString] => INSERT INTO mst_staff (name,password) VALUES (:u_name,:pass)
)

[23-Jul-2020 07:52:03 UTC] デバッグ:INSERT INTO mst_staff (name,password) VALUES (:u_name,:pass)
[23-Jul-2020 07:57:53 UTC] デバッグ:「「「「「「「「「「「「「「「「「「「「「「「「「「「「「「「「「「「「「「「「
[23-Jul-2020 07:57:53 UTC] デバッグ:「スタッフ登録ページ
[23-Jul-2020 07:57:53 UTC] デバッグ:「「「「「「「「「「「「「「「「「「「「「「「「「「「「「「「「「「「「「「「「
[23-Jul-2020 07:57:53 UTC] デバッグ:デバッグkeisuke
[23-Jul-2020 07:57:53 UTC] デバッグ:デバッグ$2y$10$wUCBtU4YrWmGRKODVFYep.Y0fWG0EgouQDOVnCrfMijlQPYrlrc0C
[23-Jul-2020 07:57:53 UTC] デバッグ:クエリに失敗しました。
[23-Jul-2020 07:57:53 UTC] デバッグ:失敗したSQL：PDOStatement Object
(
    [queryString] => INSERT INTO mst_staff (name,password) VALUES (:u_name,:pass)
)

[23-Jul-2020 07:57:53 UTC] デバッグ:INSERT INTO mst_staff (name,password) VALUES (:u_name,:pass)
[23-Jul-2020 08:02:04 UTC] デバッグ:「「「「「「「「「「「「「「「「「「「「「「「「「「「「「「「「「「「「「「「「
[23-Jul-2020 08:02:04 UTC] デバッグ:「スタッフ確認ページ
[23-Jul-2020 08:02:04 UTC] デバッグ:「「「「「「「「「「「「「「「「「「「「「「「「「「「「「「「「「「「「「「「「
[23-Jul-2020 08:02:04 UTC] デバッグ:スタッフ名keisuke
[23-Jul-2020 08:02:04 UTC] デバッグ:パスワードaaa
[23-Jul-2020 08:02:04 UTC] デバッグ:パスワード再入力aaa
[23-Jul-2020 08:02:10 UTC] デバッグ:「「「「「「「「「「「「「「「「「「「「「「「「「「「「「「「「「「「「「「「「
[23-Jul-2020 08:02:10 UTC] デバッグ:「スタッフ登録ページ
[23-Jul-2020 08:02:10 UTC] デバッグ:「「「「「「「「「「「「「「「「「「「「「「「「「「「「「「「「「「「「「「「「
[23-Jul-2020 08:02:10 UTC] デバッグ:デバッグkeisuke
[23-Jul-2020 08:02:10 UTC] デバッグ:デバッグ47bce5c74f589f4867dbd57e9ca9f808
[23-Jul-2020 08:02:10 UTC] デバッグ:クエリ成功。
[23-Jul-2020 08:02:10 UTC] デバッグ:INSERT INTO mst_staff (name,password) VALUES (:u_name,:pass)
[23-Jul-2020 08:03:39 UTC] デバッグ:「「「「「「「「「「「「「「「「「「「「「「「「「「「「「「「「「「「「「「「「
[23-Jul-2020 08:03:39 UTC] デバッグ:「スタッフ確認ページ
[23-Jul-2020 08:03:39 UTC] デバッグ:「「「「「「「「「「「「「「「「「「「「「「「「「「「「「「「「「「「「「「「「
[23-Jul-2020 08:03:39 UTC] デバッグ:スタッフ名zawa
[23-Jul-2020 08:03:39 UTC] デバッグ:パスワードaaa
[23-Jul-2020 08:03:39 UTC] デバッグ:パスワード再入力aaa
[23-Jul-2020 08:03:42 UTC] デバッグ:「「「「「「「「「「「「「「「「「「「「「「「「「「「「「「「「「「「「「「「「
[23-Jul-2020 08:03:42 UTC] デバッグ:「スタッフ登録ページ
[23-Jul-2020 08:03:42 UTC] デバッグ:「「「「「「「「「「「「「「「「「「「「「「「「「「「「「「「「「「「「「「「「
[23-Jul-2020 08:03:42 UTC] デバッグ:デバッグzawa
[23-Jul-2020 08:03:42 UTC] デバッグ:デバッグ$2y$10$6QVc7/Z/hsWSBVeiXLyRa.23VlGt8D/7b4x91QrHGyArnPhJYZOda
[23-Jul-2020 08:03:42 UTC] デバッグ:クエリ成功。
[23-Jul-2020 08:03:42 UTC] デバッグ:INSERT INTO mst_staff (name,password) VALUES (:u_name,:pass)
[23-Jul-2020 08:25:48 UTC] デバッグ:「「「「「「「「「「「「「「「「「「「「「「「「「「「「「「「「「「「「「「「「
[23-Jul-2020 08:25:48 UTC] デバッグ:「スタッフ確認ページ
[23-Jul-2020 08:25:48 UTC] デバッグ:「「「「「「「「「「「「「「「「「「「「「「「「「「「「「「「「「「「「「「「「
[23-Jul-2020 08:25:48 UTC] デバッグ:スタッフ名kkk
[23-Jul-2020 08:25:48 UTC] デバッグ:パスワードkkk
[23-Jul-2020 08:25:48 UTC] デバッグ:パスワード再入力kkk
[23-Jul-2020 08:25:57 UTC] デバッグ:「「「「「「「「「「「「「「「「「「「「「「「「「「「「「「「「「「「「「「「「
[23-Jul-2020 08:25:57 UTC] デバッグ:「スタッフ登録ページ
[23-Jul-2020 08:25:57 UTC] デバッグ:「「「「「「「「「「「「「「「「「「「「「「「「「「「「「「「「「「「「「「「「
[23-Jul-2020 08:25:57 UTC] デバッグ:デバッグkkk
[23-Jul-2020 08:25:57 UTC] デバッグ:デバッグ$2y$10$oHObABuybl9Zb1M60mQgBO.yjmlsrUeTtkLzxhBCj2s/Ri2Eh20G.
[23-Jul-2020 08:25:57 UTC] デバッグ:クエリ成功。
[23-Jul-2020 08:25:57 UTC] デバッグ:INSERT INTO mst_staff (name,password) VALUES (:u_name,:pass)
[23-Jul-2020 08:26:27 UTC] デバッグ:「「「「「「「「「「「「「「「「「「「「「「「「「「「「「「「「「「「「「「「「
[23-Jul-2020 08:26:27 UTC] デバッグ:「スタッフ確認ページ
[23-Jul-2020 08:26:27 UTC] デバッグ:「「「「「「「「「「「「「「「「「「「「「「「「「「「「「「「「「「「「「「「「
[23-Jul-2020 08:26:27 UTC] デバッグ:スタッフ名sss
[23-Jul-2020 08:26:27 UTC] デバッグ:パスワードsss
[23-Jul-2020 08:26:27 UTC] デバッグ:パスワード再入力sss
[23-Jul-2020 08:26:33 UTC] デバッグ:「「「「「「「「「「「「「「「「「「「「「「「「「「「「「「「「「「「「「「「「
[23-Jul-2020 08:26:33 UTC] デバッグ:「スタッフ登録ページ
[23-Jul-2020 08:26:33 UTC] デバッグ:「「「「「「「「「「「「「「「「「「「「「「「「「「「「「「「「「「「「「「「「
[23-Jul-2020 08:26:33 UTC] デバッグ:デバッグsss
[23-Jul-2020 08:26:33 UTC] デバッグ:デバッグ$2y$10$HDyVPWLqcfg07AJLh6YKV.AIwgANd5wDvQOn4F2l03EhtfMQ7KKMC
[23-Jul-2020 08:26:33 UTC] デバッグ:クエリ成功。
[23-Jul-2020 08:26:33 UTC] デバッグ:INSERT INTO mst_staff (name,password) VALUES (:u_name,:pass)
[23-Jul-2020 08:51:41 UTC] デバッグ:「「「「「「「「「「「「「「「「「「「「「「「「「「「「「「「「「「「「「「「「
[23-Jul-2020 08:51:41 UTC] デバッグ:「スタッフ登録ページ
[23-Jul-2020 08:51:41 UTC] デバッグ:「「「「「「「「「「「「「「「「「「「「「「「「「「「「「「「「「「「「「「「「
[23-Jul-2020 08:51:41 UTC] デバッグ:デバッグsss
[23-Jul-2020 08:51:41 UTC] デバッグ:デバッグ$2y$10$HDyVPWLqcfg07AJLh6YKV.AIwgANd5wDvQOn4F2l03EhtfMQ7KKMC
[23-Jul-2020 08:51:41 UTC] デバッグ:クエリ成功。
[23-Jul-2020 08:51:41 UTC] デバッグ:INSERT INTO mst_staff (name,password) VALUES (:u_name,:pass)
[23-Jul-2020 09:18:58 UTC] PHP Fatal error:  Uncaught Error: Object of class PDOStatement could not be converted to string in /Applications/MAMP/htdocs/php_pro/function.php:15
Stack trace:
#0 /Applications/MAMP/htdocs/php_pro/staff_list.php(17): debug(Object(PDOStatement))
#1 {main}
  thrown in /Applications/MAMP/htdocs/php_pro/function.php on line 15
[23-Jul-2020 09:19:28 UTC] PHP Fatal error:  Uncaught Error: Object of class PDOStatement could not be converted to string in /Applications/MAMP/htdocs/php_pro/staff_list.php:17
Stack trace:
#0 {main}
  thrown in /Applications/MAMP/htdocs/php_pro/staff_list.php on line 17
[23-Jul-2020 09:34:30 UTC] PHP Notice:  Undefined index: code in /Applications/MAMP/htdocs/php_pro/staff_list.php on line 23
[23-Jul-2020 09:34:30 UTC] PHP Notice:  Undefined index: code in /Applications/MAMP/htdocs/php_pro/staff_list.php on line 23
[23-Jul-2020 09:34:30 UTC] PHP Notice:  Undefined index: code in /Applications/MAMP/htdocs/php_pro/staff_list.php on line 23
[23-Jul-2020 09:34:30 UTC] PHP Notice:  Undefined index: code in /Applications/MAMP/htdocs/php_pro/staff_list.php on line 23
[23-Jul-2020 09:34:30 UTC] PHP Notice:  Undefined index: code in /Applications/MAMP/htdocs/php_pro/staff_list.php on line 23
[23-Jul-2020 09:34:30 UTC] PHP Notice:  Undefined index: code in /Applications/MAMP/htdocs/php_pro/staff_list.php on line 23
[23-Jul-2020 09:34:30 UTC] PHP Notice:  Undefined index: code in /Applications/MAMP/htdocs/php_pro/staff_list.php on line 23
[23-Jul-2020 09:34:30 UTC] PHP Notice:  Undefined index: code in /Applications/MAMP/htdocs/php_pro/staff_list.php on line 23
[23-Jul-2020 09:34:30 UTC] PHP Notice:  Undefined index: code in /Applications/MAMP/htdocs/php_pro/staff_list.php on line 23
[23-Jul-2020 09:37:30 UTC] PHP Notice:  Undefined index: code in /Applications/MAMP/htdocs/php_pro/staff_list.php on line 23
[23-Jul-2020 09:37:30 UTC] PHP Notice:  Undefined index: code in /Applications/MAMP/htdocs/php_pro/staff_list.php on line 23
[23-Jul-2020 09:37:30 UTC] PHP Notice:  Undefined index: code in /Applications/MAMP/htdocs/php_pro/staff_list.php on line 23
[23-Jul-2020 09:37:30 UTC] PHP Notice:  Undefined index: code in /Applications/MAMP/htdocs/php_pro/staff_list.php on line 23
[23-Jul-2020 09:37:30 UTC] PHP Notice:  Undefined index: code in /Applications/MAMP/htdocs/php_pro/staff_list.php on line 23
[23-Jul-2020 09:37:30 UTC] PHP Notice:  Undefined index: code in /Applications/MAMP/htdocs/php_pro/staff_list.php on line 23
[23-Jul-2020 09:37:30 UTC] PHP Notice:  Undefined index: code in /Applications/MAMP/htdocs/php_pro/staff_list.php on line 23
[23-Jul-2020 09:37:30 UTC] PHP Notice:  Undefined index: code in /Applications/MAMP/htdocs/php_pro/staff_list.php on line 23
[23-Jul-2020 09:37:30 UTC] PHP Notice:  Undefined index: code in /Applications/MAMP/htdocs/php_pro/staff_list.php on line 23
[23-Jul-2020 09:42:39 UTC] PHP Notice:  Array to string conversion in /Applications/MAMP/htdocs/php_pro/staff_list.php on line 20
[23-Jul-2020 09:42:39 UTC] デバッグ:デバッグ:Array
[23-Jul-2020 09:42:39 UTC] PHP Notice:  Array to string conversion in /Applications/MAMP/htdocs/php_pro/staff_list.php on line 20
[23-Jul-2020 09:42:39 UTC] デバッグ:デバッグ:Array
[23-Jul-2020 09:42:39 UTC] PHP Notice:  Array to string conversion in /Applications/MAMP/htdocs/php_pro/staff_list.php on line 20
[23-Jul-2020 09:42:39 UTC] デバッグ:デバッグ:Array
[23-Jul-2020 09:42:39 UTC] PHP Notice:  Array to string conversion in /Applications/MAMP/htdocs/php_pro/staff_list.php on line 20
[23-Jul-2020 09:42:39 UTC] デバッグ:デバッグ:Array
[23-Jul-2020 09:42:39 UTC] PHP Notice:  Array to string conversion in /Applications/MAMP/htdocs/php_pro/staff_list.php on line 20
[23-Jul-2020 09:42:39 UTC] デバッグ:デバッグ:Array
[23-Jul-2020 09:42:39 UTC] PHP Notice:  Array to string conversion in /Applications/MAMP/htdocs/php_pro/staff_list.php on line 20
[23-Jul-2020 09:42:39 UTC] デバッグ:デバッグ:Array
[23-Jul-2020 09:42:39 UTC] PHP Notice:  Array to string conversion in /Applications/MAMP/htdocs/php_pro/staff_list.php on line 20
[23-Jul-2020 09:42:39 UTC] デバッグ:デバッグ:Array
[23-Jul-2020 09:42:39 UTC] PHP Notice:  Array to string conversion in /Applications/MAMP/htdocs/php_pro/staff_list.php on line 20
[23-Jul-2020 09:42:39 UTC] デバッグ:デバッグ:Array
[23-Jul-2020 09:42:39 UTC] PHP Notice:  Array to string conversion in /Applications/MAMP/htdocs/php_pro/staff_list.php on line 20
[23-Jul-2020 09:42:39 UTC] デバッグ:デバッグ:Array
[23-Jul-2020 09:42:39 UTC] デバッグ:デバッグ:
[23-Jul-2020 09:43:02 UTC] デバッグ:デバッグ:ろくまる
[23-Jul-2020 09:43:02 UTC] デバッグ:デバッグ:啓介
[23-Jul-2020 09:43:02 UTC] デバッグ:デバッグ:keisuke
[23-Jul-2020 09:43:02 UTC] デバッグ:デバッグ:zawa
[23-Jul-2020 09:43:02 UTC] デバッグ:デバッグ:kkk
[23-Jul-2020 09:43:02 UTC] デバッグ:デバッグ:kkk
[23-Jul-2020 09:43:02 UTC] デバッグ:デバッグ:sss
[23-Jul-2020 09:43:02 UTC] デバッグ:デバッグ:sss
[23-Jul-2020 09:43:02 UTC] デバッグ:デバッグ:sss
[23-Jul-2020 09:43:02 UTC] PHP Notice:  Trying to access array offset on value of type bool in /Applications/MAMP/htdocs/php_pro/staff_list.php on line 20
[23-Jul-2020 09:43:02 UTC] デバッグ:デバッグ:
[23-Jul-2020 09:43:23 UTC] デバッグ:デバッグ:1
[23-Jul-2020 09:43:23 UTC] デバッグ:デバッグ:5
[23-Jul-2020 09:43:23 UTC] デバッグ:デバッグ:6
[23-Jul-2020 09:43:23 UTC] デバッグ:デバッグ:7
[23-Jul-2020 09:43:23 UTC] デバッグ:デバッグ:8
[23-Jul-2020 09:43:23 UTC] デバッグ:デバッグ:9
[23-Jul-2020 09:43:23 UTC] デバッグ:デバッグ:10
[23-Jul-2020 09:43:23 UTC] デバッグ:デバッグ:11
[23-Jul-2020 09:43:23 UTC] デバッグ:デバッグ:12
[23-Jul-2020 09:43:23 UTC] PHP Notice:  Trying to access array offset on value of type bool in /Applications/MAMP/htdocs/php_pro/staff_list.php on line 20
[23-Jul-2020 09:43:23 UTC] デバッグ:デバッグ:
[23-Jul-2020 09:43:54 UTC] デバッグ:デバッグ:
[23-Jul-2020 09:44:03 UTC] デバッグ:デバッグ:
[23-Jul-2020 09:44:20 UTC] デバッグ:$rec
[23-Jul-2020 09:44:31 UTC] デバッグ:$rec
[23-Jul-2020 10:13:21 UTC] PHP Notice:  Trying to access array offset on value of type bool in /Applications/MAMP/htdocs/php_pro/staff_edit.php on line 25
[23-Jul-2020 10:16:54 UTC] PHP Notice:  Trying to access array offset on value of type bool in /Applications/MAMP/htdocs/php_pro/staff_edit.php on line 25
[23-Jul-2020 10:19:12 UTC] PHP Warning:  PDOStatement::execute() expects parameter 1 to be array, string given in /Applications/MAMP/htdocs/php_pro/staff_edit.php on line 23
[23-Jul-2020 10:19:12 UTC] PHP Notice:  Trying to access array offset on value of type bool in /Applications/MAMP/htdocs/php_pro/staff_edit.php on line 26
