[20-Jul-2020 12:43:23 UTC] デバッグ:「「「「「「「「「「「「「「「「「「「「「「「「「「「「「「「「「「「「「「「「
[20-Jul-2020 12:43:23 UTC] デバッグ:「スタッフ追加ページ
[20-Jul-2020 12:43:23 UTC] デバッグ:「「「「「「「「「「「「「「「「「「「「「「「「「「「「「「「「「「「「「「「「
[20-Jul-2020 12:43:41 UTC] デバッグ:「「「「「「「「「「「「「「「「「「「「「「「「「「「「「「「「「「「「「「「「
[20-Jul-2020 12:43:41 UTC] デバッグ:「スタッフ確認ページ
[20-Jul-2020 12:43:41 UTC] デバッグ:「「「「「「「「「「「「「「「「「「「「「「「「「「「「「「「「「「「「「「「「
[20-Jul-2020 12:44:16 UTC] デバッグ:「「「「「「「「「「「「「「「「「「「「「「「「「「「「「「「「「「「「「「「「
[20-Jul-2020 12:44:16 UTC] デバッグ:「スタッフ確認ページ
[20-Jul-2020 12:44:16 UTC] デバッグ:「「「「「「「「「「「「「「「「「「「「「「「「「「「「「「「「「「「「「「「「
[20-Jul-2020 12:44:16 UTC] デバッグ:啓介
[20-Jul-2020 12:44:57 UTC] デバッグ:「「「「「「「「「「「「「「「「「「「「「「「「「「「「「「「「「「「「「「「「
[20-Jul-2020 12:44:57 UTC] デバッグ:「スタッフ確認ページ
[20-Jul-2020 12:44:57 UTC] デバッグ:「「「「「「「「「「「「「「「「「「「「「「「「「「「「「「「「「「「「「「「「
[20-Jul-2020 12:44:57 UTC] デバッグ:スタッフ名啓介
[20-Jul-2020 12:44:57 UTC] デバッグ:パスワードkeisuke
[20-Jul-2020 12:45:28 UTC] デバッグ:「「「「「「「「「「「「「「「「「「「「「「「「「「「「「「「「「「「「「「「「
[20-Jul-2020 12:45:28 UTC] デバッグ:「スタッフ確認ページ
[20-Jul-2020 12:45:28 UTC] デバッグ:「「「「「「「「「「「「「「「「「「「「「「「「「「「「「「「「「「「「「「「「
[20-Jul-2020 12:45:28 UTC] デバッグ:スタッフ名啓介
[20-Jul-2020 12:45:28 UTC] デバッグ:パスワードkeisuke
[20-Jul-2020 12:45:28 UTC] デバッグ:パスワード再入力keisuke
[20-Jul-2020 12:50:21 UTC] デバッグ:「「「「「「「「「「「「「「「「「「「「「「「「「「「「「「「「「「「「「「「「
[20-Jul-2020 12:50:21 UTC] デバッグ:「スタッフ追加ページ
[20-Jul-2020 12:50:21 UTC] デバッグ:「「「「「「「「「「「「「「「「「「「「「「「「「「「「「「「「「「「「「「「「
[20-Jul-2020 12:50:23 UTC] デバッグ:「「「「「「「「「「「「「「「「「「「「「「「「「「「「「「「「「「「「「「「「
[20-Jul-2020 12:50:23 UTC] デバッグ:「スタッフ確認ページ
[20-Jul-2020 12:50:23 UTC] デバッグ:「「「「「「「「「「「「「「「「「「「「「「「「「「「「「「「「「「「「「「「「
[20-Jul-2020 12:50:23 UTC] デバッグ:スタッフ名
[20-Jul-2020 12:50:23 UTC] デバッグ:パスワード
[20-Jul-2020 12:50:23 UTC] デバッグ:パスワード再入力
[20-Jul-2020 12:50:44 UTC] デバッグ:「「「「「「「「「「「「「「「「「「「「「「「「「「「「「「「「「「「「「「「「
[20-Jul-2020 12:50:44 UTC] デバッグ:「スタッフ確認ページ
[20-Jul-2020 12:50:44 UTC] デバッグ:「「「「「「「「「「「「「「「「「「「「「「「「「「「「「「「「「「「「「「「「
[20-Jul-2020 12:50:44 UTC] デバッグ:スタッフ名
[20-Jul-2020 12:50:44 UTC] デバッグ:パスワード
[20-Jul-2020 12:50:44 UTC] デバッグ:パスワード再入力
[20-Jul-2020 12:51:13 UTC] デバッグ:「「「「「「「「「「「「「「「「「「「「「「「「「「「「「「「「「「「「「「「「
[20-Jul-2020 12:51:13 UTC] デバッグ:「スタッフ確認ページ
[20-Jul-2020 12:51:13 UTC] デバッグ:「「「「「「「「「「「「「「「「「「「「「「「「「「「「「「「「「「「「「「「「
[20-Jul-2020 12:51:13 UTC] デバッグ:スタッフ名
[20-Jul-2020 12:51:13 UTC] デバッグ:パスワード
[20-Jul-2020 12:51:13 UTC] デバッグ:パスワード再入力
[20-Jul-2020 12:52:04 UTC] デバッグ:「「「「「「「「「「「「「「「「「「「「「「「「「「「「「「「「「「「「「「「「
[20-Jul-2020 12:52:04 UTC] デバッグ:「スタッフ確認ページ
[20-Jul-2020 12:52:04 UTC] デバッグ:「「「「「「「「「「「「「「「「「「「「「「「「「「「「「「「「「「「「「「「「
[20-Jul-2020 12:52:04 UTC] デバッグ:スタッフ名啓介
[20-Jul-2020 12:52:04 UTC] デバッグ:パスワードkeisuke
[20-Jul-2020 12:52:04 UTC] デバッグ:パスワード再入力keisuke
[20-Jul-2020 12:55:40 UTC] デバッグ:「「「「「「「「「「「「「「「「「「「「「「「「「「「「「「「「「「「「「「「「
[20-Jul-2020 12:55:40 UTC] デバッグ:「スタッフ追加ページ
[20-Jul-2020 12:55:40 UTC] デバッグ:「「「「「「「「「「「「「「「「「「「「「「「「「「「「「「「「「「「「「「「「
[20-Jul-2020 12:55:42 UTC] デバッグ:「「「「「「「「「「「「「「「「「「「「「「「「「「「「「「「「「「「「「「「「
[20-Jul-2020 12:55:42 UTC] デバッグ:「スタッフ確認ページ
[20-Jul-2020 12:55:42 UTC] デバッグ:「「「「「「「「「「「「「「「「「「「「「「「「「「「「「「「「「「「「「「「「
[20-Jul-2020 12:55:42 UTC] デバッグ:スタッフ名
[20-Jul-2020 12:55:42 UTC] デバッグ:パスワード
[20-Jul-2020 12:55:42 UTC] デバッグ:パスワード再入力
[20-Jul-2020 12:56:10 UTC] デバッグ:「「「「「「「「「「「「「「「「「「「「「「「「「「「「「「「「「「「「「「「「
[20-Jul-2020 12:56:10 UTC] デバッグ:「スタッフ確認ページ
[20-Jul-2020 12:56:10 UTC] デバッグ:「「「「「「「「「「「「「「「「「「「「「「「「「「「「「「「「「「「「「「「「
[20-Jul-2020 12:56:10 UTC] デバッグ:スタッフ名
[20-Jul-2020 12:56:10 UTC] デバッグ:パスワード
[20-Jul-2020 12:56:10 UTC] デバッグ:パスワード再入力
[20-Jul-2020 12:56:23 UTC] デバッグ:「「「「「「「「「「「「「「「「「「「「「「「「「「「「「「「「「「「「「「「「
[20-Jul-2020 12:56:23 UTC] デバッグ:「スタッフ確認ページ
[20-Jul-2020 12:56:23 UTC] デバッグ:「「「「「「「「「「「「「「「「「「「「「「「「「「「「「「「「「「「「「「「「
[20-Jul-2020 12:56:23 UTC] デバッグ:スタッフ名啓介
[20-Jul-2020 12:56:23 UTC] デバッグ:パスワードpassword
[20-Jul-2020 12:56:23 UTC] デバッグ:パスワード再入力password
[20-Jul-2020 12:56:32 UTC] デバッグ:「「「「「「「「「「「「「「「「「「「「「「「「「「「「「「「「「「「「「「「「
[20-Jul-2020 12:56:32 UTC] デバッグ:「スタッフ追加ページ
[20-Jul-2020 12:56:32 UTC] デバッグ:「「「「「「「「「「「「「「「「「「「「「「「「「「「「「「「「「「「「「「「「
[20-Jul-2020 13:49:18 UTC] デバッグ:「「「「「「「「「「「「「「「「「「「「「「「「「「「「「「「「「「「「「「「「
[20-Jul-2020 13:49:18 UTC] デバッグ:「スタッフ確認ページ
[20-Jul-2020 13:49:18 UTC] デバッグ:「「「「「「「「「「「「「「「「「「「「「「「「「「「「「「「「「「「「「「「「
[20-Jul-2020 13:49:18 UTC] デバッグ:スタッフ名啓介
[20-Jul-2020 13:49:18 UTC] デバッグ:パスワードkeisuke
[20-Jul-2020 13:49:18 UTC] デバッグ:パスワード再入力keisuke
[20-Jul-2020 13:53:40 UTC] デバッグ:「「「「「「「「「「「「「「「「「「「「「「「「「「「「「「「「「「「「「「「「
[20-Jul-2020 13:53:40 UTC] デバッグ:「スタッフ登録ページ
[20-Jul-2020 13:53:40 UTC] デバッグ:「「「「「「「「「「「「「「「「「「「「「「「「「「「「「「「「「「「「「「「「
[20-Jul-2020 13:56:12 UTC] デバッグ:「「「「「「「「「「「「「「「「「「「「「「「「「「「「「「「「「「「「「「「「
[20-Jul-2020 13:56:12 UTC] デバッグ:「スタッフ確認ページ
[20-Jul-2020 13:56:12 UTC] デバッグ:「「「「「「「「「「「「「「「「「「「「「「「「「「「「「「「「「「「「「「「「
[20-Jul-2020 13:56:12 UTC] デバッグ:スタッフ名啓介
[20-Jul-2020 13:56:12 UTC] デバッグ:パスワード
[20-Jul-2020 13:56:12 UTC] デバッグ:パスワード再入力
[20-Jul-2020 13:56:19 UTC] デバッグ:「「「「「「「「「「「「「「「「「「「「「「「「「「「「「「「「「「「「「「「「
[20-Jul-2020 13:56:19 UTC] デバッグ:「スタッフ確認ページ
[20-Jul-2020 13:56:19 UTC] デバッグ:「「「「「「「「「「「「「「「「「「「「「「「「「「「「「「「「「「「「「「「「
[20-Jul-2020 13:56:19 UTC] デバッグ:スタッフ名啓介
[20-Jul-2020 13:56:19 UTC] デバッグ:パスワードkeisuke
[20-Jul-2020 13:56:19 UTC] デバッグ:パスワード再入力keisuke
[20-Jul-2020 13:56:22 UTC] デバッグ:「「「「「「「「「「「「「「「「「「「「「「「「「「「「「「「「「「「「「「「「
[20-Jul-2020 13:56:22 UTC] デバッグ:「スタッフ登録ページ
[20-Jul-2020 13:56:22 UTC] デバッグ:「「「「「「「「「「「「「「「「「「「「「「「「「「「「「「「「「「「「「「「「
[20-Jul-2020 13:58:16 UTC] デバッグ:「「「「「「「「「「「「「「「「「「「「「「「「「「「「「「「「「「「「「「「「
[20-Jul-2020 13:58:16 UTC] デバッグ:「スタッフ登録ページ
[20-Jul-2020 13:58:16 UTC] デバッグ:「「「「「「「「「「「「「「「「「「「「「「「「「「「「「「「「「「「「「「「「
[20-Jul-2020 13:58:21 UTC] デバッグ:「「「「「「「「「「「「「「「「「「「「「「「「「「「「「「「「「「「「「「「「
[20-Jul-2020 13:58:21 UTC] デバッグ:「スタッフ確認ページ
[20-Jul-2020 13:58:21 UTC] デバッグ:「「「「「「「「「「「「「「「「「「「「「「「「「「「「「「「「「「「「「「「「
[20-Jul-2020 13:58:21 UTC] デバッグ:スタッフ名啓介
[20-Jul-2020 13:58:21 UTC] デバッグ:パスワードkeisuke
[20-Jul-2020 13:58:21 UTC] デバッグ:パスワード再入力keisuke
[20-Jul-2020 13:58:23 UTC] デバッグ:「「「「「「「「「「「「「「「「「「「「「「「「「「「「「「「「「「「「「「「「
[20-Jul-2020 13:58:23 UTC] デバッグ:「スタッフ登録ページ
[20-Jul-2020 13:58:23 UTC] デバッグ:「「「「「「「「「「「「「「「「「「「「「「「「「「「「「「「「「「「「「「「「
[20-Jul-2020 13:58:48 UTC] デバッグ:「「「「「「「「「「「「「「「「「「「「「「「「「「「「「「「「「「「「「「「「
[20-Jul-2020 13:58:48 UTC] デバッグ:「スタッフ確認ページ
[20-Jul-2020 13:58:48 UTC] デバッグ:「「「「「「「「「「「「「「「「「「「「「「「「「「「「「「「「「「「「「「「「
[20-Jul-2020 13:58:48 UTC] デバッグ:スタッフ名啓介
[20-Jul-2020 13:58:48 UTC] デバッグ:パスワードkeisuke
[20-Jul-2020 13:58:48 UTC] デバッグ:パスワード再入力keisuke
[20-Jul-2020 13:58:49 UTC] デバッグ:「「「「「「「「「「「「「「「「「「「「「「「「「「「「「「「「「「「「「「「「
[20-Jul-2020 13:58:49 UTC] デバッグ:「スタッフ登録ページ
[20-Jul-2020 13:58:49 UTC] デバッグ:「「「「「「「「「「「「「「「「「「「「「「「「「「「「「「「「「「「「「「「「
[20-Jul-2020 13:58:49 UTC] デバッグ:'.$staff_pass.'
[20-Jul-2020 13:59:16 UTC] デバッグ:「「「「「「「「「「「「「「「「「「「「「「「「「「「「「「「「「「「「「「「「
[20-Jul-2020 13:59:16 UTC] デバッグ:「スタッフ確認ページ
[20-Jul-2020 13:59:16 UTC] デバッグ:「「「「「「「「「「「「「「「「「「「「「「「「「「「「「「「「「「「「「「「「
[20-Jul-2020 13:59:16 UTC] デバッグ:スタッフ名啓介
[20-Jul-2020 13:59:16 UTC] デバッグ:パスワードkeisuke
[20-Jul-2020 13:59:16 UTC] デバッグ:パスワード再入力keisuke
[20-Jul-2020 14:01:11 UTC] デバッグ:「「「「「「「「「「「「「「「「「「「「「「「「「「「「「「「「「「「「「「「「
[20-Jul-2020 14:01:11 UTC] デバッグ:「スタッフ確認ページ
[20-Jul-2020 14:01:11 UTC] デバッグ:「「「「「「「「「「「「「「「「「「「「「「「「「「「「「「「「「「「「「「「「
[20-Jul-2020 14:01:11 UTC] デバッグ:スタッフ名啓介
[20-Jul-2020 14:01:11 UTC] デバッグ:パスワードkeisuke
[20-Jul-2020 14:01:11 UTC] デバッグ:パスワード再入力keisuke
[20-Jul-2020 14:01:15 UTC] デバッグ:「「「「「「「「「「「「「「「「「「「「「「「「「「「「「「「「「「「「「「「「
[20-Jul-2020 14:01:15 UTC] デバッグ:「スタッフ登録ページ
[20-Jul-2020 14:01:15 UTC] デバッグ:「「「「「「「「「「「「「「「「「「「「「「「「「「「「「「「「「「「「「「「「
[20-Jul-2020 14:01:15 UTC] デバッグ:
[20-Jul-2020 14:01:49 UTC] デバッグ:「「「「「「「「「「「「「「「「「「「「「「「「「「「「「「「「「「「「「「「「
[20-Jul-2020 14:01:49 UTC] デバッグ:「スタッフ確認ページ
[20-Jul-2020 14:01:49 UTC] デバッグ:「「「「「「「「「「「「「「「「「「「「「「「「「「「「「「「「「「「「「「「「
[20-Jul-2020 14:01:49 UTC] デバッグ:スタッフ名啓介
[20-Jul-2020 14:01:49 UTC] デバッグ:パスワードkeisuke
[20-Jul-2020 14:01:49 UTC] デバッグ:パスワード再入力keisuke
[20-Jul-2020 14:01:54 UTC] デバッグ:「「「「「「「「「「「「「「「「「「「「「「「「「「「「「「「「「「「「「「「「
[20-Jul-2020 14:01:54 UTC] デバッグ:「スタッフ登録ページ
[20-Jul-2020 14:01:54 UTC] デバッグ:「「「「「「「「「「「「「「「「「「「「「「「「「「「「「「「「「「「「「「「「
[20-Jul-2020 14:01:54 UTC] デバッグ:
[20-Jul-2020 14:04:07 UTC] デバッグ:「「「「「「「「「「「「「「「「「「「「「「「「「「「「「「「「「「「「「「「「
[20-Jul-2020 14:04:07 UTC] デバッグ:「スタッフ確認ページ
[20-Jul-2020 14:04:07 UTC] デバッグ:「「「「「「「「「「「「「「「「「「「「「「「「「「「「「「「「「「「「「「「「
[20-Jul-2020 14:04:07 UTC] デバッグ:スタッフ名啓介
[20-Jul-2020 14:04:07 UTC] デバッグ:パスワードkeisuke
[20-Jul-2020 14:04:07 UTC] デバッグ:パスワード再入力keisuke
[20-Jul-2020 14:04:52 UTC] デバッグ:「「「「「「「「「「「「「「「「「「「「「「「「「「「「「「「「「「「「「「「「
[20-Jul-2020 14:04:52 UTC] デバッグ:「スタッフ登録ページ
[20-Jul-2020 14:04:52 UTC] デバッグ:「「「「「「「「「「「「「「「「「「「「「「「「「「「「「「「「「「「「「「「「
[20-Jul-2020 14:04:52 UTC] デバッグ:
[20-Jul-2020 14:04:52 UTC] デバッグ:
[20-Jul-2020 14:05:06 UTC] デバッグ:「「「「「「「「「「「「「「「「「「「「「「「「「「「「「「「「「「「「「「「「
[20-Jul-2020 14:05:06 UTC] デバッグ:「スタッフ確認ページ
[20-Jul-2020 14:05:06 UTC] デバッグ:「「「「「「「「「「「「「「「「「「「「「「「「「「「「「「「「「「「「「「「「
[20-Jul-2020 14:05:06 UTC] デバッグ:スタッフ名啓介
[20-Jul-2020 14:05:06 UTC] デバッグ:パスワードkeisuke
[20-Jul-2020 14:05:06 UTC] デバッグ:パスワード再入力keisuke
[20-Jul-2020 14:05:09 UTC] デバッグ:「「「「「「「「「「「「「「「「「「「「「「「「「「「「「「「「「「「「「「「「
[20-Jul-2020 14:05:09 UTC] デバッグ:「スタッフ登録ページ
[20-Jul-2020 14:05:09 UTC] デバッグ:「「「「「「「「「「「「「「「「「「「「「「「「「「「「「「「「「「「「「「「「
[20-Jul-2020 14:05:09 UTC] デバッグ:啓介
[20-Jul-2020 14:05:09 UTC] デバッグ:$2y$10$UIOw2H0aIJ8bvHsj4UK91.mnxJ0QkPXlrxhXjGCJ6g8vIKtNpyQw.
[20-Jul-2020 14:05:51 UTC] デバッグ:「「「「「「「「「「「「「「「「「「「「「「「「「「「「「「「「「「「「「「「「
[20-Jul-2020 14:05:51 UTC] デバッグ:「スタッフ登録ページ
[20-Jul-2020 14:05:51 UTC] デバッグ:「「「「「「「「「「「「「「「「「「「「「「「「「「「「「「「「「「「「「「「「
[20-Jul-2020 14:05:51 UTC] デバッグ:啓介
[20-Jul-2020 14:05:51 UTC] デバッグ:$2y$10$UIOw2H0aIJ8bvHsj4UK91.mnxJ0QkPXlrxhXjGCJ6g8vIKtNpyQw.
[20-Jul-2020 14:08:27 UTC] デバッグ:「「「「「「「「「「「「「「「「「「「「「「「「「「「「「「「「「「「「「「「「
[20-Jul-2020 14:08:27 UTC] デバッグ:「スタッフ登録ページ
[20-Jul-2020 14:08:27 UTC] デバッグ:「「「「「「「「「「「「「「「「「「「「「「「「「「「「「「「「「「「「「「「「
[20-Jul-2020 14:08:27 UTC] デバッグ:啓介
[20-Jul-2020 14:08:27 UTC] デバッグ:$2y$10$UIOw2H0aIJ8bvHsj4UK91.mnxJ0QkPXlrxhXjGCJ6g8vIKtNpyQw.
[20-Jul-2020 14:08:44 UTC] デバッグ:「「「「「「「「「「「「「「「「「「「「「「「「「「「「「「「「「「「「「「「「
[20-Jul-2020 14:08:44 UTC] デバッグ:「スタッフ確認ページ
[20-Jul-2020 14:08:44 UTC] デバッグ:「「「「「「「「「「「「「「「「「「「「「「「「「「「「「「「「「「「「「「「「
[20-Jul-2020 14:08:44 UTC] デバッグ:スタッフ名啓介
[20-Jul-2020 14:08:44 UTC] デバッグ:パスワードkeisuke
[20-Jul-2020 14:08:44 UTC] デバッグ:パスワード再入力keisuke
[20-Jul-2020 14:08:48 UTC] デバッグ:「「「「「「「「「「「「「「「「「「「「「「「「「「「「「「「「「「「「「「「「
[20-Jul-2020 14:08:48 UTC] デバッグ:「スタッフ登録ページ
[20-Jul-2020 14:08:48 UTC] デバッグ:「「「「「「「「「「「「「「「「「「「「「「「「「「「「「「「「「「「「「「「「
[20-Jul-2020 14:08:48 UTC] デバッグ:啓介
[20-Jul-2020 14:08:48 UTC] デバッグ:$2y$10$aXPNm54escwYlhnvxaJIPuNAe2fvJidI75.wAGtvqpjWUYJXtHQ4.
[20-Jul-2020 14:09:08 UTC] デバッグ:「「「「「「「「「「「「「「「「「「「「「「「「「「「「「「「「「「「「「「「「
[20-Jul-2020 14:09:08 UTC] デバッグ:「スタッフ登録ページ
[20-Jul-2020 14:09:08 UTC] デバッグ:「「「「「「「「「「「「「「「「「「「「「「「「「「「「「「「「「「「「「「「「
[20-Jul-2020 14:09:08 UTC] デバッグ:啓介
[20-Jul-2020 14:09:08 UTC] デバッグ:$2y$10$aXPNm54escwYlhnvxaJIPuNAe2fvJidI75.wAGtvqpjWUYJXtHQ4.
[20-Jul-2020 14:09:08 UTC] デバッグ:SQLINSERT INTO mst_staff(name,password) VALUES (?,?)
[20-Jul-2020 14:09:26 UTC] デバッグ:「「「「「「「「「「「「「「「「「「「「「「「「「「「「「「「「「「「「「「「「
[20-Jul-2020 14:09:26 UTC] デバッグ:「スタッフ登録ページ
[20-Jul-2020 14:09:26 UTC] デバッグ:「「「「「「「「「「「「「「「「「「「「「「「「「「「「「「「「「「「「「「「「
[20-Jul-2020 14:09:26 UTC] デバッグ:啓介
[20-Jul-2020 14:09:26 UTC] デバッグ:$2y$10$aXPNm54escwYlhnvxaJIPuNAe2fvJidI75.wAGtvqpjWUYJXtHQ4.
[20-Jul-2020 14:09:26 UTC] デバッグ:SQLINSERT INTO mst_staff(name,password) VALUES (?,?)
[20-Jul-2020 14:14:04 UTC] デバッグ:「「「「「「「「「「「「「「「「「「「「「「「「「「「「「「「「「「「「「「「「
[20-Jul-2020 14:14:04 UTC] デバッグ:「スタッフ確認ページ
[20-Jul-2020 14:14:04 UTC] デバッグ:「「「「「「「「「「「「「「「「「「「「「「「「「「「「「「「「「「「「「「「「
[20-Jul-2020 14:14:04 UTC] デバッグ:スタッフ名啓介
[20-Jul-2020 14:14:04 UTC] デバッグ:パスワードkeisuke
[20-Jul-2020 14:14:04 UTC] デバッグ:パスワード再入力keisuke
[20-Jul-2020 14:14:06 UTC] デバッグ:「「「「「「「「「「「「「「「「「「「「「「「「「「「「「「「「「「「「「「「「
[20-Jul-2020 14:14:06 UTC] デバッグ:「スタッフ登録ページ
[20-Jul-2020 14:14:06 UTC] デバッグ:「「「「「「「「「「「「「「「「「「「「「「「「「「「「「「「「「「「「「「「「
[20-Jul-2020 14:14:06 UTC] デバッグ:啓介
[20-Jul-2020 14:14:06 UTC] デバッグ:$2y$10$zXwnINm.0Ev7BExmWKmAReazSxZaln4jovqrw9L37ByNpBs9k2V5q
[20-Jul-2020 14:14:06 UTC] デバッグ:SQLINSERT INTO mst_staff(name,password) VALUES :name,:password)
[20-Jul-2020 14:15:32 UTC] デバッグ:「「「「「「「「「「「「「「「「「「「「「「「「「「「「「「「「「「「「「「「「
[20-Jul-2020 14:15:32 UTC] デバッグ:「スタッフ登録ページ
[20-Jul-2020 14:15:32 UTC] デバッグ:「「「「「「「「「「「「「「「「「「「「「「「「「「「「「「「「「「「「「「「「
[20-Jul-2020 14:15:32 UTC] デバッグ:啓介
[20-Jul-2020 14:15:32 UTC] デバッグ:$2y$10$zXwnINm.0Ev7BExmWKmAReazSxZaln4jovqrw9L37ByNpBs9k2V5q
[20-Jul-2020 14:15:32 UTC] デバッグ:SQLINSERT INTO mst_staff(name,password) VALUES :name,:password)
[20-Jul-2020 14:15:43 UTC] デバッグ:「「「「「「「「「「「「「「「「「「「「「「「「「「「「「「「「「「「「「「「「
[20-Jul-2020 14:15:43 UTC] デバッグ:「スタッフ確認ページ
[20-Jul-2020 14:15:43 UTC] デバッグ:「「「「「「「「「「「「「「「「「「「「「「「「「「「「「「「「「「「「「「「「
[20-Jul-2020 14:15:43 UTC] デバッグ:スタッフ名啓介
[20-Jul-2020 14:15:43 UTC] デバッグ:パスワードkeisuke
[20-Jul-2020 14:15:43 UTC] デバッグ:パスワード再入力keisuke
[20-Jul-2020 14:15:46 UTC] デバッグ:「「「「「「「「「「「「「「「「「「「「「「「「「「「「「「「「「「「「「「「「
[20-Jul-2020 14:15:46 UTC] デバッグ:「スタッフ登録ページ
[20-Jul-2020 14:15:46 UTC] デバッグ:「「「「「「「「「「「「「「「「「「「「「「「「「「「「「「「「「「「「「「「「
[20-Jul-2020 14:15:46 UTC] デバッグ:啓介
[20-Jul-2020 14:15:46 UTC] デバッグ:$2y$10$Zm/MwDMGgmVb0dYLEL/xpefsVjcPL0UyVYO6FmDbuZtKIUtWXC8t.
[20-Jul-2020 14:15:46 UTC] デバッグ:SQLINSERT INTO mst_staff(name,password) VALUES :name,:password)
[20-Jul-2020 14:17:23 UTC] デバッグ:「「「「「「「「「「「「「「「「「「「「「「「「「「「「「「「「「「「「「「「「
[20-Jul-2020 14:17:23 UTC] デバッグ:「スタッフ登録ページ
[20-Jul-2020 14:17:23 UTC] デバッグ:「「「「「「「「「「「「「「「「「「「「「「「「「「「「「「「「「「「「「「「「
[20-Jul-2020 14:17:23 UTC] デバッグ:啓介
[20-Jul-2020 14:17:23 UTC] デバッグ:$2y$10$Zm/MwDMGgmVb0dYLEL/xpefsVjcPL0UyVYO6FmDbuZtKIUtWXC8t.
[20-Jul-2020 14:18:23 UTC] デバッグ:「「「「「「「「「「「「「「「「「「「「「「「「「「「「「「「「「「「「「「「「
[20-Jul-2020 14:18:23 UTC] デバッグ:「スタッフ登録ページ
[20-Jul-2020 14:18:23 UTC] デバッグ:「「「「「「「「「「「「「「「「「「「「「「「「「「「「「「「「「「「「「「「「
[20-Jul-2020 14:18:23 UTC] デバッグ:啓介
[20-Jul-2020 14:18:23 UTC] デバッグ:$2y$10$Zm/MwDMGgmVb0dYLEL/xpefsVjcPL0UyVYO6FmDbuZtKIUtWXC8t.
[20-Jul-2020 14:18:31 UTC] デバッグ:「「「「「「「「「「「「「「「「「「「「「「「「「「「「「「「「「「「「「「「「
[20-Jul-2020 14:18:31 UTC] デバッグ:「スタッフ確認ページ
[20-Jul-2020 14:18:31 UTC] デバッグ:「「「「「「「「「「「「「「「「「「「「「「「「「「「「「「「「「「「「「「「「
[20-Jul-2020 14:18:31 UTC] デバッグ:スタッフ名啓介
[20-Jul-2020 14:18:31 UTC] デバッグ:パスワードkeisuke
[20-Jul-2020 14:18:31 UTC] デバッグ:パスワード再入力keisuke
[20-Jul-2020 14:18:34 UTC] デバッグ:「「「「「「「「「「「「「「「「「「「「「「「「「「「「「「「「「「「「「「「「
[20-Jul-2020 14:18:34 UTC] デバッグ:「スタッフ登録ページ
[20-Jul-2020 14:18:34 UTC] デバッグ:「「「「「「「「「「「「「「「「「「「「「「「「「「「「「「「「「「「「「「「「
[20-Jul-2020 14:18:34 UTC] デバッグ:啓介
[20-Jul-2020 14:18:34 UTC] デバッグ:$2y$10$Y/r0RSfMJkfgPLsokLiKguJcRYbrFoRJiY0xOVFXuGq.V2vcnjNty
[20-Jul-2020 14:21:57 UTC] デバッグ:「「「「「「「「「「「「「「「「「「「「「「「「「「「「「「「「「「「「「「「「
[20-Jul-2020 14:21:57 UTC] デバッグ:「スタッフ登録ページ
[20-Jul-2020 14:21:57 UTC] デバッグ:「「「「「「「「「「「「「「「「「「「「「「「「「「「「「「「「「「「「「「「「
[20-Jul-2020 14:21:57 UTC] デバッグ:啓介
[20-Jul-2020 14:21:57 UTC] デバッグ:$2y$10$Y/r0RSfMJkfgPLsokLiKguJcRYbrFoRJiY0xOVFXuGq.V2vcnjNty
[20-Jul-2020 14:22:06 UTC] デバッグ:「「「「「「「「「「「「「「「「「「「「「「「「「「「「「「「「「「「「「「「「
[20-Jul-2020 14:22:06 UTC] デバッグ:「スタッフ確認ページ
[20-Jul-2020 14:22:06 UTC] デバッグ:「「「「「「「「「「「「「「「「「「「「「「「「「「「「「「「「「「「「「「「「
[20-Jul-2020 14:22:06 UTC] デバッグ:スタッフ名啓介
[20-Jul-2020 14:22:06 UTC] デバッグ:パスワードkeisuke
[20-Jul-2020 14:22:06 UTC] デバッグ:パスワード再入力keisuke
[20-Jul-2020 14:22:08 UTC] デバッグ:「「「「「「「「「「「「「「「「「「「「「「「「「「「「「「「「「「「「「「「「
[20-Jul-2020 14:22:08 UTC] デバッグ:「スタッフ登録ページ
[20-Jul-2020 14:22:08 UTC] デバッグ:「「「「「「「「「「「「「「「「「「「「「「「「「「「「「「「「「「「「「「「「
[20-Jul-2020 14:22:08 UTC] デバッグ:啓介
[20-Jul-2020 14:22:08 UTC] デバッグ:$2y$10$3SVDKkrHRQh/kFdIRZFY9.VqDSjRcKEOYwGUV87695jX6hSbVr14G
[20-Jul-2020 14:28:55 UTC] デバッグ:「「「「「「「「「「「「「「「「「「「「「「「「「「「「「「「「「「「「「「「「
[20-Jul-2020 14:28:55 UTC] デバッグ:「スタッフ確認ページ
[20-Jul-2020 14:28:55 UTC] デバッグ:「「「「「「「「「「「「「「「「「「「「「「「「「「「「「「「「「「「「「「「「
[20-Jul-2020 14:28:55 UTC] デバッグ:スタッフ名啓介
[20-Jul-2020 14:28:55 UTC] デバッグ:パスワードkeisuke
[20-Jul-2020 14:28:55 UTC] デバッグ:パスワード再入力keisuke
[20-Jul-2020 14:28:57 UTC] デバッグ:「「「「「「「「「「「「「「「「「「「「「「「「「「「「「「「「「「「「「「「「
[20-Jul-2020 14:28:57 UTC] デバッグ:「スタッフ登録ページ
[20-Jul-2020 14:28:57 UTC] デバッグ:「「「「「「「「「「「「「「「「「「「「「「「「「「「「「「「「「「「「「「「「
[20-Jul-2020 14:28:57 UTC] デバッグ:啓介
[20-Jul-2020 14:28:57 UTC] デバッグ:$2y$10$MOx9w7rpEROvZ/VwvbHj2O4NcVe3yPHTs1v8d5gl8oVDrnUXvNmne
[20-Jul-2020 14:29:53 UTC] デバッグ:「「「「「「「「「「「「「「「「「「「「「「「「「「「「「「「「「「「「「「「「
[20-Jul-2020 14:29:53 UTC] デバッグ:「スタッフ登録ページ
[20-Jul-2020 14:29:53 UTC] デバッグ:「「「「「「「「「「「「「「「「「「「「「「「「「「「「「「「「「「「「「「「「
[20-Jul-2020 14:31:47 UTC] デバッグ:「「「「「「「「「「「「「「「「「「「「「「「「「「「「「「「「「「「「「「「「
[20-Jul-2020 14:31:47 UTC] デバッグ:「スタッフ確認ページ
[20-Jul-2020 14:31:47 UTC] デバッグ:「「「「「「「「「「「「「「「「「「「「「「「「「「「「「「「「「「「「「「「「
[20-Jul-2020 14:31:47 UTC] デバッグ:スタッフ名啓介
[20-Jul-2020 14:31:47 UTC] デバッグ:パスワードkeisuke
[20-Jul-2020 14:31:47 UTC] デバッグ:パスワード再入力keisuke
[20-Jul-2020 14:32:00 UTC] デバッグ:「「「「「「「「「「「「「「「「「「「「「「「「「「「「「「「「「「「「「「「「
[20-Jul-2020 14:32:00 UTC] デバッグ:「スタッフ確認ページ
[20-Jul-2020 14:32:00 UTC] デバッグ:「「「「「「「「「「「「「「「「「「「「「「「「「「「「「「「「「「「「「「「「
[20-Jul-2020 14:32:00 UTC] デバッグ:スタッフ名啓介
[20-Jul-2020 14:32:00 UTC] デバッグ:パスワードkeisuke
[20-Jul-2020 14:32:00 UTC] デバッグ:パスワード再入力keisuke
[20-Jul-2020 14:32:58 UTC] デバッグ:「「「「「「「「「「「「「「「「「「「「「「「「「「「「「「「「「「「「「「「「
[20-Jul-2020 14:32:58 UTC] デバッグ:「スタッフ登録ページ
[20-Jul-2020 14:32:58 UTC] デバッグ:「「「「「「「「「「「「「「「「「「「「「「「「「「「「「「「「「「「「「「「「
[20-Jul-2020 14:34:12 UTC] デバッグ:「「「「「「「「「「「「「「「「「「「「「「「「「「「「「「「「「「「「「「「「
[20-Jul-2020 14:34:12 UTC] デバッグ:「スタッフ登録ページ
[20-Jul-2020 14:34:12 UTC] デバッグ:「「「「「「「「「「「「「「「「「「「「「「「「「「「「「「「「「「「「「「「「
[20-Jul-2020 14:34:25 UTC] デバッグ:「「「「「「「「「「「「「「「「「「「「「「「「「「「「「「「「「「「「「「「「
[20-Jul-2020 14:34:25 UTC] デバッグ:「スタッフ登録ページ
[20-Jul-2020 14:34:25 UTC] デバッグ:「「「「「「「「「「「「「「「「「「「「「「「「「「「「「「「「「「「「「「「「
[20-Jul-2020 14:35:59 UTC] デバッグ:「「「「「「「「「「「「「「「「「「「「「「「「「「「「「「「「「「「「「「「「
[20-Jul-2020 14:35:59 UTC] デバッグ:「スタッフ登録ページ
[20-Jul-2020 14:35:59 UTC] デバッグ:「「「「「「「「「「「「「「「「「「「「「「「「「「「「「「「「「「「「「「「「
[20-Jul-2020 14:39:00 UTC] デバッグ:「「「「「「「「「「「「「「「「「「「「「「「「「「「「「「「「「「「「「「「「
[20-Jul-2020 14:39:00 UTC] デバッグ:「スタッフ登録ページ
[20-Jul-2020 14:39:00 UTC] デバッグ:「「「「「「「「「「「「「「「「「「「「「「「「「「「「「「「「「「「「「「「「
[20-Jul-2020 14:40:01 UTC] デバッグ:「「「「「「「「「「「「「「「「「「「「「「「「「「「「「「「「「「「「「「「「
[20-Jul-2020 14:40:01 UTC] デバッグ:「スタッフ確認ページ
[20-Jul-2020 14:40:01 UTC] デバッグ:「「「「「「「「「「「「「「「「「「「「「「「「「「「「「「「「「「「「「「「「
[20-Jul-2020 14:40:01 UTC] デバッグ:スタッフ名啓介
[20-Jul-2020 14:40:01 UTC] デバッグ:パスワードkeisuke
[20-Jul-2020 14:40:01 UTC] デバッグ:パスワード再入力keisuke
[20-Jul-2020 14:40:04 UTC] デバッグ:「「「「「「「「「「「「「「「「「「「「「「「「「「「「「「「「「「「「「「「「
[20-Jul-2020 14:40:04 UTC] デバッグ:「スタッフ登録ページ
[20-Jul-2020 14:40:04 UTC] デバッグ:「「「「「「「「「「「「「「「「「「「「「「「「「「「「「「「「「「「「「「「「
[20-Jul-2020 14:44:25 UTC] デバッグ:「「「「「「「「「「「「「「「「「「「「「「「「「「「「「「「「「「「「「「「「
[20-Jul-2020 14:44:25 UTC] デバッグ:「スタッフ登録ページ
[20-Jul-2020 14:44:25 UTC] デバッグ:「「「「「「「「「「「「「「「「「「「「「「「「「「「「「「「「「「「「「「「「
[20-Jul-2020 14:44:33 UTC] デバッグ:「「「「「「「「「「「「「「「「「「「「「「「「「「「「「「「「「「「「「「「「
[20-Jul-2020 14:44:33 UTC] デバッグ:「スタッフ確認ページ
[20-Jul-2020 14:44:33 UTC] デバッグ:「「「「「「「「「「「「「「「「「「「「「「「「「「「「「「「「「「「「「「「「
[20-Jul-2020 14:44:33 UTC] デバッグ:スタッフ名啓介
[20-Jul-2020 14:44:33 UTC] デバッグ:パスワードkeisuke
[20-Jul-2020 14:44:33 UTC] デバッグ:パスワード再入力keisuke
[20-Jul-2020 14:44:35 UTC] デバッグ:「「「「「「「「「「「「「「「「「「「「「「「「「「「「「「「「「「「「「「「「
[20-Jul-2020 14:44:35 UTC] デバッグ:「スタッフ登録ページ
[20-Jul-2020 14:44:35 UTC] デバッグ:「「「「「「「「「「「「「「「「「「「「「「「「「「「「「「「「「「「「「「「「
[20-Jul-2020 14:50:01 UTC] デバッグ:「「「「「「「「「「「「「「「「「「「「「「「「「「「「「「「「「「「「「「「「
[20-Jul-2020 14:50:01 UTC] デバッグ:「スタッフ登録ページ
[20-Jul-2020 14:50:01 UTC] デバッグ:「「「「「「「「「「「「「「「「「「「「「「「「「「「「「「「「「「「「「「「「
[20-Jul-2020 14:50:52 UTC] デバッグ:「「「「「「「「「「「「「「「「「「「「「「「「「「「「「「「「「「「「「「「「
[20-Jul-2020 14:50:52 UTC] デバッグ:「スタッフ登録ページ
[20-Jul-2020 14:50:52 UTC] デバッグ:「「「「「「「「「「「「「「「「「「「「「「「「「「「「「「「「「「「「「「「「
[20-Jul-2020 14:51:44 UTC] デバッグ:「「「「「「「「「「「「「「「「「「「「「「「「「「「「「「「「「「「「「「「「
[20-Jul-2020 14:51:44 UTC] デバッグ:「スタッフ確認ページ
[20-Jul-2020 14:51:44 UTC] デバッグ:「「「「「「「「「「「「「「「「「「「「「「「「「「「「「「「「「「「「「「「「
[20-Jul-2020 14:51:44 UTC] デバッグ:スタッフ名啓介
[20-Jul-2020 14:51:44 UTC] デバッグ:パスワードkeisuke
[20-Jul-2020 14:51:44 UTC] デバッグ:パスワード再入力keisuke
[20-Jul-2020 14:51:50 UTC] デバッグ:「「「「「「「「「「「「「「「「「「「「「「「「「「「「「「「「「「「「「「「「
[20-Jul-2020 14:51:50 UTC] デバッグ:「スタッフ登録ページ
[20-Jul-2020 14:51:50 UTC] デバッグ:「「「「「「「「「「「「「「「「「「「「「「「「「「「「「「「「「「「「「「「「
[20-Jul-2020 14:52:29 UTC] デバッグ:「「「「「「「「「「「「「「「「「「「「「「「「「「「「「「「「「「「「「「「「
[20-Jul-2020 14:52:29 UTC] デバッグ:「スタッフ確認ページ
[20-Jul-2020 14:52:29 UTC] デバッグ:「「「「「「「「「「「「「「「「「「「「「「「「「「「「「「「「「「「「「「「「
[20-Jul-2020 14:52:29 UTC] デバッグ:スタッフ名啓介
[20-Jul-2020 14:52:29 UTC] デバッグ:パスワードkeisuke
[20-Jul-2020 14:52:29 UTC] デバッグ:パスワード再入力keisuke
[20-Jul-2020 14:52:34 UTC] デバッグ:「「「「「「「「「「「「「「「「「「「「「「「「「「「「「「「「「「「「「「「「
[20-Jul-2020 14:52:34 UTC] デバッグ:「スタッフ登録ページ
[20-Jul-2020 14:52:34 UTC] デバッグ:「「「「「「「「「「「「「「「「「「「「「「「「「「「「「「「「「「「「「「「「
[20-Jul-2020 14:52:34 UTC] デバッグ:デバッグ
[20-Jul-2020 14:53:20 UTC] デバッグ:「「「「「「「「「「「「「「「「「「「「「「「「「「「「「「「「「「「「「「「「
[20-Jul-2020 14:53:20 UTC] デバッグ:「スタッフ登録ページ
[20-Jul-2020 14:53:20 UTC] デバッグ:「「「「「「「「「「「「「「「「「「「「「「「「「「「「「「「「「「「「「「「「
[20-Jul-2020 14:53:28 UTC] デバッグ:「「「「「「「「「「「「「「「「「「「「「「「「「「「「「「「「「「「「「「「「
[20-Jul-2020 14:53:28 UTC] デバッグ:「スタッフ登録ページ
[20-Jul-2020 14:53:28 UTC] デバッグ:「「「「「「「「「「「「「「「「「「「「「「「「「「「「「「「「「「「「「「「「
[20-Jul-2020 14:53:49 UTC] デバッグ:「「「「「「「「「「「「「「「「「「「「「「「「「「「「「「「「「「「「「「「「
[20-Jul-2020 14:53:49 UTC] デバッグ:「スタッフ登録ページ
[20-Jul-2020 14:53:49 UTC] デバッグ:「「「「「「「「「「「「「「「「「「「「「「「「「「「「「「「「「「「「「「「「
[20-Jul-2020 14:54:03 UTC] デバッグ:「「「「「「「「「「「「「「「「「「「「「「「「「「「「「「「「「「「「「「「「
[20-Jul-2020 14:54:03 UTC] デバッグ:「スタッフ登録ページ
[20-Jul-2020 14:54:03 UTC] デバッグ:「「「「「「「「「「「「「「「「「「「「「「「「「「「「「「「「「「「「「「「「
[20-Jul-2020 14:54:03 UTC] デバッグ:デバッグ
[20-Jul-2020 14:55:44 UTC] デバッグ:「「「「「「「「「「「「「「「「「「「「「「「「「「「「「「「「「「「「「「「「
[20-Jul-2020 14:55:44 UTC] デバッグ:「スタッフ登録ページ
[20-Jul-2020 14:55:44 UTC] デバッグ:「「「「「「「「「「「「「「「「「「「「「「「「「「「「「「「「「「「「「「「「
[20-Jul-2020 14:55:44 UTC] デバッグ:デバッグ
[20-Jul-2020 14:56:40 UTC] デバッグ:「「「「「「「「「「「「「「「「「「「「「「「「「「「「「「「「「「「「「「「「
[20-Jul-2020 14:56:40 UTC] デバッグ:「スタッフ登録ページ
[20-Jul-2020 14:56:40 UTC] デバッグ:「「「「「「「「「「「「「「「「「「「「「「「「「「「「「「「「「「「「「「「「
[20-Jul-2020 14:56:40 UTC] デバッグ:デバッグ
[20-Jul-2020 14:56:56 UTC] デバッグ:「「「「「「「「「「「「「「「「「「「「「「「「「「「「「「「「「「「「「「「「
[20-Jul-2020 14:56:56 UTC] デバッグ:「スタッフ登録ページ
[20-Jul-2020 14:56:56 UTC] デバッグ:「「「「「「「「「「「「「「「「「「「「「「「「「「「「「「「「「「「「「「「「
[20-Jul-2020 14:56:56 UTC] デバッグ:デバッグ
[20-Jul-2020 14:57:22 UTC] デバッグ:「「「「「「「「「「「「「「「「「「「「「「「「「「「「「「「「「「「「「「「「
[20-Jul-2020 14:57:22 UTC] デバッグ:「スタッフ登録ページ
[20-Jul-2020 14:57:22 UTC] デバッグ:「「「「「「「「「「「「「「「「「「「「「「「「「「「「「「「「「「「「「「「「
[20-Jul-2020 14:59:19 UTC] デバッグ:「「「「「「「「「「「「「「「「「「「「「「「「「「「「「「「「「「「「「「「「
[20-Jul-2020 14:59:19 UTC] デバッグ:「スタッフ登録ページ
[20-Jul-2020 14:59:19 UTC] デバッグ:「「「「「「「「「「「「「「「「「「「「「「「「「「「「「「「「「「「「「「「「
[20-Jul-2020 14:59:19 UTC] デバッグ:デバッグ
[20-Jul-2020 14:59:55 UTC] デバッグ:「「「「「「「「「「「「「「「「「「「「「「「「「「「「「「「「「「「「「「「「
[20-Jul-2020 14:59:55 UTC] デバッグ:「スタッフ登録ページ
[20-Jul-2020 14:59:55 UTC] デバッグ:「「「「「「「「「「「「「「「「「「「「「「「「「「「「「「「「「「「「「「「「
[20-Jul-2020 14:59:55 UTC] デバッグ:デバッグ
[20-Jul-2020 15:00:04 UTC] デバッグ:「「「「「「「「「「「「「「「「「「「「「「「「「「「「「「「「「「「「「「「「
[20-Jul-2020 15:00:04 UTC] デバッグ:「スタッフ登録ページ
[20-Jul-2020 15:00:04 UTC] デバッグ:「「「「「「「「「「「「「「「「「「「「「「「「「「「「「「「「「「「「「「「「
[20-Jul-2020 15:00:04 UTC] デバッグ:デバッグ
[20-Jul-2020 15:00:56 UTC] デバッグ:「「「「「「「「「「「「「「「「「「「「「「「「「「「「「「「「「「「「「「「「
[20-Jul-2020 15:00:56 UTC] デバッグ:「スタッフ登録ページ
[20-Jul-2020 15:00:56 UTC] デバッグ:「「「「「「「「「「「「「「「「「「「「「「「「「「「「「「「「「「「「「「「「
[20-Jul-2020 15:00:56 UTC] デバッグ:デバッグ
[20-Jul-2020 15:00:56 UTC] デバッグ:デバッグINSERT INTO mst_staff (name,password) VALUES (?,?)
[20-Jul-2020 15:01:22 UTC] デバッグ:「「「「「「「「「「「「「「「「「「「「「「「「「「「「「「「「「「「「「「「「
[20-Jul-2020 15:01:22 UTC] デバッグ:「スタッフ登録ページ
[20-Jul-2020 15:01:22 UTC] デバッグ:「「「「「「「「「「「「「「「「「「「「「「「「「「「「「「「「「「「「「「「「
[20-Jul-2020 15:01:22 UTC] デバッグ:デバッグ
[20-Jul-2020 15:01:22 UTC] PHP Fatal error:  Uncaught Error: Object of class PDOStatement could not be converted to string in /Applications/MAMP/htdocs/php_pro/staff_add_done.php:53
Stack trace:
#0 {main}
  thrown in /Applications/MAMP/htdocs/php_pro/staff_add_done.php on line 53
[20-Jul-2020 15:02:33 UTC] デバッグ:「「「「「「「「「「「「「「「「「「「「「「「「「「「「「「「「「「「「「「「「
[20-Jul-2020 15:02:33 UTC] デバッグ:「スタッフ確認ページ
[20-Jul-2020 15:02:33 UTC] デバッグ:「「「「「「「「「「「「「「「「「「「「「「「「「「「「「「「「「「「「「「「「
[20-Jul-2020 15:02:33 UTC] デバッグ:スタッフ名啓介
[20-Jul-2020 15:02:33 UTC] デバッグ:パスワードkeisuke
[20-Jul-2020 15:02:33 UTC] デバッグ:パスワード再入力keisuke
[20-Jul-2020 15:02:35 UTC] デバッグ:「「「「「「「「「「「「「「「「「「「「「「「「「「「「「「「「「「「「「「「「
[20-Jul-2020 15:02:35 UTC] デバッグ:「スタッフ登録ページ
[20-Jul-2020 15:02:35 UTC] デバッグ:「「「「「「「「「「「「「「「「「「「「「「「「「「「「「「「「「「「「「「「「
[20-Jul-2020 15:02:51 UTC] デバッグ:「「「「「「「「「「「「「「「「「「「「「「「「「「「「「「「「「「「「「「「「
[20-Jul-2020 15:02:51 UTC] デバッグ:「スタッフ登録ページ
[20-Jul-2020 15:02:51 UTC] デバッグ:「「「「「「「「「「「「「「「「「「「「「「「「「「「「「「「「「「「「「「「「
[20-Jul-2020 15:02:51 UTC] デバッグ:デバッグ
[20-Jul-2020 15:05:21 UTC] デバッグ:「「「「「「「「「「「「「「「「「「「「「「「「「「「「「「「「「「「「「「「「
[20-Jul-2020 15:05:21 UTC] デバッグ:「スタッフ確認ページ
[20-Jul-2020 15:05:21 UTC] デバッグ:「「「「「「「「「「「「「「「「「「「「「「「「「「「「「「「「「「「「「「「「
[20-Jul-2020 15:05:21 UTC] デバッグ:スタッフ名啓介
[20-Jul-2020 15:05:21 UTC] デバッグ:パスワードkeisuke
[20-Jul-2020 15:05:21 UTC] デバッグ:パスワード再入力keisuke
[20-Jul-2020 15:05:24 UTC] デバッグ:「「「「「「「「「「「「「「「「「「「「「「「「「「「「「「「「「「「「「「「「
[20-Jul-2020 15:05:24 UTC] デバッグ:「スタッフ登録ページ
[20-Jul-2020 15:05:24 UTC] デバッグ:「「「「「「「「「「「「「「「「「「「「「「「「「「「「「「「「「「「「「「「「
[20-Jul-2020 15:05:24 UTC] デバッグ:デバッグ
[20-Jul-2020 15:11:10 UTC] デバッグ:「「「「「「「「「「「「「「「「「「「「「「「「「「「「「「「「「「「「「「「「
[20-Jul-2020 15:11:10 UTC] デバッグ:「スタッフ登録ページ
[20-Jul-2020 15:11:10 UTC] デバッグ:「「「「「「「「「「「「「「「「「「「「「「「「「「「「「「「「「「「「「「「「
[20-Jul-2020 15:11:10 UTC] デバッグ:デバッグ
[20-Jul-2020 15:12:54 UTC] デバッグ:「「「「「「「「「「「「「「「「「「「「「「「「「「「「「「「「「「「「「「「「
[20-Jul-2020 15:12:54 UTC] デバッグ:「スタッフ登録ページ
[20-Jul-2020 15:12:54 UTC] デバッグ:「「「「「「「「「「「「「「「「「「「「「「「「「「「「「「「「「「「「「「「「
[20-Jul-2020 15:12:54 UTC] デバッグ:デバッグ
[20-Jul-2020 15:12:54 UTC] PHP Fatal error:  Uncaught Error: Object of class PDOStatement could not be converted to string in /Applications/MAMP/htdocs/php_pro/function.php:15
Stack trace:
#0 /Applications/MAMP/htdocs/php_pro/staff_add_done.php(47): debug(Object(PDOStatement))
#1 {main}
  thrown in /Applications/MAMP/htdocs/php_pro/function.php on line 15
[20-Jul-2020 15:13:14 UTC] デバッグ:「「「「「「「「「「「「「「「「「「「「「「「「「「「「「「「「「「「「「「「「
[20-Jul-2020 15:13:14 UTC] デバッグ:「スタッフ登録ページ
[20-Jul-2020 15:13:14 UTC] デバッグ:「「「「「「「「「「「「「「「「「「「「「「「「「「「「「「「「「「「「「「「「
[20-Jul-2020 15:13:14 UTC] デバッグ:デバッグ
[20-Jul-2020 15:13:14 UTC] デバッグ:INSERT INTO mst_staff (name,password) VALUES (:name,:pass)
[20-Jul-2020 15:18:06 UTC] デバッグ:「「「「「「「「「「「「「「「「「「「「「「「「「「「「「「「「「「「「「「「「
[20-Jul-2020 15:18:06 UTC] デバッグ:「スタッフ登録ページ
[20-Jul-2020 15:18:06 UTC] デバッグ:「「「「「「「「「「「「「「「「「「「「「「「「「「「「「「「「「「「「「「「「
[20-Jul-2020 15:18:06 UTC] デバッグ:デバッグ
[20-Jul-2020 15:18:06 UTC] デバッグ:INSERT INTO mst_staff (name,password) VALUES (:u_name,:pass)
[20-Jul-2020 15:20:18 UTC] デバッグ:「「「「「「「「「「「「「「「「「「「「「「「「「「「「「「「「「「「「「「「「
[20-Jul-2020 15:20:18 UTC] デバッグ:「スタッフ登録ページ
[20-Jul-2020 15:20:18 UTC] デバッグ:「「「「「「「「「「「「「「「「「「「「「「「「「「「「「「「「「「「「「「「「
[20-Jul-2020 15:20:18 UTC] デバッグ:デバッグ
[20-Jul-2020 15:20:18 UTC] デバッグ:INSERT INTO mst_staff (name,password) VALUES (:u_name,:pass)
[20-Jul-2020 15:21:46 UTC] デバッグ:「「「「「「「「「「「「「「「「「「「「「「「「「「「「「「「「「「「「「「「「
[20-Jul-2020 15:21:46 UTC] デバッグ:「スタッフ登録ページ
[20-Jul-2020 15:21:46 UTC] デバッグ:「「「「「「「「「「「「「「「「「「「「「「「「「「「「「「「「「「「「「「「「
[20-Jul-2020 15:21:46 UTC] デバッグ:デバッグ
[20-Jul-2020 15:21:46 UTC] デバッグ:INSERT INTO mst_staff (name,password) VALUES (:u_name,:pass)
[20-Jul-2020 15:22:29 UTC] デバッグ:「「「「「「「「「「「「「「「「「「「「「「「「「「「「「「「「「「「「「「「「
[20-Jul-2020 15:22:29 UTC] デバッグ:「スタッフ登録ページ
[20-Jul-2020 15:22:29 UTC] デバッグ:「「「「「「「「「「「「「「「「「「「「「「「「「「「「「「「「「「「「「「「「
[20-Jul-2020 15:22:29 UTC] デバッグ:デバッグ
[20-Jul-2020 15:22:29 UTC] デバッグ:クエリに失敗しました。
[20-Jul-2020 15:22:29 UTC] デバッグ:失敗したSQL：PDOStatement Object
(
    [queryString] => INSERT INTO mst_staff (name,password) VALUES (:u_name,:pass)
)

[20-Jul-2020 15:22:29 UTC] デバッグ:INSERT INTO mst_staff (name,password) VALUES (:u_name,:pass)
[23-Jul-2020 07:50:33 UTC] デバッグ:「「「「「「「「「「「「「「「「「「「「「「「「「「「「「「「「「「「「「「「「
[23-Jul-2020 07:50:33 UTC] デバッグ:「スタッフ登録ページ
[23-Jul-2020 07:50:33 UTC] デバッグ:「「「「「「「「「「「「「「「「「「「「「「「「「「「「「「「「「「「「「「「「
[23-Jul-2020 07:50:33 UTC] デバッグ:デバッグ
[23-Jul-2020 07:50:33 UTC] デバッグ:クエリに失敗しました。
[23-Jul-2020 07:50:33 UTC] デバッグ:失敗したSQL：PDOStatement Object
(
    [queryString] => INSERT INTO mst_staff (name,password) VALUES (:u_name,:pass)
)

[23-Jul-2020 07:50:33 UTC] デバッグ:INSERT INTO mst_staff (name,password) VALUES (:u_name,:pass)
[23-Jul-2020 07:51:02 UTC] デバッグ:「「「「「「「「「「「「「「「「「「「「「「「「「「「「「「「「「「「「「「「「
[23-Jul-2020 07:51:02 UTC] デバッグ:「スタッフ確認ページ
[23-Jul-2020 07:51:02 UTC] デバッグ:「「「「「「「「「「「「「「「「「「「「「「「「「「「「「「「「「「「「「「「「
[23-Jul-2020 07:51:02 UTC] デバッグ:スタッフ名啓介
[23-Jul-2020 07:51:02 UTC] デバッグ:パスワードaaa
[23-Jul-2020 07:51:02 UTC] デバッグ:パスワード再入力aaa
[23-Jul-2020 07:51:05 UTC] デバッグ:「「「「「「「「「「「「「「「「「「「「「「「「「「「「「「「「「「「「「「「「
[23-Jul-2020 07:51:05 UTC] デバッグ:「スタッフ登録ページ
[23-Jul-2020 07:51:05 UTC] デバッグ:「「「「「「「「「「「「「「「「「「「「「「「「「「「「「「「「「「「「「「「「
[23-Jul-2020 07:51:05 UTC] デバッグ:デバッグ
[23-Jul-2020 07:51:05 UTC] デバッグ:クエリに失敗しました。
[23-Jul-2020 07:51:05 UTC] デバッグ:失敗したSQL：PDOStatement Object
(
    [queryString] => INSERT INTO mst_staff (name,password) VALUES (:u_name,:pass)
)

[23-Jul-2020 07:51:05 UTC] デバッグ:INSERT INTO mst_staff (name,password) VALUES (:u_name,:pass)
[23-Jul-2020 07:51:39 UTC] デバッグ:「「「「「「「「「「「「「「「「「「「「「「「「「「「「「「「「「「「「「「「「
[23-Jul-2020 07:51:39 UTC] デバッグ:「スタッフ確認ページ
[23-Jul-2020 07:51:39 UTC] デバッグ:「「「「「「「「「「「「「「「「「「「「「「「「「「「「「「「「「「「「「「「「
[23-Jul-2020 07:51:39 UTC] デバッグ:スタッフ名keisuke
[23-Jul-2020 07:51:39 UTC] デバッグ:パスワードkeisuke
[23-Jul-2020 07:51:39 UTC] デバッグ:パスワード再入力keisuke
[23-Jul-2020 07:52:03 UTC] デバッグ:「「「「「「「「「「「「「「「「「「「「「「「「「「「「「「「「「「「「「「「「
[23-Jul-2020 07:52:03 UTC] デバッグ:「スタッフ登録ページ
[23-Jul-2020 07:52:03 UTC] デバッグ:「「「「「「「「「「「「「「「「「「「「「「「「「「「「「「「「「「「「「「「「
[23-Jul-2020 07:52:03 UTC] デバッグ:デバッグ
[23-Jul-2020 07:52:03 UTC] デバッグ:クエリに失敗しました。
[23-Jul-2020 07:52:03 UTC] デバッグ:失敗したSQL：PDOStatement Object
(
    [queryString] => INSERT INTO mst_staff (name,password) VALUES (:u_name,:pass)
)

[23-Jul-2020 07:52:03 UTC] デバッグ:INSERT INTO mst_staff (name,password) VALUES (:u_name,:pass)
[23-Jul-2020 07:57:53 UTC] デバッグ:「「「「「「「「「「「「「「「「「「「「「「「「「「「「「「「「「「「「「「「「
[23-Jul-2020 07:57:53 UTC] デバッグ:「スタッフ登録ページ
[23-Jul-2020 07:57:53 UTC] デバッグ:「「「「「「「「「「「「「「「「「「「「「「「「「「「「「「「「「「「「「「「「
[23-Jul-2020 07:57:53 UTC] デバッグ:デバッグkeisuke
[23-Jul-2020 07:57:53 UTC] デバッグ:デバッグ$2y$10$wUCBtU4YrWmGRKODVFYep.Y0fWG0EgouQDOVnCrfMijlQPYrlrc0C
[23-Jul-2020 07:57:53 UTC] デバッグ:クエリに失敗しました。
[23-Jul-2020 07:57:53 UTC] デバッグ:失敗したSQL：PDOStatement Object
(
    [queryString] => INSERT INTO mst_staff (name,password) VALUES (:u_name,:pass)
)

[23-Jul-2020 07:57:53 UTC] デバッグ:INSERT INTO mst_staff (name,password) VALUES (:u_name,:pass)
[23-Jul-2020 08:02:04 UTC] デバッグ:「「「「「「「「「「「「「「「「「「「「「「「「「「「「「「「「「「「「「「「「
[23-Jul-2020 08:02:04 UTC] デバッグ:「スタッフ確認ページ
[23-Jul-2020 08:02:04 UTC] デバッグ:「「「「「「「「「「「「「「「「「「「「「「「「「「「「「「「「「「「「「「「「
[23-Jul-2020 08:02:04 UTC] デバッグ:スタッフ名keisuke
[23-Jul-2020 08:02:04 UTC] デバッグ:パスワードaaa
[23-Jul-2020 08:02:04 UTC] デバッグ:パスワード再入力aaa
[23-Jul-2020 08:02:10 UTC] デバッグ:「「「「「「「「「「「「「「「「「「「「「「「「「「「「「「「「「「「「「「「「
[23-Jul-2020 08:02:10 UTC] デバッグ:「スタッフ登録ページ
[23-Jul-2020 08:02:10 UTC] デバッグ:「「「「「「「「「「「「「「「「「「「「「「「「「「「「「「「「「「「「「「「「
[23-Jul-2020 08:02:10 UTC] デバッグ:デバッグkeisuke
[23-Jul-2020 08:02:10 UTC] デバッグ:デバッグ47bce5c74f589f4867dbd57e9ca9f808
[23-Jul-2020 08:02:10 UTC] デバッグ:クエリ成功。
[23-Jul-2020 08:02:10 UTC] デバッグ:INSERT INTO mst_staff (name,password) VALUES (:u_name,:pass)
[23-Jul-2020 08:03:39 UTC] デバッグ:「「「「「「「「「「「「「「「「「「「「「「「「「「「「「「「「「「「「「「「「
[23-Jul-2020 08:03:39 UTC] デバッグ:「スタッフ確認ページ
[23-Jul-2020 08:03:39 UTC] デバッグ:「「「「「「「「「「「「「「「「「「「「「「「「「「「「「「「「「「「「「「「「
[23-Jul-2020 08:03:39 UTC] デバッグ:スタッフ名zawa
[23-Jul-2020 08:03:39 UTC] デバッグ:パスワードaaa
[23-Jul-2020 08:03:39 UTC] デバッグ:パスワード再入力aaa
[23-Jul-2020 08:03:42 UTC] デバッグ:「「「「「「「「「「「「「「「「「「「「「「「「「「「「「「「「「「「「「「「「
[23-Jul-2020 08:03:42 UTC] デバッグ:「スタッフ登録ページ
[23-Jul-2020 08:03:42 UTC] デバッグ:「「「「「「「「「「「「「「「「「「「「「「「「「「「「「「「「「「「「「「「「
[23-Jul-2020 08:03:42 UTC] デバッグ:デバッグzawa
[23-Jul-2020 08:03:42 UTC] デバッグ:デバッグ$2y$10$6QVc7/Z/hsWSBVeiXLyRa.23VlGt8D/7b4x91QrHGyArnPhJYZOda
[23-Jul-2020 08:03:42 UTC] デバッグ:クエリ成功。
[23-Jul-2020 08:03:42 UTC] デバッグ:INSERT INTO mst_staff (name,password) VALUES (:u_name,:pass)
[23-Jul-2020 08:25:48 UTC] デバッグ:「「「「「「「「「「「「「「「「「「「「「「「「「「「「「「「「「「「「「「「「
[23-Jul-2020 08:25:48 UTC] デバッグ:「スタッフ確認ページ
[23-Jul-2020 08:25:48 UTC] デバッグ:「「「「「「「「「「「「「「「「「「「「「「「「「「「「「「「「「「「「「「「「
[23-Jul-2020 08:25:48 UTC] デバッグ:スタッフ名kkk
[23-Jul-2020 08:25:48 UTC] デバッグ:パスワードkkk
[23-Jul-2020 08:25:48 UTC] デバッグ:パスワード再入力kkk
[23-Jul-2020 08:25:57 UTC] デバッグ:「「「「「「「「「「「「「「「「「「「「「「「「「「「「「「「「「「「「「「「「
[23-Jul-2020 08:25:57 UTC] デバッグ:「スタッフ登録ページ
[23-Jul-2020 08:25:57 UTC] デバッグ:「「「「「「「「「「「「「「「「「「「「「「「「「「「「「「「「「「「「「「「「
[23-Jul-2020 08:25:57 UTC] デバッグ:デバッグkkk
[23-Jul-2020 08:25:57 UTC] デバッグ:デバッグ$2y$10$oHObABuybl9Zb1M60mQgBO.yjmlsrUeTtkLzxhBCj2s/Ri2Eh20G.
[23-Jul-2020 08:25:57 UTC] デバッグ:クエリ成功。
[23-Jul-2020 08:25:57 UTC] デバッグ:INSERT INTO mst_staff (name,password) VALUES (:u_name,:pass)
[23-Jul-2020 08:26:27 UTC] デバッグ:「「「「「「「「「「「「「「「「「「「「「「「「「「「「「「「「「「「「「「「「
[23-Jul-2020 08:26:27 UTC] デバッグ:「スタッフ確認ページ
[23-Jul-2020 08:26:27 UTC] デバッグ:「「「「「「「「「「「「「「「「「「「「「「「「「「「「「「「「「「「「「「「「
[23-Jul-2020 08:26:27 UTC] デバッグ:スタッフ名sss
[23-Jul-2020 08:26:27 UTC] デバッグ:パスワードsss
[23-Jul-2020 08:26:27 UTC] デバッグ:パスワード再入力sss
[23-Jul-2020 08:26:33 UTC] デバッグ:「「「「「「「「「「「「「「「「「「「「「「「「「「「「「「「「「「「「「「「「
[23-Jul-2020 08:26:33 UTC] デバッグ:「スタッフ登録ページ
[23-Jul-2020 08:26:33 UTC] デバッグ:「「「「「「「「「「「「「「「「「「「「「「「「「「「「「「「「「「「「「「「「
[23-Jul-2020 08:26:33 UTC] デバッグ:デバッグsss
[23-Jul-2020 08:26:33 UTC] デバッグ:デバッグ$2y$10$HDyVPWLqcfg07AJLh6YKV.AIwgANd5wDvQOn4F2l03EhtfMQ7KKMC
[23-Jul-2020 08:26:33 UTC] デバッグ:クエリ成功。
[23-Jul-2020 08:26:33 UTC] デバッグ:INSERT INTO mst_staff (name,password) VALUES (:u_name,:pass)
[23-Jul-2020 08:51:41 UTC] デバッグ:「「「「「「「「「「「「「「「「「「「「「「「「「「「「「「「「「「「「「「「「
[23-Jul-2020 08:51:41 UTC] デバッグ:「スタッフ登録ページ
[23-Jul-2020 08:51:41 UTC] デバッグ:「「「「「「「「「「「「「「「「「「「「「「「「「「「「「「「「「「「「「「「「
[23-Jul-2020 08:51:41 UTC] デバッグ:デバッグsss
[23-Jul-2020 08:51:41 UTC] デバッグ:デバッグ$2y$10$HDyVPWLqcfg07AJLh6YKV.AIwgANd5wDvQOn4F2l03EhtfMQ7KKMC
[23-Jul-2020 08:51:41 UTC] デバッグ:クエリ成功。
[23-Jul-2020 08:51:41 UTC] デバッグ:INSERT INTO mst_staff (name,password) VALUES (:u_name,:pass)
[23-Jul-2020 09:18:58 UTC] PHP Fatal error:  Uncaught Error: Object of class PDOStatement could not be converted to string in /Applications/MAMP/htdocs/php_pro/function.php:15
Stack trace:
#0 /Applications/MAMP/htdocs/php_pro/staff_list.php(17): debug(Object(PDOStatement))
#1 {main}
  thrown in /Applications/MAMP/htdocs/php_pro/function.php on line 15
[23-Jul-2020 09:19:28 UTC] PHP Fatal error:  Uncaught Error: Object of class PDOStatement could not be converted to string in /Applications/MAMP/htdocs/php_pro/staff_list.php:17
Stack trace:
#0 {main}
  thrown in /Applications/MAMP/htdocs/php_pro/staff_list.php on line 17
[23-Jul-2020 09:34:30 UTC] PHP Notice:  Undefined index: code in /Applications/MAMP/htdocs/php_pro/staff_list.php on line 23
[23-Jul-2020 09:34:30 UTC] PHP Notice:  Undefined index: code in /Applications/MAMP/htdocs/php_pro/staff_list.php on line 23
[23-Jul-2020 09:34:30 UTC] PHP Notice:  Undefined index: code in /Applications/MAMP/htdocs/php_pro/staff_list.php on line 23
[23-Jul-2020 09:34:30 UTC] PHP Notice:  Undefined index: code in /Applications/MAMP/htdocs/php_pro/staff_list.php on line 23
[23-Jul-2020 09:34:30 UTC] PHP Notice:  Undefined index: code in /Applications/MAMP/htdocs/php_pro/staff_list.php on line 23
[23-Jul-2020 09:34:30 UTC] PHP Notice:  Undefined index: code in /Applications/MAMP/htdocs/php_pro/staff_list.php on line 23
[23-Jul-2020 09:34:30 UTC] PHP Notice:  Undefined index: code in /Applications/MAMP/htdocs/php_pro/staff_list.php on line 23
[23-Jul-2020 09:34:30 UTC] PHP Notice:  Undefined index: code in /Applications/MAMP/htdocs/php_pro/staff_list.php on line 23
[23-Jul-2020 09:34:30 UTC] PHP Notice:  Undefined index: code in /Applications/MAMP/htdocs/php_pro/staff_list.php on line 23
[23-Jul-2020 09:37:30 UTC] PHP Notice:  Undefined index: code in /Applications/MAMP/htdocs/php_pro/staff_list.php on line 23
[23-Jul-2020 09:37:30 UTC] PHP Notice:  Undefined index: code in /Applications/MAMP/htdocs/php_pro/staff_list.php on line 23
[23-Jul-2020 09:37:30 UTC] PHP Notice:  Undefined index: code in /Applications/MAMP/htdocs/php_pro/staff_list.php on line 23
[23-Jul-2020 09:37:30 UTC] PHP Notice:  Undefined index: code in /Applications/MAMP/htdocs/php_pro/staff_list.php on line 23
[23-Jul-2020 09:37:30 UTC] PHP Notice:  Undefined index: code in /Applications/MAMP/htdocs/php_pro/staff_list.php on line 23
[23-Jul-2020 09:37:30 UTC] PHP Notice:  Undefined index: code in /Applications/MAMP/htdocs/php_pro/staff_list.php on line 23
[23-Jul-2020 09:37:30 UTC] PHP Notice:  Undefined index: code in /Applications/MAMP/htdocs/php_pro/staff_list.php on line 23
[23-Jul-2020 09:37:30 UTC] PHP Notice:  Undefined index: code in /Applications/MAMP/htdocs/php_pro/staff_list.php on line 23
[23-Jul-2020 09:37:30 UTC] PHP Notice:  Undefined index: code in /Applications/MAMP/htdocs/php_pro/staff_list.php on line 23
[23-Jul-2020 09:42:39 UTC] PHP Notice:  Array to string conversion in /Applications/MAMP/htdocs/php_pro/staff_list.php on line 20
[23-Jul-2020 09:42:39 UTC] デバッグ:デバッグ:Array
[23-Jul-2020 09:42:39 UTC] PHP Notice:  Array to string conversion in /Applications/MAMP/htdocs/php_pro/staff_list.php on line 20
[23-Jul-2020 09:42:39 UTC] デバッグ:デバッグ:Array
[23-Jul-2020 09:42:39 UTC] PHP Notice:  Array to string conversion in /Applications/MAMP/htdocs/php_pro/staff_list.php on line 20
[23-Jul-2020 09:42:39 UTC] デバッグ:デバッグ:Array
[23-Jul-2020 09:42:39 UTC] PHP Notice:  Array to string conversion in /Applications/MAMP/htdocs/php_pro/staff_list.php on line 20
[23-Jul-2020 09:42:39 UTC] デバッグ:デバッグ:Array
[23-Jul-2020 09:42:39 UTC] PHP Notice:  Array to string conversion in /Applications/MAMP/htdocs/php_pro/staff_list.php on line 20
[23-Jul-2020 09:42:39 UTC] デバッグ:デバッグ:Array
[23-Jul-2020 09:42:39 UTC] PHP Notice:  Array to string conversion in /Applications/MAMP/htdocs/php_pro/staff_list.php on line 20
[23-Jul-2020 09:42:39 UTC] デバッグ:デバッグ:Array
[23-Jul-2020 09:42:39 UTC] PHP Notice:  Array to string conversion in /Applications/MAMP/htdocs/php_pro/staff_list.php on line 20
[23-Jul-2020 09:42:39 UTC] デバッグ:デバッグ:Array
[23-Jul-2020 09:42:39 UTC] PHP Notice:  Array to string conversion in /Applications/MAMP/htdocs/php_pro/staff_list.php on line 20
[23-Jul-2020 09:42:39 UTC] デバッグ:デバッグ:Array
[23-Jul-2020 09:42:39 UTC] PHP Notice:  Array to string conversion in /Applications/MAMP/htdocs/php_pro/staff_list.php on line 20
[23-Jul-2020 09:42:39 UTC] デバッグ:デバッグ:Array
[23-Jul-2020 09:42:39 UTC] デバッグ:デバッグ:
[23-Jul-2020 09:43:02 UTC] デバッグ:デバッグ:ろくまる
[23-Jul-2020 09:43:02 UTC] デバッグ:デバッグ:啓介
[23-Jul-2020 09:43:02 UTC] デバッグ:デバッグ:keisuke
[23-Jul-2020 09:43:02 UTC] デバッグ:デバッグ:zawa
[23-Jul-2020 09:43:02 UTC] デバッグ:デバッグ:kkk
[23-Jul-2020 09:43:02 UTC] デバッグ:デバッグ:kkk
[23-Jul-2020 09:43:02 UTC] デバッグ:デバッグ:sss
[23-Jul-2020 09:43:02 UTC] デバッグ:デバッグ:sss
[23-Jul-2020 09:43:02 UTC] デバッグ:デバッグ:sss
[23-Jul-2020 09:43:02 UTC] PHP Notice:  Trying to access array offset on value of type bool in /Applications/MAMP/htdocs/php_pro/staff_list.php on line 20
[23-Jul-2020 09:43:02 UTC] デバッグ:デバッグ:
[23-Jul-2020 09:43:23 UTC] デバッグ:デバッグ:1
[23-Jul-2020 09:43:23 UTC] デバッグ:デバッグ:5
[23-Jul-2020 09:43:23 UTC] デバッグ:デバッグ:6
[23-Jul-2020 09:43:23 UTC] デバッグ:デバッグ:7
[23-Jul-2020 09:43:23 UTC] デバッグ:デバッグ:8
[23-Jul-2020 09:43:23 UTC] デバッグ:デバッグ:9
[23-Jul-2020 09:43:23 UTC] デバッグ:デバッグ:10
[23-Jul-2020 09:43:23 UTC] デバッグ:デバッグ:11
[23-Jul-2020 09:43:23 UTC] デバッグ:デバッグ:12
[23-Jul-2020 09:43:23 UTC] PHP Notice:  Trying to access array offset on value of type bool in /Applications/MAMP/htdocs/php_pro/staff_list.php on line 20
[23-Jul-2020 09:43:23 UTC] デバッグ:デバッグ:
[23-Jul-2020 09:43:54 UTC] デバッグ:デバッグ:
[23-Jul-2020 09:44:03 UTC] デバッグ:デバッグ:
[23-Jul-2020 09:44:20 UTC] デバッグ:$rec
[23-Jul-2020 09:44:31 UTC] デバッグ:$rec
[23-Jul-2020 10:13:21 UTC] PHP Notice:  Trying to access array offset on value of type bool in /Applications/MAMP/htdocs/php_pro/staff_edit.php on line 25
[23-Jul-2020 10:16:54 UTC] PHP Notice:  Trying to access array offset on value of type bool in /Applications/MAMP/htdocs/php_pro/staff_edit.php on line 25
[23-Jul-2020 10:19:12 UTC] PHP Warning:  PDOStatement::execute() expects parameter 1 to be array, string given in /Applications/MAMP/htdocs/php_pro/staff_edit.php on line 23
[23-Jul-2020 10:19:12 UTC] PHP Notice:  Trying to access array offset on value of type bool in /Applications/MAMP/htdocs/php_pro/staff_edit.php on line 26
[23-Jul-2020 14:55:06 UTC] デバッグ:「「「「「「「「「「「「「「「「「「「「「「「「「「「「「「「「「「「「「「「「
[23-Jul-2020 14:55:06 UTC] デバッグ:「スタッフ確認ページ
[23-Jul-2020 14:55:06 UTC] デバッグ:「「「「「「「「「「「「「「「「「「「「「「「「「「「「「「「「「「「「「「「「
[23-Jul-2020 14:55:06 UTC] デバッグ:スタッフ名啓介
[23-Jul-2020 14:55:06 UTC] デバッグ:パスワードkeisuke
[23-Jul-2020 14:55:06 UTC] デバッグ:パスワード再入力keisuke
[23-Jul-2020 14:55:09 UTC] デバッグ:「「「「「「「「「「「「「「「「「「「「「「「「「「「「「「「「「「「「「「「「
[23-Jul-2020 14:55:09 UTC] デバッグ:「スタッフ登録ページ
[23-Jul-2020 14:55:09 UTC] デバッグ:「「「「「「「「「「「「「「「「「「「「「「「「「「「「「「「「「「「「「「「「
[23-Jul-2020 14:55:09 UTC] デバッグ:デバッグ啓介
[23-Jul-2020 14:55:09 UTC] デバッグ:デバッグ$2y$10$j1FuHgChAbFFb56VxqMBrOUYV4oewE8vOE/htmM8kUVrzxeCp45C.
[23-Jul-2020 14:55:09 UTC] デバッグ:クエリに失敗しました。
[23-Jul-2020 14:55:09 UTC] デバッグ:失敗したSQL：PDOStatement Object
(
    [queryString] => UPDATE mst_staff SET name = :u_name, password = :pass, WHERE code = :code
)

[23-Jul-2020 14:55:09 UTC] デバッグ:UPDATE mst_staff SET name = :u_name, password = :pass, WHERE code = :code
[23-Jul-2020 14:55:23 UTC] デバッグ:「「「「「「「「「「「「「「「「「「「「「「「「「「「「「「「「「「「「「「「「
[23-Jul-2020 14:55:23 UTC] デバッグ:「スタッフ確認ページ
[23-Jul-2020 14:55:23 UTC] デバッグ:「「「「「「「「「「「「「「「「「「「「「「「「「「「「「「「「「「「「「「「「
[23-Jul-2020 14:55:23 UTC] デバッグ:スタッフ名啓介
[23-Jul-2020 14:55:23 UTC] デバッグ:パスワードkeisukekeisuke
[23-Jul-2020 14:55:23 UTC] デバッグ:パスワード再入力keisukekeisuke
[23-Jul-2020 14:55:25 UTC] デバッグ:「「「「「「「「「「「「「「「「「「「「「「「「「「「「「「「「「「「「「「「「
[23-Jul-2020 14:55:25 UTC] デバッグ:「スタッフ登録ページ
[23-Jul-2020 14:55:25 UTC] デバッグ:「「「「「「「「「「「「「「「「「「「「「「「「「「「「「「「「「「「「「「「「
[23-Jul-2020 14:55:25 UTC] デバッグ:デバッグ啓介
[23-Jul-2020 14:55:25 UTC] デバッグ:デバッグ$2y$10$IoYLQCdk3nf.JioP6SZBX.zt2IW5HFz.baaonRZ6pfCyhcBs9IQ1G
[23-Jul-2020 14:55:25 UTC] デバッグ:クエリに失敗しました。
[23-Jul-2020 14:55:25 UTC] デバッグ:失敗したSQL：PDOStatement Object
(
    [queryString] => UPDATE mst_staff SET name = :u_name, password = :pass, WHERE code = :code
)

[23-Jul-2020 14:55:25 UTC] デバッグ:UPDATE mst_staff SET name = :u_name, password = :pass, WHERE code = :code
[23-Jul-2020 14:55:45 UTC] デバッグ:「「「「「「「「「「「「「「「「「「「「「「「「「「「「「「「「「「「「「「「「
[23-Jul-2020 14:55:45 UTC] デバッグ:「スタッフ確認ページ
[23-Jul-2020 14:55:45 UTC] デバッグ:「「「「「「「「「「「「「「「「「「「「「「「「「「「「「「「「「「「「「「「「
[23-Jul-2020 14:55:45 UTC] デバッグ:スタッフ名zawazawa
[23-Jul-2020 14:55:45 UTC] デバッグ:パスワードkeisuke
[23-Jul-2020 14:55:45 UTC] デバッグ:パスワード再入力keisuke
[23-Jul-2020 14:55:48 UTC] デバッグ:「「「「「「「「「「「「「「「「「「「「「「「「「「「「「「「「「「「「「「「「
[23-Jul-2020 14:55:48 UTC] デバッグ:「スタッフ登録ページ
[23-Jul-2020 14:55:48 UTC] デバッグ:「「「「「「「「「「「「「「「「「「「「「「「「「「「「「「「「「「「「「「「「
[23-Jul-2020 14:55:48 UTC] デバッグ:デバッグzawazawa
[23-Jul-2020 14:55:48 UTC] デバッグ:デバッグ$2y$10$ytoCPL.L2YoSscx6nHcfk.DtPJq4RKsbnCPUkSCesAP.UwSS.k8k6
[23-Jul-2020 14:55:48 UTC] デバッグ:クエリに失敗しました。
[23-Jul-2020 14:55:48 UTC] デバッグ:失敗したSQL：PDOStatement Object
(
    [queryString] => UPDATE mst_staff SET name = :u_name, password = :pass, WHERE code = :code
)

[23-Jul-2020 14:55:48 UTC] デバッグ:UPDATE mst_staff SET name = :u_name, password = :pass, WHERE code = :code
[23-Jul-2020 14:56:06 UTC] デバッグ:「「「「「「「「「「「「「「「「「「「「「「「「「「「「「「「「「「「「「「「「
[23-Jul-2020 14:56:06 UTC] デバッグ:「スタッフ確認ページ
[23-Jul-2020 14:56:06 UTC] デバッグ:「「「「「「「「「「「「「「「「「「「「「「「「「「「「「「「「「「「「「「「「
[23-Jul-2020 14:56:06 UTC] デバッグ:スタッフ名zawazawa
[23-Jul-2020 14:56:06 UTC] デバッグ:パスワードkeisukekeisuke
[23-Jul-2020 14:56:06 UTC] デバッグ:パスワード再入力keisukekeisuke
[23-Jul-2020 14:56:08 UTC] デバッグ:「「「「「「「「「「「「「「「「「「「「「「「「「「「「「「「「「「「「「「「「
[23-Jul-2020 14:56:08 UTC] デバッグ:「スタッフ登録ページ
[23-Jul-2020 14:56:08 UTC] デバッグ:「「「「「「「「「「「「「「「「「「「「「「「「「「「「「「「「「「「「「「「「
[23-Jul-2020 14:56:08 UTC] デバッグ:デバッグzawazawa
[23-Jul-2020 14:56:08 UTC] デバッグ:デバッグ$2y$10$TtMoYtDHnbm83KjgRZ8QReHkU4bFSAWYSSAAVC73jrlX8Om7IjDZu
[23-Jul-2020 14:56:08 UTC] デバッグ:クエリに失敗しました。
[23-Jul-2020 14:56:08 UTC] デバッグ:失敗したSQL：PDOStatement Object
(
    [queryString] => UPDATE mst_staff SET name = :u_name, password = :pass, WHERE code = :code
)

[23-Jul-2020 14:56:08 UTC] デバッグ:UPDATE mst_staff SET name = :u_name, password = :pass, WHERE code = :code
[23-Jul-2020 15:01:11 UTC] デバッグ:「「「「「「「「「「「「「「「「「「「「「「「「「「「「「「「「「「「「「「「「
[23-Jul-2020 15:01:11 UTC] デバッグ:「staff_list.php
[23-Jul-2020 15:01:11 UTC] デバッグ:「「「「「「「「「「「「「「「「「「「「「「「「「「「「「「「「「「「「「「「「
[23-Jul-2020 15:01:44 UTC] デバッグ:「「「「「「「「「「「「「「「「「「「「「「「「「「「「「「「「「「「「「「「「
[23-Jul-2020 15:01:44 UTC] デバッグ:「staff_edit.php
[23-Jul-2020 15:01:44 UTC] デバッグ:「「「「「「「「「「「「「「「「「「「「「「「「「「「「「「「「「「「「「「「「
[23-Jul-2020 15:02:04 UTC] デバッグ:「「「「「「「「「「「「「「「「「「「「「「「「「「「「「「「「「「「「「「「「
[23-Jul-2020 15:02:04 UTC] デバッグ:「スタッフ確認ページ
[23-Jul-2020 15:02:04 UTC] デバッグ:「「「「「「「「「「「「「「「「「「「「「「「「「「「「「「「「「「「「「「「「
[23-Jul-2020 15:02:04 UTC] デバッグ:スタッフ名zawa
[23-Jul-2020 15:02:04 UTC] デバッグ:パスワードkeisuke
[23-Jul-2020 15:02:04 UTC] デバッグ:パスワード再入力keisuke
[23-Jul-2020 15:02:11 UTC] デバッグ:「「「「「「「「「「「「「「「「「「「「「「「「「「「「「「「「「「「「「「「「
[23-Jul-2020 15:02:11 UTC] デバッグ:「staff_edit_done.php
[23-Jul-2020 15:02:11 UTC] デバッグ:「「「「「「「「「「「「「「「「「「「「「「「「「「「「「「「「「「「「「「「「
[23-Jul-2020 15:02:11 UTC] デバッグ:デバッグzawa
[23-Jul-2020 15:02:11 UTC] デバッグ:デバッグ$2y$10$Thp2UGIqx2LLA/0L./oKVuA10rV4WlfJtvfUH62zypQjzVKjSHGKW
[23-Jul-2020 15:02:11 UTC] デバッグ:クエリに失敗しました。
[23-Jul-2020 15:02:11 UTC] デバッグ:失敗したSQL：PDOStatement Object
(
    [queryString] => UPDATE mst_staff SET name = :u_name, password = :pass, WHERE code = :code
)

[23-Jul-2020 15:02:11 UTC] デバッグ:UPDATE mst_staff SET name = :u_name, password = :pass, WHERE code = :code
[23-Jul-2020 15:02:31 UTC] デバッグ:「「「「「「「「「「「「「「「「「「「「「「「「「「「「「「「「「「「「「「「「
[23-Jul-2020 15:02:31 UTC] デバッグ:「staff_list.php
[23-Jul-2020 15:02:31 UTC] デバッグ:「「「「「「「「「「「「「「「「「「「「「「「「「「「「「「「「「「「「「「「「
[23-Jul-2020 15:02:48 UTC] デバッグ:「「「「「「「「「「「「「「「「「「「「「「「「「「「「「「「「「「「「「「「「
[23-Jul-2020 15:02:48 UTC] デバッグ:「スタッフ追加ページ
[23-Jul-2020 15:02:48 UTC] デバッグ:「「「「「「「「「「「「「「「「「「「「「「「「「「「「「「「「「「「「「「「「
[23-Jul-2020 15:02:59 UTC] デバッグ:「「「「「「「「「「「「「「「「「「「「「「「「「「「「「「「「「「「「「「「「
[23-Jul-2020 15:02:59 UTC] デバッグ:「スタッフ確認ページ
[23-Jul-2020 15:02:59 UTC] デバッグ:「「「「「「「「「「「「「「「「「「「「「「「「「「「「「「「「「「「「「「「「
[23-Jul-2020 15:02:59 UTC] デバッグ:スタッフ名ケイスケ
[23-Jul-2020 15:02:59 UTC] デバッグ:パスワードkeisuke
[23-Jul-2020 15:02:59 UTC] デバッグ:パスワード再入力keisuke
[23-Jul-2020 15:03:01 UTC] デバッグ:「「「「「「「「「「「「「「「「「「「「「「「「「「「「「「「「「「「「「「「「
[23-Jul-2020 15:03:01 UTC] デバッグ:「スタッフ登録ページ
[23-Jul-2020 15:03:01 UTC] デバッグ:「「「「「「「「「「「「「「「「「「「「「「「「「「「「「「「「「「「「「「「「
[23-Jul-2020 15:03:01 UTC] デバッグ:デバッグケイスケ
[23-Jul-2020 15:03:01 UTC] デバッグ:デバッグ$2y$10$cECiMNVoRm/TztGFb.9ak.KvyUT9Tgw7i.YD0gYZV9enHGGGpkTZG
[23-Jul-2020 15:03:01 UTC] デバッグ:クエリ成功。
[23-Jul-2020 15:03:01 UTC] デバッグ:INSERT INTO mst_staff (name,password) VALUES (:u_name,:pass)
[23-Jul-2020 15:03:03 UTC] デバッグ:「「「「「「「「「「「「「「「「「「「「「「「「「「「「「「「「「「「「「「「「
[23-Jul-2020 15:03:03 UTC] デバッグ:「staff_list.php
[23-Jul-2020 15:03:03 UTC] デバッグ:「「「「「「「「「「「「「「「「「「「「「「「「「「「「「「「「「「「「「「「「
[23-Jul-2020 15:03:05 UTC] デバッグ:「「「「「「「「「「「「「「「「「「「「「「「「「「「「「「「「「「「「「「「「
[23-Jul-2020 15:03:05 UTC] デバッグ:「staff_edit.php
[23-Jul-2020 15:03:05 UTC] デバッグ:「「「「「「「「「「「「「「「「「「「「「「「「「「「「「「「「「「「「「「「「
[23-Jul-2020 15:03:21 UTC] デバッグ:「「「「「「「「「「「「「「「「「「「「「「「「「「「「「「「「「「「「「「「「
[23-Jul-2020 15:03:21 UTC] デバッグ:「スタッフ確認ページ
[23-Jul-2020 15:03:21 UTC] デバッグ:「「「「「「「「「「「「「「「「「「「「「「「「「「「「「「「「「「「「「「「「
[23-Jul-2020 15:03:21 UTC] デバッグ:スタッフ名イシザワ
[23-Jul-2020 15:03:21 UTC] デバッグ:パスワードkeisuke
[23-Jul-2020 15:03:21 UTC] デバッグ:パスワード再入力keisuke
[23-Jul-2020 15:03:24 UTC] デバッグ:「「「「「「「「「「「「「「「「「「「「「「「「「「「「「「「「「「「「「「「「
[23-Jul-2020 15:03:24 UTC] デバッグ:「staff_edit_done.php
[23-Jul-2020 15:03:24 UTC] デバッグ:「「「「「「「「「「「「「「「「「「「「「「「「「「「「「「「「「「「「「「「「
[23-Jul-2020 15:03:24 UTC] デバッグ:デバッグイシザワ
[23-Jul-2020 15:03:24 UTC] デバッグ:デバッグ$2y$10$f.Hy/QWKEP9W4.Wr.0HMtec4ROp6z6mvWGdyFeARGUzj5ytMeL7Hy
[23-Jul-2020 15:03:24 UTC] デバッグ:クエリに失敗しました。
[23-Jul-2020 15:03:24 UTC] デバッグ:失敗したSQL：PDOStatement Object
(
    [queryString] => UPDATE mst_staff SET name = :u_name, password = :pass, WHERE code = :code
)

[23-Jul-2020 15:03:24 UTC] デバッグ:UPDATE mst_staff SET name = :u_name, password = :pass, WHERE code = :code
[23-Jul-2020 15:03:25 UTC] デバッグ:「「「「「「「「「「「「「「「「「「「「「「「「「「「「「「「「「「「「「「「「
[23-Jul-2020 15:03:25 UTC] デバッグ:「staff_list.php
[23-Jul-2020 15:03:25 UTC] デバッグ:「「「「「「「「「「「「「「「「「「「「「「「「「「「「「「「「「「「「「「「「
[23-Jul-2020 15:06:45 UTC] デバッグ:「「「「「「「「「「「「「「「「「「「「「「「「「「「「「「「「「「「「「「「「
[23-Jul-2020 15:06:45 UTC] デバッグ:「staff_edit.php
[23-Jul-2020 15:06:45 UTC] デバッグ:「「「「「「「「「「「「「「「「「「「「「「「「「「「「「「「「「「「「「「「「
[23-Jul-2020 15:06:52 UTC] デバッグ:「「「「「「「「「「「「「「「「「「「「「「「「「「「「「「「「「「「「「「「「
[23-Jul-2020 15:06:52 UTC] デバッグ:「スタッフ確認ページ
[23-Jul-2020 15:06:52 UTC] デバッグ:「「「「「「「「「「「「「「「「「「「「「「「「「「「「「「「「「「「「「「「「
[23-Jul-2020 15:06:52 UTC] デバッグ:スタッフ名ケイスケ
[23-Jul-2020 15:06:52 UTC] デバッグ:パスワードkeisuke
[23-Jul-2020 15:06:52 UTC] デバッグ:パスワード再入力keisuke
[23-Jul-2020 15:07:06 UTC] デバッグ:「「「「「「「「「「「「「「「「「「「「「「「「「「「「「「「「「「「「「「「「
[23-Jul-2020 15:07:06 UTC] デバッグ:「スタッフ確認ページ
[23-Jul-2020 15:07:06 UTC] デバッグ:「「「「「「「「「「「「「「「「「「「「「「「「「「「「「「「「「「「「「「「「
[23-Jul-2020 15:07:06 UTC] デバッグ:スタッフ名ざわざわ
[23-Jul-2020 15:07:06 UTC] デバッグ:パスワードkeisuke
[23-Jul-2020 15:07:06 UTC] デバッグ:パスワード再入力keisuke
[23-Jul-2020 15:07:07 UTC] デバッグ:「「「「「「「「「「「「「「「「「「「「「「「「「「「「「「「「「「「「「「「「
[23-Jul-2020 15:07:07 UTC] デバッグ:「staff_edit_done.php
[23-Jul-2020 15:07:07 UTC] デバッグ:「「「「「「「「「「「「「「「「「「「「「「「「「「「「「「「「「「「「「「「「
[23-Jul-2020 15:07:07 UTC] デバッグ:デバッグざわざわ
[23-Jul-2020 15:07:07 UTC] デバッグ:デバッグ$2y$10$nzKjt4y4FE2FVzkYgdXrBe3xgEqFobAVzcf9rPgS0TyxlpSwLnW7K
[23-Jul-2020 15:07:07 UTC] デバッグ:クエリ成功。
[23-Jul-2020 15:07:07 UTC] デバッグ:UPDATE mst_staff SET name = :u_name, password = :pass WHERE code = :code
[23-Jul-2020 15:07:08 UTC] デバッグ:「「「「「「「「「「「「「「「「「「「「「「「「「「「「「「「「「「「「「「「「
[23-Jul-2020 15:07:08 UTC] デバッグ:「staff_list.php
[23-Jul-2020 15:07:08 UTC] デバッグ:「「「「「「「「「「「「「「「「「「「「「「「「「「「「「「「「「「「「「「「「
[23-Jul-2020 15:19:26 UTC] デバッグ:「「「「「「「「「「「「「「「「「「「「「「「「「「「「「「「「「「「「「「「「
[23-Jul-2020 15:19:26 UTC] デバッグ:「staff_list.php
[23-Jul-2020 15:19:26 UTC] デバッグ:「「「「「「「「「「「「「「「「「「「「「「「「「「「「「「「「「「「「「「「「
[23-Jul-2020 15:19:29 UTC] デバッグ:「「「「「「「「「「「「「「「「「「「「「「「「「「「「「「「「「「「「「「「「
[23-Jul-2020 15:19:29 UTC] デバッグ:「staff_branch.php
[23-Jul-2020 15:19:29 UTC] デバッグ:「「「「「「「「「「「「「「「「「「「「「「「「「「「「「「「「「「「「「「「「
[23-Jul-2020 15:30:08 UTC] デバッグ:「「「「「「「「「「「「「「「「「「「「「「「「「「「「「「「「「「「「「「「「
[23-Jul-2020 15:30:08 UTC] デバッグ:「staff_branch.php
[23-Jul-2020 15:30:08 UTC] デバッグ:「「「「「「「「「「「「「「「「「「「「「「「「「「「「「「「「「「「「「「「「
[23-Jul-2020 15:30:08 UTC] デバッグ:修正ボタンが押されました
[23-Jul-2020 15:30:08 UTC] デバッグ:「「「「「「「「「「「「「「「「「「「「「「「「「「「「「「「「「「「「「「「「
[23-Jul-2020 15:30:08 UTC] デバッグ:「staff_edit.php
[23-Jul-2020 15:30:08 UTC] デバッグ:「「「「「「「「「「「「「「「「「「「「「「「「「「「「「「「「「「「「「「「「
[23-Jul-2020 15:30:08 UTC] PHP Notice:  Undefined index: staffcode in /Applications/MAMP/htdocs/php_pro/staff_edit.php on line 17
[23-Jul-2020 15:30:08 UTC] PHP Notice:  Trying to access array offset on value of type bool in /Applications/MAMP/htdocs/php_pro/staff_edit.php on line 30
[23-Jul-2020 15:30:26 UTC] デバッグ:「「「「「「「「「「「「「「「「「「「「「「「「「「「「「「「「「「「「「「「「
[23-Jul-2020 15:30:26 UTC] デバッグ:「staff_branch.php
[23-Jul-2020 15:30:26 UTC] デバッグ:「「「「「「「「「「「「「「「「「「「「「「「「「「「「「「「「「「「「「「「「
[23-Jul-2020 15:30:26 UTC] デバッグ:修正ボタンが押されました
[23-Jul-2020 15:30:26 UTC] デバッグ:「「「「「「「「「「「「「「「「「「「「「「「「「「「「「「「「「「「「「「「「
[23-Jul-2020 15:30:26 UTC] デバッグ:「staff_edit.php
[23-Jul-2020 15:30:26 UTC] デバッグ:「「「「「「「「「「「「「「「「「「「「「「「「「「「「「「「「「「「「「「「「
[23-Jul-2020 15:30:26 UTC] PHP Notice:  Undefined index: staffcode in /Applications/MAMP/htdocs/php_pro/staff_edit.php on line 17
[23-Jul-2020 15:30:26 UTC] PHP Notice:  Trying to access array offset on value of type bool in /Applications/MAMP/htdocs/php_pro/staff_edit.php on line 30
[23-Jul-2020 15:30:37 UTC] デバッグ:「「「「「「「「「「「「「「「「「「「「「「「「「「「「「「「「「「「「「「「「
[23-Jul-2020 15:30:37 UTC] デバッグ:「staff_branch.php
[23-Jul-2020 15:30:37 UTC] デバッグ:「「「「「「「「「「「「「「「「「「「「「「「「「「「「「「「「「「「「「「「「
[23-Jul-2020 15:30:37 UTC] デバッグ:修正ボタンが押されました
[23-Jul-2020 15:30:37 UTC] デバッグ:「「「「「「「「「「「「「「「「「「「「「「「「「「「「「「「「「「「「「「「「
[23-Jul-2020 15:30:37 UTC] デバッグ:「staff_edit.php
[23-Jul-2020 15:30:37 UTC] デバッグ:「「「「「「「「「「「「「「「「「「「「「「「「「「「「「「「「「「「「「「「「
[23-Jul-2020 15:30:37 UTC] PHP Notice:  Undefined index: staffcode in /Applications/MAMP/htdocs/php_pro/staff_edit.php on line 17
[23-Jul-2020 15:30:37 UTC] PHP Notice:  Trying to access array offset on value of type bool in /Applications/MAMP/htdocs/php_pro/staff_edit.php on line 30
[23-Jul-2020 15:30:41 UTC] デバッグ:「「「「「「「「「「「「「「「「「「「「「「「「「「「「「「「「「「「「「「「「
[23-Jul-2020 15:30:41 UTC] デバッグ:「staff_branch.php
[23-Jul-2020 15:30:41 UTC] デバッグ:「「「「「「「「「「「「「「「「「「「「「「「「「「「「「「「「「「「「「「「「
[23-Jul-2020 15:30:41 UTC] デバッグ:修正ボタンが押されました
[23-Jul-2020 15:30:41 UTC] デバッグ:「「「「「「「「「「「「「「「「「「「「「「「「「「「「「「「「「「「「「「「「
[23-Jul-2020 15:30:41 UTC] デバッグ:「staff_edit.php
[23-Jul-2020 15:30:41 UTC] デバッグ:「「「「「「「「「「「「「「「「「「「「「「「「「「「「「「「「「「「「「「「「
[23-Jul-2020 15:30:41 UTC] PHP Notice:  Undefined index: staffcode in /Applications/MAMP/htdocs/php_pro/staff_edit.php on line 17
[23-Jul-2020 15:30:41 UTC] PHP Notice:  Trying to access array offset on value of type bool in /Applications/MAMP/htdocs/php_pro/staff_edit.php on line 30
[23-Jul-2020 15:31:01 UTC] デバッグ:「「「「「「「「「「「「「「「「「「「「「「「「「「「「「「「「「「「「「「「「
[23-Jul-2020 15:31:01 UTC] デバッグ:「staff_branch.php
[23-Jul-2020 15:31:01 UTC] デバッグ:「「「「「「「「「「「「「「「「「「「「「「「「「「「「「「「「「「「「「「「「
[23-Jul-2020 15:31:01 UTC] デバッグ:修正ボタンが押されました
[23-Jul-2020 15:31:01 UTC] デバッグ:「「「「「「「「「「「「「「「「「「「「「「「「「「「「「「「「「「「「「「「「
[23-Jul-2020 15:31:01 UTC] デバッグ:「staff_edit.php
[23-Jul-2020 15:31:01 UTC] デバッグ:「「「「「「「「「「「「「「「「「「「「「「「「「「「「「「「「「「「「「「「「
[23-Jul-2020 15:31:01 UTC] PHP Notice:  Undefined index: staffcode in /Applications/MAMP/htdocs/php_pro/staff_edit.php on line 17
[23-Jul-2020 15:31:01 UTC] PHP Notice:  Trying to access array offset on value of type bool in /Applications/MAMP/htdocs/php_pro/staff_edit.php on line 30
[23-Jul-2020 15:32:11 UTC] デバッグ:「「「「「「「「「「「「「「「「「「「「「「「「「「「「「「「「「「「「「「「「
[23-Jul-2020 15:32:11 UTC] デバッグ:「staff_branch.php
[23-Jul-2020 15:32:11 UTC] デバッグ:「「「「「「「「「「「「「「「「「「「「「「「「「「「「「「「「「「「「「「「「
[23-Jul-2020 15:32:11 UTC] デバッグ:修正ボタンが押されました
[23-Jul-2020 15:32:11 UTC] デバッグ:「「「「「「「「「「「「「「「「「「「「「「「「「「「「「「「「「「「「「「「「
[23-Jul-2020 15:32:11 UTC] デバッグ:「staff_edit.php
[23-Jul-2020 15:32:11 UTC] デバッグ:「「「「「「「「「「「「「「「「「「「「「「「「「「「「「「「「「「「「「「「「
[23-Jul-2020 15:32:11 UTC] PHP Notice:  Undefined index: staffcode in /Applications/MAMP/htdocs/php_pro/staff_edit.php on line 17
[23-Jul-2020 15:32:11 UTC] PHP Notice:  Trying to access array offset on value of type bool in /Applications/MAMP/htdocs/php_pro/staff_edit.php on line 30
[23-Jul-2020 15:35:11 UTC] デバッグ:「「「「「「「「「「「「「「「「「「「「「「「「「「「「「「「「「「「「「「「「
[23-Jul-2020 15:35:11 UTC] デバッグ:「staff_list.php
[23-Jul-2020 15:35:11 UTC] デバッグ:「「「「「「「「「「「「「「「「「「「「「「「「「「「「「「「「「「「「「「「「
[23-Jul-2020 15:35:13 UTC] デバッグ:「「「「「「「「「「「「「「「「「「「「「「「「「「「「「「「「「「「「「「「「
[23-Jul-2020 15:35:13 UTC] デバッグ:「staff_branch.php
[23-Jul-2020 15:35:13 UTC] デバッグ:「「「「「「「「「「「「「「「「「「「「「「「「「「「「「「「「「「「「「「「「
[23-Jul-2020 15:35:13 UTC] デバッグ:修正ボタンが押されました
[23-Jul-2020 15:35:13 UTC] デバッグ:「「「「「「「「「「「「「「「「「「「「「「「「「「「「「「「「「「「「「「「「
[23-Jul-2020 15:35:13 UTC] デバッグ:「staff_edit.php
[23-Jul-2020 15:35:13 UTC] デバッグ:「「「「「「「「「「「「「「「「「「「「「「「「「「「「「「「「「「「「「「「「
[23-Jul-2020 15:35:13 UTC] PHP Notice:  Undefined index: staffcode in /Applications/MAMP/htdocs/php_pro/staff_edit.php on line 17
[23-Jul-2020 15:35:13 UTC] PHP Notice:  Trying to access array offset on value of type bool in /Applications/MAMP/htdocs/php_pro/staff_edit.php on line 30
[23-Jul-2020 15:35:19 UTC] デバッグ:「「「「「「「「「「「「「「「「「「「「「「「「「「「「「「「「「「「「「「「「
[23-Jul-2020 15:35:19 UTC] デバッグ:「staff_branch.php
[23-Jul-2020 15:35:19 UTC] デバッグ:「「「「「「「「「「「「「「「「「「「「「「「「「「「「「「「「「「「「「「「「
[23-Jul-2020 15:35:19 UTC] デバッグ:削除ボタンが押されました
[23-Jul-2020 15:35:40 UTC] デバッグ:「「「「「「「「「「「「「「「「「「「「「「「「「「「「「「「「「「「「「「「「
[23-Jul-2020 15:35:40 UTC] デバッグ:「staff_branch.php
[23-Jul-2020 15:35:40 UTC] デバッグ:「「「「「「「「「「「「「「「「「「「「「「「「「「「「「「「「「「「「「「「「
[23-Jul-2020 15:35:40 UTC] デバッグ:修正ボタンが押されました
[23-Jul-2020 15:35:40 UTC] デバッグ:「「「「「「「「「「「「「「「「「「「「「「「「「「「「「「「「「「「「「「「「
[23-Jul-2020 15:35:40 UTC] デバッグ:「staff_edit.php
[23-Jul-2020 15:35:40 UTC] デバッグ:「「「「「「「「「「「「「「「「「「「「「「「「「「「「「「「「「「「「「「「「
[23-Jul-2020 15:35:40 UTC] PHP Notice:  Undefined index: staffcode in /Applications/MAMP/htdocs/php_pro/staff_edit.php on line 17
[23-Jul-2020 15:35:40 UTC] PHP Notice:  Trying to access array offset on value of type bool in /Applications/MAMP/htdocs/php_pro/staff_edit.php on line 30
[23-Jul-2020 15:43:14 UTC] デバッグ:「「「「「「「「「「「「「「「「「「「「「「「「「「「「「「「「「「「「「「「「
[23-Jul-2020 15:43:14 UTC] デバッグ:「staff_branch.php
[23-Jul-2020 15:43:14 UTC] デバッグ:「「「「「「「「「「「「「「「「「「「「「「「「「「「「「「「「「「「「「「「「
[23-Jul-2020 15:43:14 UTC] デバッグ:修正ボタンが押されました
[23-Jul-2020 15:43:15 UTC] デバッグ:「「「「「「「「「「「「「「「「「「「「「「「「「「「「「「「「「「「「「「「「
[23-Jul-2020 15:43:15 UTC] デバッグ:「staff_edit.php
[23-Jul-2020 15:43:15 UTC] デバッグ:「「「「「「「「「「「「「「「「「「「「「「「「「「「「「「「「「「「「「「「「
[23-Jul-2020 15:43:15 UTC] PHP Notice:  Undefined index: staffcode in /Applications/MAMP/htdocs/php_pro/staff_edit.php on line 17
[23-Jul-2020 15:43:15 UTC] PHP Notice:  Trying to access array offset on value of type bool in /Applications/MAMP/htdocs/php_pro/staff_edit.php on line 30
[23-Jul-2020 15:43:21 UTC] デバッグ:「「「「「「「「「「「「「「「「「「「「「「「「「「「「「「「「「「「「「「「「
[23-Jul-2020 15:43:21 UTC] デバッグ:「staff_branch.php
[23-Jul-2020 15:43:21 UTC] デバッグ:「「「「「「「「「「「「「「「「「「「「「「「「「「「「「「「「「「「「「「「「
[23-Jul-2020 15:43:21 UTC] デバッグ:削除ボタンが押されました
[23-Jul-2020 15:43:24 UTC] デバッグ:「「「「「「「「「「「「「「「「「「「「「「「「「「「「「「「「「「「「「「「「
[23-Jul-2020 15:43:24 UTC] デバッグ:「staff_branch.php
[23-Jul-2020 15:43:24 UTC] デバッグ:「「「「「「「「「「「「「「「「「「「「「「「「「「「「「「「「「「「「「「「「
[23-Jul-2020 15:43:24 UTC] デバッグ:修正ボタンが押されました
[23-Jul-2020 15:43:24 UTC] デバッグ:「「「「「「「「「「「「「「「「「「「「「「「「「「「「「「「「「「「「「「「「
[23-Jul-2020 15:43:24 UTC] デバッグ:「staff_edit.php
[23-Jul-2020 15:43:24 UTC] デバッグ:「「「「「「「「「「「「「「「「「「「「「「「「「「「「「「「「「「「「「「「「
[23-Jul-2020 15:43:24 UTC] PHP Notice:  Undefined index: staffcode in /Applications/MAMP/htdocs/php_pro/staff_edit.php on line 17
[23-Jul-2020 15:43:24 UTC] PHP Notice:  Trying to access array offset on value of type bool in /Applications/MAMP/htdocs/php_pro/staff_edit.php on line 30
[24-Jul-2020 01:34:10 UTC] デバッグ:「「「「「「「「「「「「「「「「「「「「「「「「「「「「「「「「「「「「「「「「
[24-Jul-2020 01:34:10 UTC] デバッグ:「staff_edit.php
[24-Jul-2020 01:34:10 UTC] デバッグ:「「「「「「「「「「「「「「「「「「「「「「「「「「「「「「「「「「「「「「「「
[24-Jul-2020 01:34:10 UTC] PHP Notice:  Undefined index: staffcode in /Applications/MAMP/htdocs/php_pro/staff_edit.php on line 17
[24-Jul-2020 01:34:10 UTC] PHP Notice:  Trying to access array offset on value of type bool in /Applications/MAMP/htdocs/php_pro/staff_edit.php on line 30
[24-Jul-2020 01:34:14 UTC] デバッグ:「「「「「「「「「「「「「「「「「「「「「「「「「「「「「「「「「「「「「「「「
[24-Jul-2020 01:34:14 UTC] デバッグ:「staff_branch.php
[24-Jul-2020 01:34:14 UTC] デバッグ:「「「「「「「「「「「「「「「「「「「「「「「「「「「「「「「「「「「「「「「「
[24-Jul-2020 01:34:14 UTC] デバッグ:修正ボタンが押されました
[24-Jul-2020 01:34:14 UTC] デバッグ:「「「「「「「「「「「「「「「「「「「「「「「「「「「「「「「「「「「「「「「「
[24-Jul-2020 01:34:14 UTC] デバッグ:「staff_edit.php
[24-Jul-2020 01:34:14 UTC] デバッグ:「「「「「「「「「「「「「「「「「「「「「「「「「「「「「「「「「「「「「「「「
[24-Jul-2020 01:34:19 UTC] デバッグ:「「「「「「「「「「「「「「「「「「「「「「「「「「「「「「「「「「「「「「「「
[24-Jul-2020 01:34:19 UTC] デバッグ:「staff_branch.php
[24-Jul-2020 01:34:19 UTC] デバッグ:「「「「「「「「「「「「「「「「「「「「「「「「「「「「「「「「「「「「「「「「
[24-Jul-2020 01:34:19 UTC] デバッグ:削除ボタンが押されました
[24-Jul-2020 01:34:22 UTC] デバッグ:「「「「「「「「「「「「「「「「「「「「「「「「「「「「「「「「「「「「「「「「
[24-Jul-2020 01:34:22 UTC] デバッグ:「staff_branch.php
[24-Jul-2020 01:34:22 UTC] デバッグ:「「「「「「「「「「「「「「「「「「「「「「「「「「「「「「「「「「「「「「「「
[24-Jul-2020 01:34:22 UTC] デバッグ:修正ボタンが押されました
[24-Jul-2020 01:34:22 UTC] デバッグ:「「「「「「「「「「「「「「「「「「「「「「「「「「「「「「「「「「「「「「「「
[24-Jul-2020 01:34:22 UTC] デバッグ:「staff_edit.php
[24-Jul-2020 01:34:22 UTC] デバッグ:「「「「「「「「「「「「「「「「「「「「「「「「「「「「「「「「「「「「「「「「
[24-Jul-2020 01:34:37 UTC] デバッグ:「「「「「「「「「「「「「「「「「「「「「「「「「「「「「「「「「「「「「「「「
[24-Jul-2020 01:34:37 UTC] デバッグ:「スタッフ確認ページ
[24-Jul-2020 01:34:37 UTC] デバッグ:「「「「「「「「「「「「「「「「「「「「「「「「「「「「「「「「「「「「「「「「
[24-Jul-2020 01:34:37 UTC] デバッグ:スタッフ名kkk
[24-Jul-2020 01:34:37 UTC] デバッグ:パスワードkkk
[24-Jul-2020 01:34:37 UTC] デバッグ:パスワード再入力kkk
[24-Jul-2020 01:35:29 UTC] デバッグ:「「「「「「「「「「「「「「「「「「「「「「「「「「「「「「「「「「「「「「「「
[24-Jul-2020 01:35:29 UTC] デバッグ:「スタッフ確認ページ
[24-Jul-2020 01:35:29 UTC] デバッグ:「「「「「「「「「「「「「「「「「「「「「「「「「「「「「「「「「「「「「「「「
[24-Jul-2020 01:35:29 UTC] デバッグ:スタッフ名kkk
[24-Jul-2020 01:35:29 UTC] デバッグ:パスワードkkk
[24-Jul-2020 01:35:29 UTC] デバッグ:パスワード再入力kkk
[24-Jul-2020 01:35:33 UTC] デバッグ:「「「「「「「「「「「「「「「「「「「「「「「「「「「「「「「「「「「「「「「「
[24-Jul-2020 01:35:33 UTC] デバッグ:「staff_edit_done.php
[24-Jul-2020 01:35:33 UTC] デバッグ:「「「「「「「「「「「「「「「「「「「「「「「「「「「「「「「「「「「「「「「「
[24-Jul-2020 01:35:33 UTC] デバッグ:デバッグkkk
[24-Jul-2020 01:35:33 UTC] デバッグ:デバッグ$2y$10$57HRLjQfCE0WrZQhKT6N7OOQUsvVhjtOrvi5aXmZ4.DQ4KEw9fUti
[24-Jul-2020 01:35:33 UTC] デバッグ:クエリ成功。
[24-Jul-2020 01:35:33 UTC] デバッグ:UPDATE mst_staff SET name = :u_name, password = :pass WHERE code = :code
[24-Jul-2020 01:35:37 UTC] デバッグ:「「「「「「「「「「「「「「「「「「「「「「「「「「「「「「「「「「「「「「「「
[24-Jul-2020 01:35:37 UTC] デバッグ:「staff_list.php
[24-Jul-2020 01:35:37 UTC] デバッグ:「「「「「「「「「「「「「「「「「「「「「「「「「「「「「「「「「「「「「「「「
[24-Jul-2020 01:35:48 UTC] デバッグ:「「「「「「「「「「「「「「「「「「「「「「「「「「「「「「「「「「「「「「「「
[24-Jul-2020 01:35:48 UTC] デバッグ:「staff_branch.php
[24-Jul-2020 01:35:48 UTC] デバッグ:「「「「「「「「「「「「「「「「「「「「「「「「「「「「「「「「「「「「「「「「
[24-Jul-2020 01:35:48 UTC] デバッグ:修正ボタンが押されました
[24-Jul-2020 01:35:48 UTC] デバッグ:「「「「「「「「「「「「「「「「「「「「「「「「「「「「「「「「「「「「「「「「
[24-Jul-2020 01:35:48 UTC] デバッグ:「staff_edit.php
[24-Jul-2020 01:35:48 UTC] デバッグ:「「「「「「「「「「「「「「「「「「「「「「「「「「「「「「「「「「「「「「「「
[24-Jul-2020 01:35:56 UTC] デバッグ:「「「「「「「「「「「「「「「「「「「「「「「「「「「「「「「「「「「「「「「「
[24-Jul-2020 01:35:56 UTC] デバッグ:「スタッフ確認ページ
[24-Jul-2020 01:35:56 UTC] デバッグ:「「「「「「「「「「「「「「「「「「「「「「「「「「「「「「「「「「「「「「「「
[24-Jul-2020 01:35:56 UTC] デバッグ:スタッフ名zzz
[24-Jul-2020 01:35:56 UTC] デバッグ:パスワードzzz
[24-Jul-2020 01:35:56 UTC] デバッグ:パスワード再入力zzz
[24-Jul-2020 01:36:00 UTC] デバッグ:「「「「「「「「「「「「「「「「「「「「「「「「「「「「「「「「「「「「「「「「
[24-Jul-2020 01:36:00 UTC] デバッグ:「staff_edit_done.php
[24-Jul-2020 01:36:00 UTC] デバッグ:「「「「「「「「「「「「「「「「「「「「「「「「「「「「「「「「「「「「「「「「
[24-Jul-2020 01:36:00 UTC] デバッグ:デバッグzzz
[24-Jul-2020 01:36:00 UTC] デバッグ:デバッグ$2y$10$8amxXJuNxsaO2VykkWJy7eiYiBdWQtY.ayIPS2QP3FvkjUglokkN.
[24-Jul-2020 01:36:00 UTC] デバッグ:クエリ成功。
[24-Jul-2020 01:36:00 UTC] デバッグ:UPDATE mst_staff SET name = :u_name, password = :pass WHERE code = :code
[24-Jul-2020 01:36:02 UTC] デバッグ:「「「「「「「「「「「「「「「「「「「「「「「「「「「「「「「「「「「「「「「「
[24-Jul-2020 01:36:02 UTC] デバッグ:「staff_list.php
[24-Jul-2020 01:36:02 UTC] デバッグ:「「「「「「「「「「「「「「「「「「「「「「「「「「「「「「「「「「「「「「「「
[24-Jul-2020 01:36:22 UTC] デバッグ:「「「「「「「「「「「「「「「「「「「「「「「「「「「「「「「「「「「「「「「「
[24-Jul-2020 01:36:22 UTC] デバッグ:「staff_branch.php
[24-Jul-2020 01:36:22 UTC] デバッグ:「「「「「「「「「「「「「「「「「「「「「「「「「「「「「「「「「「「「「「「「
[24-Jul-2020 01:36:22 UTC] デバッグ:修正ボタンが押されました
[24-Jul-2020 01:36:22 UTC] PHP Notice:  Undefined index: staffcode in /Applications/MAMP/htdocs/php_pro/staff_branch.php on line 9
[24-Jul-2020 01:36:22 UTC] デバッグ:「「「「「「「「「「「「「「「「「「「「「「「「「「「「「「「「「「「「「「「「
[24-Jul-2020 01:36:22 UTC] デバッグ:「staff_edit.php
[24-Jul-2020 01:36:22 UTC] デバッグ:「「「「「「「「「「「「「「「「「「「「「「「「「「「「「「「「「「「「「「「「
[24-Jul-2020 01:36:22 UTC] PHP Notice:  Trying to access array offset on value of type bool in /Applications/MAMP/htdocs/php_pro/staff_edit.php on line 30
[24-Jul-2020 01:42:35 UTC] デバッグ:「「「「「「「「「「「「「「「「「「「「「「「「「「「「「「「「「「「「「「「「
[24-Jul-2020 01:42:35 UTC] デバッグ:「staff_branch.php
[24-Jul-2020 01:42:35 UTC] デバッグ:「「「「「「「「「「「「「「「「「「「「「「「「「「「「「「「「「「「「「「「「
[24-Jul-2020 01:42:35 UTC] デバッグ:修正ボタンが押されました
[24-Jul-2020 01:42:46 UTC] デバッグ:「「「「「「「「「「「「「「「「「「「「「「「「「「「「「「「「「「「「「「「「
[24-Jul-2020 01:42:46 UTC] デバッグ:「staff_list.php
[24-Jul-2020 01:42:46 UTC] デバッグ:「「「「「「「「「「「「「「「「「「「「「「「「「「「「「「「「「「「「「「「「
[24-Jul-2020 01:42:49 UTC] デバッグ:「「「「「「「「「「「「「「「「「「「「「「「「「「「「「「「「「「「「「「「「
[24-Jul-2020 01:42:49 UTC] デバッグ:「staff_branch.php
[24-Jul-2020 01:42:49 UTC] デバッグ:「「「「「「「「「「「「「「「「「「「「「「「「「「「「「「「「「「「「「「「「
[24-Jul-2020 01:42:49 UTC] デバッグ:修正ボタンが押されました
[24-Jul-2020 01:42:50 UTC] デバッグ:「「「「「「「「「「「「「「「「「「「「「「「「「「「「「「「「「「「「「「「「
[24-Jul-2020 01:42:50 UTC] デバッグ:「staff_list.php
[24-Jul-2020 01:42:50 UTC] デバッグ:「「「「「「「「「「「「「「「「「「「「「「「「「「「「「「「「「「「「「「「「
[24-Jul-2020 01:42:52 UTC] デバッグ:「「「「「「「「「「「「「「「「「「「「「「「「「「「「「「「「「「「「「「「「
[24-Jul-2020 01:42:52 UTC] デバッグ:「staff_branch.php
[24-Jul-2020 01:42:52 UTC] デバッグ:「「「「「「「「「「「「「「「「「「「「「「「「「「「「「「「「「「「「「「「「
[24-Jul-2020 01:42:52 UTC] デバッグ:削除ボタンが押されました
[24-Jul-2020 01:43:20 UTC] デバッグ:「「「「「「「「「「「「「「「「「「「「「「「「「「「「「「「「「「「「「「「「
[24-Jul-2020 01:43:20 UTC] デバッグ:「staff_branch.php
[24-Jul-2020 01:43:20 UTC] デバッグ:「「「「「「「「「「「「「「「「「「「「「「「「「「「「「「「「「「「「「「「「
[24-Jul-2020 01:43:20 UTC] デバッグ:削除ボタンが押されました
[24-Jul-2020 01:43:22 UTC] デバッグ:「「「「「「「「「「「「「「「「「「「「「「「「「「「「「「「「「「「「「「「「
[24-Jul-2020 01:43:22 UTC] デバッグ:「staff_list.php
[24-Jul-2020 01:43:22 UTC] デバッグ:「「「「「「「「「「「「「「「「「「「「「「「「「「「「「「「「「「「「「「「「
[24-Jul-2020 01:48:22 UTC] デバッグ:「「「「「「「「「「「「「「「「「「「「「「「「「「「「「「「「「「「「「「「「
[24-Jul-2020 01:48:22 UTC] デバッグ:「staff_branch.php
[24-Jul-2020 01:48:22 UTC] デバッグ:「「「「「「「「「「「「「「「「「「「「「「「「「「「「「「「「「「「「「「「「
[24-Jul-2020 01:48:22 UTC] デバッグ:削除ボタンが押されました
[24-Jul-2020 01:48:24 UTC] デバッグ:「「「「「「「「「「「「「「「「「「「「「「「「「「「「「「「「「「「「「「「「
[24-Jul-2020 01:48:24 UTC] デバッグ:「staff_list.php
[24-Jul-2020 01:48:24 UTC] デバッグ:「「「「「「「「「「「「「「「「「「「「「「「「「「「「「「「「「「「「「「「「
[24-Jul-2020 01:48:26 UTC] デバッグ:「「「「「「「「「「「「「「「「「「「「「「「「「「「「「「「「「「「「「「「「
[24-Jul-2020 01:48:26 UTC] デバッグ:「staff_branch.php
[24-Jul-2020 01:48:26 UTC] デバッグ:「「「「「「「「「「「「「「「「「「「「「「「「「「「「「「「「「「「「「「「「
[24-Jul-2020 01:48:26 UTC] デバッグ:削除ボタンが押されました
[24-Jul-2020 01:48:26 UTC] デバッグ:「「「「「「「「「「「「「「「「「「「「「「「「「「「「「「「「「「「「「「「「
[24-Jul-2020 01:48:26 UTC] デバッグ:「staff_edit.php
[24-Jul-2020 01:48:26 UTC] デバッグ:「「「「「「「「「「「「「「「「「「「「「「「「「「「「「「「「「「「「「「「「
[24-Jul-2020 01:49:05 UTC] デバッグ:「「「「「「「「「「「「「「「「「「「「「「「「「「「「「「「「「「「「「「「「
[24-Jul-2020 01:49:05 UTC] デバッグ:「staff_edit.php
[24-Jul-2020 01:49:05 UTC] デバッグ:「「「「「「「「「「「「「「「「「「「「「「「「「「「「「「「「「「「「「「「「
[24-Jul-2020 01:55:12 UTC] デバッグ:「「「「「「「「「「「「「「「「「「「「「「「「「「「「「「「「「「「「「「「「
[24-Jul-2020 01:55:12 UTC] デバッグ:「staff_branch.php
[24-Jul-2020 01:55:12 UTC] デバッグ:「「「「「「「「「「「「「「「「「「「「「「「「「「「「「「「「「「「「「「「「
[24-Jul-2020 01:55:12 UTC] デバッグ:削除ボタンが押されました
[24-Jul-2020 01:55:12 UTC] デバッグ:「「「「「「「「「「「「「「「「「「「「「「「「「「「「「「「「「「「「「「「「
[24-Jul-2020 01:55:12 UTC] デバッグ:「staff_edit.php
[24-Jul-2020 01:55:12 UTC] デバッグ:「「「「「「「「「「「「「「「「「「「「「「「「「「「「「「「「「「「「「「「「
[24-Jul-2020 01:55:13 UTC] デバッグ:「「「「「「「「「「「「「「「「「「「「「「「「「「「「「「「「「「「「「「「「
[24-Jul-2020 01:55:13 UTC] デバッグ:「staff_edit_done.php
[24-Jul-2020 01:55:13 UTC] デバッグ:「「「「「「「「「「「「「「「「「「「「「「「「「「「「「「「「「「「「「「「「
[24-Jul-2020 01:55:13 UTC] PHP Notice:  Undefined variable: staff_name in /Applications/MAMP/htdocs/php_pro/staff_delete_done.php on line 34
[24-Jul-2020 01:55:13 UTC] デバッグ:デバッグ
[24-Jul-2020 01:55:13 UTC] PHP Notice:  Undefined variable: staff_pass in /Applications/MAMP/htdocs/php_pro/staff_delete_done.php on line 35
[24-Jul-2020 01:55:13 UTC] デバッグ:デバッグ
[24-Jul-2020 01:55:13 UTC] デバッグ:クエリに失敗しました。
[24-Jul-2020 01:55:13 UTC] デバッグ:失敗したSQL：PDOStatement Object
(
    [queryString] => DELETE mst_staff WHERE code = :code
)

[24-Jul-2020 01:55:13 UTC] デバッグ:DELETE mst_staff WHERE code = :code
[24-Jul-2020 01:55:30 UTC] デバッグ:「「「「「「「「「「「「「「「「「「「「「「「「「「「「「「「「「「「「「「「「
[24-Jul-2020 01:55:30 UTC] デバッグ:「staff_list.php
[24-Jul-2020 01:55:30 UTC] デバッグ:「「「「「「「「「「「「「「「「「「「「「「「「「「「「「「「「「「「「「「「「
[24-Jul-2020 01:55:34 UTC] デバッグ:「「「「「「「「「「「「「「「「「「「「「「「「「「「「「「「「「「「「「「「「
[24-Jul-2020 01:55:34 UTC] デバッグ:「staff_branch.php
[24-Jul-2020 01:55:34 UTC] デバッグ:「「「「「「「「「「「「「「「「「「「「「「「「「「「「「「「「「「「「「「「「
[24-Jul-2020 01:55:34 UTC] デバッグ:削除ボタンが押されました
[24-Jul-2020 01:55:34 UTC] デバッグ:「「「「「「「「「「「「「「「「「「「「「「「「「「「「「「「「「「「「「「「「
[24-Jul-2020 01:55:34 UTC] デバッグ:「staff_edit.php
[24-Jul-2020 01:55:34 UTC] デバッグ:「「「「「「「「「「「「「「「「「「「「「「「「「「「「「「「「「「「「「「「「
[24-Jul-2020 01:55:35 UTC] デバッグ:「「「「「「「「「「「「「「「「「「「「「「「「「「「「「「「「「「「「「「「「
[24-Jul-2020 01:55:35 UTC] デバッグ:「staff_edit_done.php
[24-Jul-2020 01:55:35 UTC] デバッグ:「「「「「「「「「「「「「「「「「「「「「「「「「「「「「「「「「「「「「「「「
[24-Jul-2020 01:55:35 UTC] デバッグ:クエリに失敗しました。
[24-Jul-2020 01:55:35 UTC] デバッグ:失敗したSQL：PDOStatement Object
(
    [queryString] => DELETE mst_staff WHERE code = :code
)

[24-Jul-2020 01:55:35 UTC] デバッグ:DELETE mst_staff WHERE code = :code
[24-Jul-2020 01:55:36 UTC] デバッグ:「「「「「「「「「「「「「「「「「「「「「「「「「「「「「「「「「「「「「「「「
[24-Jul-2020 01:55:36 UTC] デバッグ:「staff_list.php
[24-Jul-2020 01:55:36 UTC] デバッグ:「「「「「「「「「「「「「「「「「「「「「「「「「「「「「「「「「「「「「「「「
[24-Jul-2020 01:55:38 UTC] デバッグ:「「「「「「「「「「「「「「「「「「「「「「「「「「「「「「「「「「「「「「「「
[24-Jul-2020 01:55:38 UTC] デバッグ:「staff_branch.php
[24-Jul-2020 01:55:38 UTC] デバッグ:「「「「「「「「「「「「「「「「「「「「「「「「「「「「「「「「「「「「「「「「
[24-Jul-2020 01:55:38 UTC] デバッグ:削除ボタンが押されました
[24-Jul-2020 01:55:40 UTC] デバッグ:「「「「「「「「「「「「「「「「「「「「「「「「「「「「「「「「「「「「「「「「
[24-Jul-2020 01:55:40 UTC] デバッグ:「staff_list.php
[24-Jul-2020 01:55:40 UTC] デバッグ:「「「「「「「「「「「「「「「「「「「「「「「「「「「「「「「「「「「「「「「「
[24-Jul-2020 01:55:42 UTC] デバッグ:「「「「「「「「「「「「「「「「「「「「「「「「「「「「「「「「「「「「「「「「
[24-Jul-2020 01:55:42 UTC] デバッグ:「staff_branch.php
[24-Jul-2020 01:55:42 UTC] デバッグ:「「「「「「「「「「「「「「「「「「「「「「「「「「「「「「「「「「「「「「「「
[24-Jul-2020 01:55:42 UTC] デバッグ:削除ボタンが押されました
[24-Jul-2020 01:55:42 UTC] デバッグ:「「「「「「「「「「「「「「「「「「「「「「「「「「「「「「「「「「「「「「「「
[24-Jul-2020 01:55:42 UTC] デバッグ:「staff_edit.php
[24-Jul-2020 01:55:42 UTC] デバッグ:「「「「「「「「「「「「「「「「「「「「「「「「「「「「「「「「「「「「「「「「
[24-Jul-2020 01:59:14 UTC] デバッグ:「「「「「「「「「「「「「「「「「「「「「「「「「「「「「「「「「「「「「「「「
[24-Jul-2020 01:59:14 UTC] デバッグ:「staff_edit_done.php
[24-Jul-2020 01:59:14 UTC] デバッグ:「「「「「「「「「「「「「「「「「「「「「「「「「「「「「「「「「「「「「「「「
[24-Jul-2020 01:59:14 UTC] デバッグ:クエリに失敗しました。
[24-Jul-2020 01:59:14 UTC] デバッグ:失敗したSQL：PDOStatement Object
(
    [queryString] => DELETE mst_staff WHERE code = ?
)

[24-Jul-2020 01:59:14 UTC] デバッグ:DELETE mst_staff WHERE code = ?
[24-Jul-2020 01:59:17 UTC] デバッグ:「「「「「「「「「「「「「「「「「「「「「「「「「「「「「「「「「「「「「「「「
[24-Jul-2020 01:59:17 UTC] デバッグ:「staff_list.php
[24-Jul-2020 01:59:17 UTC] デバッグ:「「「「「「「「「「「「「「「「「「「「「「「「「「「「「「「「「「「「「「「「
[24-Jul-2020 01:59:19 UTC] デバッグ:「「「「「「「「「「「「「「「「「「「「「「「「「「「「「「「「「「「「「「「「
[24-Jul-2020 01:59:19 UTC] デバッグ:「staff_branch.php
[24-Jul-2020 01:59:19 UTC] デバッグ:「「「「「「「「「「「「「「「「「「「「「「「「「「「「「「「「「「「「「「「「
[24-Jul-2020 01:59:19 UTC] デバッグ:削除ボタンが押されました
[24-Jul-2020 01:59:19 UTC] デバッグ:「「「「「「「「「「「「「「「「「「「「「「「「「「「「「「「「「「「「「「「「
[24-Jul-2020 01:59:19 UTC] デバッグ:「staff_edit.php
[24-Jul-2020 01:59:19 UTC] デバッグ:「「「「「「「「「「「「「「「「「「「「「「「「「「「「「「「「「「「「「「「「
[24-Jul-2020 01:59:21 UTC] デバッグ:「「「「「「「「「「「「「「「「「「「「「「「「「「「「「「「「「「「「「「「「
[24-Jul-2020 01:59:21 UTC] デバッグ:「staff_edit_done.php
[24-Jul-2020 01:59:21 UTC] デバッグ:「「「「「「「「「「「「「「「「「「「「「「「「「「「「「「「「「「「「「「「「
[24-Jul-2020 01:59:21 UTC] デバッグ:クエリに失敗しました。
[24-Jul-2020 01:59:21 UTC] デバッグ:失敗したSQL：PDOStatement Object
(
    [queryString] => DELETE mst_staff WHERE code = ?
)

[24-Jul-2020 01:59:21 UTC] デバッグ:DELETE mst_staff WHERE code = ?
[24-Jul-2020 01:59:22 UTC] デバッグ:「「「「「「「「「「「「「「「「「「「「「「「「「「「「「「「「「「「「「「「「
[24-Jul-2020 01:59:22 UTC] デバッグ:「staff_list.php
[24-Jul-2020 01:59:22 UTC] デバッグ:「「「「「「「「「「「「「「「「「「「「「「「「「「「「「「「「「「「「「「「「
[24-Jul-2020 02:00:13 UTC] デバッグ:「「「「「「「「「「「「「「「「「「「「「「「「「「「「「「「「「「「「「「「「
[24-Jul-2020 02:00:13 UTC] デバッグ:「staff_branch.php
[24-Jul-2020 02:00:13 UTC] デバッグ:「「「「「「「「「「「「「「「「「「「「「「「「「「「「「「「「「「「「「「「「
[24-Jul-2020 02:00:13 UTC] デバッグ:削除ボタンが押されました
[24-Jul-2020 02:00:13 UTC] デバッグ:「「「「「「「「「「「「「「「「「「「「「「「「「「「「「「「「「「「「「「「「
[24-Jul-2020 02:00:13 UTC] デバッグ:「staff_edit.php
[24-Jul-2020 02:00:13 UTC] デバッグ:「「「「「「「「「「「「「「「「「「「「「「「「「「「「「「「「「「「「「「「「
[24-Jul-2020 02:00:18 UTC] デバッグ:「「「「「「「「「「「「「「「「「「「「「「「「「「「「「「「「「「「「「「「「
[24-Jul-2020 02:00:18 UTC] デバッグ:「staff_edit_done.php
[24-Jul-2020 02:00:18 UTC] デバッグ:「「「「「「「「「「「「「「「「「「「「「「「「「「「「「「「「「「「「「「「「
[24-Jul-2020 02:00:18 UTC] デバッグ:$staff_code13
[24-Jul-2020 02:00:18 UTC] デバッグ:クエリに失敗しました。
[24-Jul-2020 02:00:18 UTC] デバッグ:失敗したSQL：PDOStatement Object
(
    [queryString] => DELETE mst_staff WHERE code = ?
)

[24-Jul-2020 02:00:18 UTC] デバッグ:DELETE mst_staff WHERE code = ?
[24-Jul-2020 02:00:59 UTC] デバッグ:「「「「「「「「「「「「「「「「「「「「「「「「「「「「「「「「「「「「「「「「
[24-Jul-2020 02:00:59 UTC] デバッグ:「staff_list.php
[24-Jul-2020 02:00:59 UTC] デバッグ:「「「「「「「「「「「「「「「「「「「「「「「「「「「「「「「「「「「「「「「「
[24-Jul-2020 02:01:01 UTC] デバッグ:「「「「「「「「「「「「「「「「「「「「「「「「「「「「「「「「「「「「「「「「
[24-Jul-2020 02:01:01 UTC] デバッグ:「staff_branch.php
[24-Jul-2020 02:01:01 UTC] デバッグ:「「「「「「「「「「「「「「「「「「「「「「「「「「「「「「「「「「「「「「「「
[24-Jul-2020 02:01:01 UTC] デバッグ:削除ボタンが押されました
[24-Jul-2020 02:01:01 UTC] デバッグ:「「「「「「「「「「「「「「「「「「「「「「「「「「「「「「「「「「「「「「「「
[24-Jul-2020 02:01:01 UTC] デバッグ:「staff_edit.php
[24-Jul-2020 02:01:01 UTC] デバッグ:「「「「「「「「「「「「「「「「「「「「「「「「「「「「「「「「「「「「「「「「
[24-Jul-2020 02:01:02 UTC] デバッグ:「「「「「「「「「「「「「「「「「「「「「「「「「「「「「「「「「「「「「「「「
[24-Jul-2020 02:01:02 UTC] デバッグ:「staff_edit_done.php
[24-Jul-2020 02:01:02 UTC] デバッグ:「「「「「「「「「「「「「「「「「「「「「「「「「「「「「「「「「「「「「「「「
[24-Jul-2020 02:01:02 UTC] デバッグ:$staff_code13
[24-Jul-2020 02:01:02 UTC] デバッグ:クエリ成功。
[24-Jul-2020 02:01:02 UTC] デバッグ:DELETE FROM mst_staff WHERE code = ?
[24-Jul-2020 02:01:04 UTC] デバッグ:「「「「「「「「「「「「「「「「「「「「「「「「「「「「「「「「「「「「「「「「
[24-Jul-2020 02:01:04 UTC] デバッグ:「staff_list.php
[24-Jul-2020 02:01:04 UTC] デバッグ:「「「「「「「「「「「「「「「「「「「「「「「「「「「「「「「「「「「「「「「「
[24-Jul-2020 02:01:16 UTC] デバッグ:「「「「「「「「「「「「「「「「「「「「「「「「「「「「「「「「「「「「「「「「
[24-Jul-2020 02:01:16 UTC] デバッグ:「staff_branch.php
[24-Jul-2020 02:01:16 UTC] デバッグ:「「「「「「「「「「「「「「「「「「「「「「「「「「「「「「「「「「「「「「「「
[24-Jul-2020 02:01:16 UTC] デバッグ:削除ボタンが押されました
[24-Jul-2020 02:01:16 UTC] デバッグ:「「「「「「「「「「「「「「「「「「「「「「「「「「「「「「「「「「「「「「「「
[24-Jul-2020 02:01:16 UTC] デバッグ:「staff_edit.php
[24-Jul-2020 02:01:16 UTC] デバッグ:「「「「「「「「「「「「「「「「「「「「「「「「「「「「「「「「「「「「「「「「
[24-Jul-2020 02:01:18 UTC] デバッグ:「「「「「「「「「「「「「「「「「「「「「「「「「「「「「「「「「「「「「「「「
[24-Jul-2020 02:01:18 UTC] デバッグ:「staff_edit_done.php
[24-Jul-2020 02:01:18 UTC] デバッグ:「「「「「「「「「「「「「「「「「「「「「「「「「「「「「「「「「「「「「「「「
[24-Jul-2020 02:01:18 UTC] デバッグ:$staff_code12
[24-Jul-2020 02:01:18 UTC] デバッグ:クエリ成功。
[24-Jul-2020 02:01:18 UTC] デバッグ:DELETE FROM mst_staff WHERE code = ?
[24-Jul-2020 02:01:19 UTC] デバッグ:「「「「「「「「「「「「「「「「「「「「「「「「「「「「「「「「「「「「「「「「
[24-Jul-2020 02:01:19 UTC] デバッグ:「staff_list.php
[24-Jul-2020 02:01:19 UTC] デバッグ:「「「「「「「「「「「「「「「「「「「「「「「「「「「「「「「「「「「「「「「「
[24-Jul-2020 02:05:16 UTC] デバッグ:「「「「「「「「「「「「「「「「「「「「「「「「「「「「「「「「「「「「「「「「
[24-Jul-2020 02:05:16 UTC] デバッグ:「スタッフ追加ページ
[24-Jul-2020 02:05:16 UTC] デバッグ:「「「「「「「「「「「「「「「「「「「「「「「「「「「「「「「「「「「「「「「「
[24-Jul-2020 02:10:04 UTC] デバッグ:「「「「「「「「「「「「「「「「「「「「「「「「「「「「「「「「「「「「「「「「
[24-Jul-2020 02:10:04 UTC] デバッグ:「staff_list.php
[24-Jul-2020 02:10:04 UTC] デバッグ:「「「「「「「「「「「「「「「「「「「「「「「「「「「「「「「「「「「「「「「「
[24-Jul-2020 02:10:07 UTC] デバッグ:「「「「「「「「「「「「「「「「「「「「「「「「「「「「「「「「「「「「「「「「
[24-Jul-2020 02:10:07 UTC] デバッグ:「staff_branch.php
[24-Jul-2020 02:10:07 UTC] デバッグ:「「「「「「「「「「「「「「「「「「「「「「「「「「「「「「「「「「「「「「「「
[24-Jul-2020 02:10:07 UTC] デバッグ:「「「「「「「「「「「「「「「「「「「「「「「「「「「「「「「「「「「「「「「「
[24-Jul-2020 02:10:07 UTC] デバッグ:「スタッフ追加ページ
[24-Jul-2020 02:10:07 UTC] デバッグ:「「「「「「「「「「「「「「「「「「「「「「「「「「「「「「「「「「「「「「「「
[24-Jul-2020 02:10:13 UTC] デバッグ:「「「「「「「「「「「「「「「「「「「「「「「「「「「「「「「「「「「「「「「「
[24-Jul-2020 02:10:13 UTC] デバッグ:「staff_branch.php
[24-Jul-2020 02:10:13 UTC] デバッグ:「「「「「「「「「「「「「「「「「「「「「「「「「「「「「「「「「「「「「「「「
[24-Jul-2020 02:10:13 UTC] デバッグ:「「「「「「「「「「「「「「「「「「「「「「「「「「「「「「「「「「「「「「「「
[24-Jul-2020 02:10:13 UTC] デバッグ:「スタッフ追加ページ
[24-Jul-2020 02:10:13 UTC] デバッグ:「「「「「「「「「「「「「「「「「「「「「「「「「「「「「「「「「「「「「「「「
[24-Jul-2020 02:10:18 UTC] デバッグ:「「「「「「「「「「「「「「「「「「「「「「「「「「「「「「「「「「「「「「「「
[24-Jul-2020 02:10:18 UTC] デバッグ:「staff_branch.php
[24-Jul-2020 02:10:18 UTC] デバッグ:「「「「「「「「「「「「「「「「「「「「「「「「「「「「「「「「「「「「「「「「
[24-Jul-2020 02:10:18 UTC] デバッグ:「「「「「「「「「「「「「「「「「「「「「「「「「「「「「「「「「「「「「「「「
[24-Jul-2020 02:10:18 UTC] デバッグ:「スタッフ追加ページ
[24-Jul-2020 02:10:18 UTC] デバッグ:「「「「「「「「「「「「「「「「「「「「「「「「「「「「「「「「「「「「「「「「
[24-Jul-2020 02:27:13 UTC] デバッグ:「「「「「「「「「「「「「「「「「「「「「「「「「「「「「「「「「「「「「「「「
[24-Jul-2020 02:27:13 UTC] デバッグ:「staff_list.php
[24-Jul-2020 02:27:13 UTC] デバッグ:「「「「「「「「「「「「「「「「「「「「「「「「「「「「「「「「「「「「「「「「
[24-Jul-2020 02:27:15 UTC] デバッグ:「「「「「「「「「「「「「「「「「「「「「「「「「「「「「「「「「「「「「「「「
[24-Jul-2020 02:27:15 UTC] デバッグ:「staff_branch.php
[24-Jul-2020 02:27:15 UTC] デバッグ:「「「「「「「「「「「「「「「「「「「「「「「「「「「「「「「「「「「「「「「「
[24-Jul-2020 02:27:16 UTC] デバッグ:「「「「「「「「「「「「「「「「「「「「「「「「「「「「「「「「「「「「「「「「
[24-Jul-2020 02:27:16 UTC] デバッグ:「staff_list.php
[24-Jul-2020 02:27:16 UTC] デバッグ:「「「「「「「「「「「「「「「「「「「「「「「「「「「「「「「「「「「「「「「「
[24-Jul-2020 02:27:18 UTC] デバッグ:「「「「「「「「「「「「「「「「「「「「「「「「「「「「「「「「「「「「「「「「
[24-Jul-2020 02:27:18 UTC] デバッグ:「staff_branch.php
[24-Jul-2020 02:27:18 UTC] デバッグ:「「「「「「「「「「「「「「「「「「「「「「「「「「「「「「「「「「「「「「「「
[24-Jul-2020 02:27:18 UTC] デバッグ:「「「「「「「「「「「「「「「「「「「「「「「「「「「「「「「「「「「「「「「「
[24-Jul-2020 02:27:18 UTC] デバッグ:「staff_edit.php
[24-Jul-2020 02:27:18 UTC] デバッグ:「「「「「「「「「「「「「「「「「「「「「「「「「「「「「「「「「「「「「「「「
[24-Jul-2020 02:27:37 UTC] デバッグ:「「「「「「「「「「「「「「「「「「「「「「「「「「「「「「「「「「「「「「「「
[24-Jul-2020 02:27:37 UTC] デバッグ:「staff_edit.php
[24-Jul-2020 02:27:37 UTC] デバッグ:「「「「「「「「「「「「「「「「「「「「「「「「「「「「「「「「「「「「「「「「
[24-Jul-2020 02:28:42 UTC] デバッグ:「「「「「「「「「「「「「「「「「「「「「「「「「「「「「「「「「「「「「「「「
[24-Jul-2020 02:28:42 UTC] デバッグ:「staff_branch.php
[24-Jul-2020 02:28:42 UTC] デバッグ:「「「「「「「「「「「「「「「「「「「「「「「「「「「「「「「「「「「「「「「「
[24-Jul-2020 02:28:42 UTC] デバッグ:「「「「「「「「「「「「「「「「「「「「「「「「「「「「「「「「「「「「「「「「
[24-Jul-2020 02:28:42 UTC] デバッグ:「staff_edit.php
[24-Jul-2020 02:28:42 UTC] デバッグ:「「「「「「「「「「「「「「「「「「「「「「「「「「「「「「「「「「「「「「「「
[24-Jul-2020 02:40:15 UTC] デバッグ:「「「「「「「「「「「「「「「「「「「「「「「「「「「「「「「「「「「「「「「「
[24-Jul-2020 02:40:15 UTC] デバッグ:「staff_branch.php
[24-Jul-2020 02:40:15 UTC] デバッグ:「「「「「「「「「「「「「「「「「「「「「「「「「「「「「「「「「「「「「「「「
[24-Jul-2020 02:40:15 UTC] デバッグ:「「「「「「「「「「「「「「「「「「「「「「「「「「「「「「「「「「「「「「「「
[24-Jul-2020 02:40:15 UTC] デバッグ:「staff_edit.php
[24-Jul-2020 02:40:15 UTC] デバッグ:「「「「「「「「「「「「「「「「「「「「「「「「「「「「「「「「「「「「「「「「
[24-Jul-2020 02:40:52 UTC] デバッグ:「「「「「「「「「「「「「「「「「「「「「「「「「「「「「「「「「「「「「「「「
[24-Jul-2020 02:40:52 UTC] デバッグ:「staff_branch.php
[24-Jul-2020 02:40:52 UTC] デバッグ:「「「「「「「「「「「「「「「「「「「「「「「「「「「「「「「「「「「「「「「「
[24-Jul-2020 02:40:52 UTC] デバッグ:「「「「「「「「「「「「「「「「「「「「「「「「「「「「「「「「「「「「「「「「
[24-Jul-2020 02:40:52 UTC] デバッグ:「staff_edit.php
[24-Jul-2020 02:40:52 UTC] デバッグ:「「「「「「「「「「「「「「「「「「「「「「「「「「「「「「「「「「「「「「「「
[24-Jul-2020 02:45:30 UTC] デバッグ:「「「「「「「「「「「「「「「「「「「「「「「「「「「「「「「「「「「「「「「「
[24-Jul-2020 02:45:30 UTC] デバッグ:「staff_branch.php
[24-Jul-2020 02:45:30 UTC] デバッグ:「「「「「「「「「「「「「「「「「「「「「「「「「「「「「「「「「「「「「「「「
[24-Jul-2020 02:45:30 UTC] デバッグ:「「「「「「「「「「「「「「「「「「「「「「「「「「「「「「「「「「「「「「「「
[24-Jul-2020 02:45:30 UTC] デバッグ:「スタッフ追加ページ
[24-Jul-2020 02:45:30 UTC] デバッグ:「「「「「「「「「「「「「「「「「「「「「「「「「「「「「「「「「「「「「「「「
[24-Jul-2020 02:45:47 UTC] デバッグ:「「「「「「「「「「「「「「「「「「「「「「「「「「「「「「「「「「「「「「「「
[24-Jul-2020 02:45:47 UTC] デバッグ:「スタッフ確認ページ
[24-Jul-2020 02:45:47 UTC] デバッグ:「「「「「「「「「「「「「「「「「「「「「「「「「「「「「「「「「「「「「「「「
[24-Jul-2020 02:45:47 UTC] デバッグ:スタッフ名keisuke96125
[24-Jul-2020 02:45:47 UTC] デバッグ:パスワードkeisuke96125
[24-Jul-2020 02:45:47 UTC] デバッグ:パスワード再入力keisuke96125
[24-Jul-2020 02:45:49 UTC] デバッグ:「「「「「「「「「「「「「「「「「「「「「「「「「「「「「「「「「「「「「「「「
[24-Jul-2020 02:45:49 UTC] デバッグ:「スタッフ登録ページ
[24-Jul-2020 02:45:49 UTC] デバッグ:「「「「「「「「「「「「「「「「「「「「「「「「「「「「「「「「「「「「「「「「
[24-Jul-2020 02:45:49 UTC] デバッグ:デバッグkeisuke96125
[24-Jul-2020 02:45:49 UTC] デバッグ:デバッグ$2y$10$TsQvZU3stDjRaCnDyapXe.FRcFQbZdXUPC87Aj/rY7H1jANd114Ci
[24-Jul-2020 02:45:49 UTC] デバッグ:クエリ成功。
[24-Jul-2020 02:45:49 UTC] デバッグ:INSERT INTO mst_staff (name,password) VALUES (:u_name,:pass)
[24-Jul-2020 02:47:00 UTC] デバッグ:「「「「「「「「「「「「「「「「「「「「「「「「「「「「「「「「「「「「「「「「
[24-Jul-2020 02:47:00 UTC] デバッグ:「スタッフ登録ページ
[24-Jul-2020 02:47:00 UTC] デバッグ:「「「「「「「「「「「「「「「「「「「「「「「「「「「「「「「「「「「「「「「「
[24-Jul-2020 02:47:00 UTC] デバッグ:デバッグkeisuke96125
[24-Jul-2020 02:47:00 UTC] デバッグ:デバッグ$2y$10$TsQvZU3stDjRaCnDyapXe.FRcFQbZdXUPC87Aj/rY7H1jANd114Ci
[24-Jul-2020 02:47:00 UTC] デバッグ:クエリ成功。
[24-Jul-2020 02:47:00 UTC] デバッグ:INSERT INTO mst_staff (name,password) VALUES (:u_name,:pass)
[24-Jul-2020 02:47:04 UTC] デバッグ:「「「「「「「「「「「「「「「「「「「「「「「「「「「「「「「「「「「「「「「「
[24-Jul-2020 02:47:04 UTC] デバッグ:「staff_list.php
[24-Jul-2020 02:47:04 UTC] デバッグ:「「「「「「「「「「「「「「「「「「「「「「「「「「「「「「「「「「「「「「「「
[24-Jul-2020 02:47:10 UTC] デバッグ:「「「「「「「「「「「「「「「「「「「「「「「「「「「「「「「「「「「「「「「「
[24-Jul-2020 02:47:10 UTC] デバッグ:「staff_branch.php
[24-Jul-2020 02:47:10 UTC] デバッグ:「「「「「「「「「「「「「「「「「「「「「「「「「「「「「「「「「「「「「「「「
[24-Jul-2020 02:47:10 UTC] デバッグ:「「「「「「「「「「「「「「「「「「「「「「「「「「「「「「「「「「「「「「「「
[24-Jul-2020 02:47:10 UTC] デバッグ:「スタッフ追加ページ
[24-Jul-2020 02:47:10 UTC] デバッグ:「「「「「「「「「「「「「「「「「「「「「「「「「「「「「「「「「「「「「「「「
[24-Jul-2020 02:47:27 UTC] デバッグ:「「「「「「「「「「「「「「「「「「「「「「「「「「「「「「「「「「「「「「「「
[24-Jul-2020 02:47:27 UTC] デバッグ:「スタッフ確認ページ
[24-Jul-2020 02:47:27 UTC] デバッグ:「「「「「「「「「「「「「「「「「「「「「「「「「「「「「「「「「「「「「「「「
[24-Jul-2020 02:47:27 UTC] デバッグ:スタッフ名ishizawa96125
[24-Jul-2020 02:47:27 UTC] デバッグ:パスワードishizawa96125
[24-Jul-2020 02:47:27 UTC] デバッグ:パスワード再入力ishizawa96125
[24-Jul-2020 02:47:28 UTC] デバッグ:「「「「「「「「「「「「「「「「「「「「「「「「「「「「「「「「「「「「「「「「
[24-Jul-2020 02:47:28 UTC] デバッグ:「スタッフ登録ページ
[24-Jul-2020 02:47:28 UTC] デバッグ:「「「「「「「「「「「「「「「「「「「「「「「「「「「「「「「「「「「「「「「「
[24-Jul-2020 02:47:28 UTC] デバッグ:デバッグishizawa96125
[24-Jul-2020 02:47:28 UTC] デバッグ:デバッグ$2y$10$1F/2JxHyYJliIc/ZaR7USOWB.fXWYBJSNet0kvvTexsZEa0KDVhh2
[24-Jul-2020 02:47:28 UTC] デバッグ:クエリ成功。
[24-Jul-2020 02:47:28 UTC] デバッグ:INSERT INTO mst_staff (name,password) VALUES (:u_name,:pass)
[24-Jul-2020 02:47:30 UTC] デバッグ:「「「「「「「「「「「「「「「「「「「「「「「「「「「「「「「「「「「「「「「「
[24-Jul-2020 02:47:30 UTC] デバッグ:「staff_list.php
[24-Jul-2020 02:47:30 UTC] デバッグ:「「「「「「「「「「「「「「「「「「「「「「「「「「「「「「「「「「「「「「「「
[24-Jul-2020 02:47:38 UTC] デバッグ:「「「「「「「「「「「「「「「「「「「「「「「「「「「「「「「「「「「「「「「「
[24-Jul-2020 02:47:38 UTC] デバッグ:「staff_branch.php
[24-Jul-2020 02:47:38 UTC] デバッグ:「「「「「「「「「「「「「「「「「「「「「「「「「「「「「「「「「「「「「「「「
[24-Jul-2020 02:47:38 UTC] デバッグ:「「「「「「「「「「「「「「「「「「「「「「「「「「「「「「「「「「「「「「「「
[24-Jul-2020 02:47:38 UTC] デバッグ:「スタッフ追加ページ
[24-Jul-2020 02:47:38 UTC] デバッグ:「「「「「「「「「「「「「「「「「「「「「「「「「「「「「「「「「「「「「「「「
[24-Jul-2020 02:48:10 UTC] デバッグ:「「「「「「「「「「「「「「「「「「「「「「「「「「「「「「「「「「「「「「「「
[24-Jul-2020 02:48:10 UTC] デバッグ:「スタッフ確認ページ
[24-Jul-2020 02:48:10 UTC] デバッグ:「「「「「「「「「「「「「「「「「「「「「「「「「「「「「「「「「「「「「「「「
[24-Jul-2020 02:48:10 UTC] デバッグ:スタッフ名k
[24-Jul-2020 02:48:10 UTC] デバッグ:パスワードk
[24-Jul-2020 02:48:10 UTC] デバッグ:パスワード再入力k
[24-Jul-2020 02:48:53 UTC] デバッグ:「「「「「「「「「「「「「「「「「「「「「「「「「「「「「「「「「「「「「「「「
[24-Jul-2020 02:48:53 UTC] デバッグ:「スタッフ登録ページ
[24-Jul-2020 02:48:53 UTC] デバッグ:「「「「「「「「「「「「「「「「「「「「「「「「「「「「「「「「「「「「「「「「
[24-Jul-2020 02:48:53 UTC] デバッグ:デバッグk
[24-Jul-2020 02:48:53 UTC] デバッグ:デバッグ$2y$10$sPZ56pBHwCXyzS8Oio2re.8XqTgOdNeKYYPmNGN9Eo21iEm8Bo8Ge
[24-Jul-2020 02:48:53 UTC] デバッグ:クエリ成功。
[24-Jul-2020 02:48:53 UTC] デバッグ:INSERT INTO mst_staff (name,password) VALUES (:u_name,:pass)
[24-Jul-2020 02:48:55 UTC] デバッグ:「「「「「「「「「「「「「「「「「「「「「「「「「「「「「「「「「「「「「「「「
[24-Jul-2020 02:48:55 UTC] デバッグ:「staff_list.php
[24-Jul-2020 02:48:55 UTC] デバッグ:「「「「「「「「「「「「「「「「「「「「「「「「「「「「「「「「「「「「「「「「
[24-Jul-2020 03:01:18 UTC] デバッグ:「「「「「「「「「「「「「「「「「「「「「「「「「「「「「「「「「「「「「「「「
[24-Jul-2020 03:01:18 UTC] デバッグ:「staff_list.php
[24-Jul-2020 03:01:18 UTC] デバッグ:「「「「「「「「「「「「「「「「「「「「「「「「「「「「「「「「「「「「「「「「
[24-Jul-2020 03:01:31 UTC] デバッグ:「「「「「「「「「「「「「「「「「「「「「「「「「「「「「「「「「「「「「「「「
[24-Jul-2020 03:01:31 UTC] デバッグ:「staff_branch.php
[24-Jul-2020 03:01:31 UTC] デバッグ:「「「「「「「「「「「「「「「「「「「「「「「「「「「「「「「「「「「「「「「「
[24-Jul-2020 03:01:31 UTC] デバッグ:「「「「「「「「「「「「「「「「「「「「「「「「「「「「「「「「「「「「「「「「
[24-Jul-2020 03:01:31 UTC] デバッグ:「staff_edit.php
[24-Jul-2020 03:01:31 UTC] デバッグ:「「「「「「「「「「「「「「「「「「「「「「「「「「「「「「「「「「「「「「「「
[24-Jul-2020 03:01:39 UTC] デバッグ:「「「「「「「「「「「「「「「「「「「「「「「「「「「「「「「「「「「「「「「「
[24-Jul-2020 03:01:39 UTC] デバッグ:「staff_branch.php
[24-Jul-2020 03:01:39 UTC] デバッグ:「「「「「「「「「「「「「「「「「「「「「「「「「「「「「「「「「「「「「「「「
[24-Jul-2020 03:01:39 UTC] デバッグ:「「「「「「「「「「「「「「「「「「「「「「「「「「「「「「「「「「「「「「「「
[24-Jul-2020 03:01:39 UTC] デバッグ:「スタッフ追加ページ
[24-Jul-2020 03:01:39 UTC] デバッグ:「「「「「「「「「「「「「「「「「「「「「「「「「「「「「「「「「「「「「「「「
[24-Jul-2020 07:01:51 UTC] デバッグ:「「「「「「「「「「「「「「「「「「「「「「「「「「「「「「「「「「「「「「「「
[24-Jul-2020 07:01:51 UTC] デバッグ:「staff_list.php
[24-Jul-2020 07:01:51 UTC] デバッグ:「「「「「「「「「「「「「「「「「「「「「「「「「「「「「「「「「「「「「「「「
[24-Jul-2020 07:01:56 UTC] デバッグ:「「「「「「「「「「「「「「「「「「「「「「「「「「「「「「「「「「「「「「「「
[24-Jul-2020 07:01:56 UTC] デバッグ:「staff_branch.php
[24-Jul-2020 07:01:56 UTC] デバッグ:「「「「「「「「「「「「「「「「「「「「「「「「「「「「「「「「「「「「「「「「
[24-Jul-2020 07:01:58 UTC] デバッグ:「「「「「「「「「「「「「「「「「「「「「「「「「「「「「「「「「「「「「「「「
[24-Jul-2020 07:01:58 UTC] デバッグ:「staff_list.php
[24-Jul-2020 07:01:58 UTC] デバッグ:「「「「「「「「「「「「「「「「「「「「「「「「「「「「「「「「「「「「「「「「
[24-Jul-2020 07:02:01 UTC] デバッグ:「「「「「「「「「「「「「「「「「「「「「「「「「「「「「「「「「「「「「「「「
[24-Jul-2020 07:02:01 UTC] デバッグ:「staff_branch.php
[24-Jul-2020 07:02:01 UTC] デバッグ:「「「「「「「「「「「「「「「「「「「「「「「「「「「「「「「「「「「「「「「「
[24-Jul-2020 07:02:01 UTC] デバッグ:「「「「「「「「「「「「「「「「「「「「「「「「「「「「「「「「「「「「「「「「
[24-Jul-2020 07:02:01 UTC] デバッグ:「スタッフ追加ページ
[24-Jul-2020 07:02:01 UTC] デバッグ:「「「「「「「「「「「「「「「「「「「「「「「「「「「「「「「「「「「「「「「「
[24-Jul-2020 07:02:04 UTC] デバッグ:「「「「「「「「「「「「「「「「「「「「「「「「「「「「「「「「「「「「「「「「
[24-Jul-2020 07:02:04 UTC] デバッグ:「staff_branch.php
[24-Jul-2020 07:02:04 UTC] デバッグ:「「「「「「「「「「「「「「「「「「「「「「「「「「「「「「「「「「「「「「「「
[24-Jul-2020 07:02:04 UTC] デバッグ:修正ボタンが押されました
[24-Jul-2020 07:02:04 UTC] デバッグ:「「「「「「「「「「「「「「「「「「「「「「「「「「「「「「「「「「「「「「「「
[24-Jul-2020 07:02:04 UTC] デバッグ:「staff_edit.php
[24-Jul-2020 07:02:04 UTC] デバッグ:「「「「「「「「「「「「「「「「「「「「「「「「「「「「「「「「「「「「「「「「
[24-Jul-2020 07:09:43 UTC] デバッグ:「「「「「「「「「「「「「「「「「「「「「「「「「「「「「「「「「「「「「「「「
[24-Jul-2020 07:09:43 UTC] デバッグ:「staff_edit.php
[24-Jul-2020 07:09:43 UTC] デバッグ:「「「「「「「「「「「「「「「「「「「「「「「「「「「「「「「「「「「「「「「「
[24-Jul-2020 08:27:35 UTC] デバッグ:「「「「「「「「「「「「「「「「「「「「「「「「「「「「「「「「「「「「「「「「
[24-Jul-2020 08:27:35 UTC] デバッグ:「staff_list.php
[24-Jul-2020 08:27:35 UTC] デバッグ:「「「「「「「「「「「「「「「「「「「「「「「「「「「「「「「「「「「「「「「「
