[24-Jul-2020 07:10:07 UTC] デバッグ:「「「「「「「「「「「「「「「「「「「「「「「「「「「「「「「「「「「「「「「「
[24-Jul-2020 07:10:07 UTC] デバッグ:「スタッフ追加ページ
[24-Jul-2020 07:10:07 UTC] デバッグ:「「「「「「「「「「「「「「「「「「「「「「「「「「「「「「「「「「「「「「「「
[24-Jul-2020 07:10:16 UTC] デバッグ:「「「「「「「「「「「「「「「「「「「「「「「「「「「「「「「「「「「「「「「「
[24-Jul-2020 07:10:16 UTC] デバッグ:「スタッフ追加ページ
[24-Jul-2020 07:10:16 UTC] デバッグ:「「「「「「「「「「「「「「「「「「「「「「「「「「「「「「「「「「「「「「「「
[24-Jul-2020 07:28:36 UTC] デバッグ:「「「「「「「「「「「「「「「「「「「「「「「「「「「「「「「「「「「「「「「「
[24-Jul-2020 07:28:36 UTC] デバッグ:「商品追加確認ページ pro_add_check.php
[24-Jul-2020 07:28:36 UTC] デバッグ:「「「「「「「「「「「「「「「「「「「「「「「「「「「「「「「「「「「「「「「「
[24-Jul-2020 07:28:36 UTC] デバッグ:商品名
[24-Jul-2020 07:28:36 UTC] デバッグ:価格
[24-Jul-2020 07:28:58 UTC] デバッグ:「「「「「「「「「「「「「「「「「「「「「「「「「「「「「「「「「「「「「「「「
[24-Jul-2020 07:28:58 UTC] デバッグ:「商品追加確認ページ pro_add_check.php
[24-Jul-2020 07:28:58 UTC] デバッグ:「「「「「「「「「「「「「「「「「「「「「「「「「「「「「「「「「「「「「「「「
[24-Jul-2020 07:28:58 UTC] デバッグ:商品名
[24-Jul-2020 07:28:58 UTC] デバッグ:価格８８
[24-Jul-2020 07:29:11 UTC] デバッグ:「「「「「「「「「「「「「「「「「「「「「「「「「「「「「「「「「「「「「「「「
[24-Jul-2020 07:29:11 UTC] デバッグ:「商品追加確認ページ pro_add_check.php
[24-Jul-2020 07:29:11 UTC] デバッグ:「「「「「「「「「「「「「「「「「「「「「「「「「「「「「「「「「「「「「「「「
[24-Jul-2020 07:29:11 UTC] デバッグ:商品名りんご
[24-Jul-2020 07:29:11 UTC] デバッグ:価格100
[24-Jul-2020 07:29:30 UTC] デバッグ:「「「「「「「「「「「「「「「「「「「「「「「「「「「「「「「「「「「「「「「「
[24-Jul-2020 07:29:30 UTC] デバッグ:「商品追加確認ページ pro_add_check.php
[24-Jul-2020 07:29:30 UTC] デバッグ:「「「「「「「「「「「「「「「「「「「「「「「「「「「「「「「「「「「「「「「「
[24-Jul-2020 07:29:30 UTC] デバッグ:商品名りんご
[24-Jul-2020 07:29:30 UTC] デバッグ:価格100
[24-Jul-2020 07:30:00 UTC] デバッグ:「「「「「「「「「「「「「「「「「「「「「「「「「「「「「「「「「「「「「「「「
[24-Jul-2020 07:30:00 UTC] デバッグ:「商品追加確認ページ pro_add_check.php
[24-Jul-2020 07:30:00 UTC] デバッグ:「「「「「「「「「「「「「「「「「「「「「「「「「「「「「「「「「「「「「「「「
[24-Jul-2020 07:30:00 UTC] デバッグ:商品名りんご
[24-Jul-2020 07:30:00 UTC] デバッグ:価格100
[24-Jul-2020 07:44:23 UTC] デバッグ:「「「「「「「「「「「「「「「「「「「「「「「「「「「「「「「「「「「「「「「「
[24-Jul-2020 07:44:23 UTC] デバッグ:「商品追加ページ pro_add_done.php
[24-Jul-2020 07:44:23 UTC] デバッグ:「「「「「「「「「「「「「「「「「「「「「「「「「「「「「「「「「「「「「「「「
[24-Jul-2020 07:44:23 UTC] デバッグ:デバッグ
[24-Jul-2020 07:44:23 UTC] デバッグ:デバッグ
[24-Jul-2020 07:44:23 UTC] デバッグ:クエリに失敗しました。
[24-Jul-2020 07:44:23 UTC] デバッグ:失敗したSQL：PDOStatement Object
(
    [queryString] => INSERT INTO mst_product (name,price) VALUES (:p_name,:price)
)

[24-Jul-2020 07:44:23 UTC] デバッグ:INSERT INTO mst_product (name,price) VALUES (:p_name,:price)
[24-Jul-2020 07:45:31 UTC] デバッグ:「「「「「「「「「「「「「「「「「「「「「「「「「「「「「「「「「「「「「「「「
[24-Jul-2020 07:45:31 UTC] デバッグ:「商品追加ページ pro_add_done.php
[24-Jul-2020 07:45:31 UTC] デバッグ:「「「「「「「「「「「「「「「「「「「「「「「「「「「「「「「「「「「「「「「「
[24-Jul-2020 07:45:31 UTC] デバッグ:デバッグ
[24-Jul-2020 07:45:31 UTC] デバッグ:デバッグ
[24-Jul-2020 07:45:31 UTC] デバッグ:クエリに失敗しました。
[24-Jul-2020 07:45:31 UTC] デバッグ:失敗したSQL：PDOStatement Object
(
    [queryString] => INSERT INTO mst_product (name,price) VALUES (:p_name,:price)
)

[24-Jul-2020 07:45:31 UTC] デバッグ:INSERT INTO mst_product (name,price) VALUES (:p_name,:price)
[24-Jul-2020 07:49:27 UTC] デバッグ:「「「「「「「「「「「「「「「「「「「「「「「「「「「「「「「「「「「「「「「「
[24-Jul-2020 07:49:27 UTC] デバッグ:「商品追加ページ pro_add_done.php
[24-Jul-2020 07:49:27 UTC] デバッグ:「「「「「「「「「「「「「「「「「「「「「「「「「「「「「「「「「「「「「「「「
[24-Jul-2020 07:49:27 UTC] デバッグ:デバッグ
[24-Jul-2020 07:49:27 UTC] デバッグ:デバッグ
[24-Jul-2020 07:49:27 UTC] デバッグ:クエリに失敗しました。
[24-Jul-2020 07:49:27 UTC] デバッグ:失敗したSQL：PDOStatement Object
(
    [queryString] => INSERT INTO mst_product (name,price) VALUES (:p_name,:price)
)

[24-Jul-2020 07:49:27 UTC] デバッグ:INSERT INTO mst_product (name,price) VALUES (:p_name,:price)
[24-Jul-2020 07:49:30 UTC] デバッグ:「「「「「「「「「「「「「「「「「「「「「「「「「「「「「「「「「「「「「「「「
[24-Jul-2020 07:49:30 UTC] デバッグ:「商品追加確認ページ pro_add_check.php
[24-Jul-2020 07:49:30 UTC] デバッグ:「「「「「「「「「「「「「「「「「「「「「「「「「「「「「「「「「「「「「「「「
[24-Jul-2020 07:49:30 UTC] デバッグ:商品名りんご
[24-Jul-2020 07:49:30 UTC] デバッグ:価格100
[24-Jul-2020 07:49:31 UTC] デバッグ:「「「「「「「「「「「「「「「「「「「「「「「「「「「「「「「「「「「「「「「「
[24-Jul-2020 07:49:31 UTC] デバッグ:「商品追加ページ pro_add_done.php
[24-Jul-2020 07:49:31 UTC] デバッグ:「「「「「「「「「「「「「「「「「「「「「「「「「「「「「「「「「「「「「「「「
[24-Jul-2020 07:49:31 UTC] デバッグ:デバッグりんご
[24-Jul-2020 07:49:31 UTC] デバッグ:デバッグ100
[24-Jul-2020 07:49:31 UTC] デバッグ:クエリに失敗しました。
[24-Jul-2020 07:49:31 UTC] デバッグ:失敗したSQL：PDOStatement Object
(
    [queryString] => INSERT INTO mst_product (name,price) VALUES (:p_name,:price)
)

[24-Jul-2020 07:49:31 UTC] デバッグ:INSERT INTO mst_product (name,price) VALUES (:p_name,:price)
[24-Jul-2020 07:52:50 UTC] デバッグ:「「「「「「「「「「「「「「「「「「「「「「「「「「「「「「「「「「「「「「「「
[24-Jul-2020 07:52:50 UTC] デバッグ:「商品追加ページ pro_add_done.php
[24-Jul-2020 07:52:50 UTC] デバッグ:「「「「「「「「「「「「「「「「「「「「「「「「「「「「「「「「「「「「「「「「
[24-Jul-2020 07:52:50 UTC] デバッグ:デバッグりんご
[24-Jul-2020 07:52:50 UTC] デバッグ:デバッグ100
[24-Jul-2020 07:52:50 UTC] デバッグ:クエリに失敗しました。
[24-Jul-2020 07:52:50 UTC] デバッグ:失敗したSQL：PDOStatement Object
(
    [queryString] => INSERT INTO mst_product (name,price) VALUES (:p_name,:price)
)

[24-Jul-2020 07:52:50 UTC] デバッグ:INSERT INTO mst_product (name,price) VALUES (:p_name,:price)
[24-Jul-2020 07:53:06 UTC] デバッグ:「「「「「「「「「「「「「「「「「「「「「「「「「「「「「「「「「「「「「「「「
[24-Jul-2020 07:53:06 UTC] デバッグ:「商品追加確認ページ pro_add_check.php
[24-Jul-2020 07:53:06 UTC] デバッグ:「「「「「「「「「「「「「「「「「「「「「「「「「「「「「「「「「「「「「「「「
[24-Jul-2020 07:53:06 UTC] デバッグ:商品名りんご
[24-Jul-2020 07:53:06 UTC] デバッグ:価格100
[24-Jul-2020 07:53:10 UTC] デバッグ:「「「「「「「「「「「「「「「「「「「「「「「「「「「「「「「「「「「「「「「「
[24-Jul-2020 07:53:10 UTC] デバッグ:「商品追加確認ページ pro_add_check.php
[24-Jul-2020 07:53:10 UTC] デバッグ:「「「「「「「「「「「「「「「「「「「「「「「「「「「「「「「「「「「「「「「「
[24-Jul-2020 07:53:10 UTC] デバッグ:商品名りんご
[24-Jul-2020 07:53:10 UTC] デバッグ:価格100
[24-Jul-2020 07:53:13 UTC] デバッグ:「「「「「「「「「「「「「「「「「「「「「「「「「「「「「「「「「「「「「「「「
[24-Jul-2020 07:53:13 UTC] デバッグ:「商品追加ページ pro_add_done.php
[24-Jul-2020 07:53:13 UTC] デバッグ:「「「「「「「「「「「「「「「「「「「「「「「「「「「「「「「「「「「「「「「「
[24-Jul-2020 07:53:13 UTC] デバッグ:デバッグりんご
[24-Jul-2020 07:53:13 UTC] デバッグ:デバッグ100
[24-Jul-2020 07:53:13 UTC] デバッグ:クエリに失敗しました。
[24-Jul-2020 07:53:13 UTC] デバッグ:失敗したSQL：PDOStatement Object
(
    [queryString] => INSERT INTO mst_product (name,price) VALUES (:p_name,:price)
)

[24-Jul-2020 07:53:13 UTC] デバッグ:INSERT INTO mst_product (name,price) VALUES (:p_name,:price)
[24-Jul-2020 07:58:36 UTC] デバッグ:「「「「「「「「「「「「「「「「「「「「「「「「「「「「「「「「「「「「「「「「
[24-Jul-2020 07:58:36 UTC] デバッグ:「商品追加確認ページ pro_add_check.php
[24-Jul-2020 07:58:36 UTC] デバッグ:「「「「「「「「「「「「「「「「「「「「「「「「「「「「「「「「「「「「「「「「
[24-Jul-2020 07:58:36 UTC] デバッグ:商品名りんご
[24-Jul-2020 07:58:36 UTC] デバッグ:価格100
[24-Jul-2020 07:58:37 UTC] デバッグ:「「「「「「「「「「「「「「「「「「「「「「「「「「「「「「「「「「「「「「「「
[24-Jul-2020 07:58:37 UTC] デバッグ:「商品追加ページ pro_add_done.php
[24-Jul-2020 07:58:37 UTC] デバッグ:「「「「「「「「「「「「「「「「「「「「「「「「「「「「「「「「「「「「「「「「
[24-Jul-2020 07:58:37 UTC] デバッグ:デバッグりんご
[24-Jul-2020 07:58:37 UTC] デバッグ:デバッグ100
[24-Jul-2020 07:58:37 UTC] デバッグ:クエリに失敗しました。
[24-Jul-2020 07:58:37 UTC] デバッグ:失敗したSQL：PDOStatement Object
(
    [queryString] => INSERT INTO mst_product (name,price) VALUES (:p_name,:price)
)

[24-Jul-2020 07:58:37 UTC] デバッグ:INSERT INTO mst_product (name,price) VALUES (:p_name,:price)
[24-Jul-2020 08:01:31 UTC] デバッグ:「「「「「「「「「「「「「「「「「「「「「「「「「「「「「「「「「「「「「「「「
[24-Jul-2020 08:01:31 UTC] デバッグ:「商品追加確認ページ pro_add_check.php
[24-Jul-2020 08:01:31 UTC] デバッグ:「「「「「「「「「「「「「「「「「「「「「「「「「「「「「「「「「「「「「「「「
[24-Jul-2020 08:01:31 UTC] デバッグ:商品名りんご
[24-Jul-2020 08:01:31 UTC] デバッグ:価格10
[24-Jul-2020 08:01:33 UTC] デバッグ:「「「「「「「「「「「「「「「「「「「「「「「「「「「「「「「「「「「「「「「「
[24-Jul-2020 08:01:33 UTC] デバッグ:「商品追加ページ pro_add_done.php
[24-Jul-2020 08:01:33 UTC] デバッグ:「「「「「「「「「「「「「「「「「「「「「「「「「「「「「「「「「「「「「「「「
[24-Jul-2020 08:01:33 UTC] デバッグ:デバッグりんご
[24-Jul-2020 08:01:33 UTC] デバッグ:デバッグ10
[24-Jul-2020 08:01:33 UTC] デバッグ:クエリに失敗しました。
[24-Jul-2020 08:01:33 UTC] デバッグ:失敗したSQL：PDOStatement Object
(
    [queryString] => INSERT INTO mst_product (name,price) VALUES (:p_name,:price)
)

[24-Jul-2020 08:01:33 UTC] デバッグ:INSERT INTO mst_product (name,price) VALUES (:p_name,:price)
[24-Jul-2020 08:02:24 UTC] デバッグ:「「「「「「「「「「「「「「「「「「「「「「「「「「「「「「「「「「「「「「「「
[24-Jul-2020 08:02:24 UTC] デバッグ:「商品追加確認ページ pro_add_check.php
[24-Jul-2020 08:02:24 UTC] デバッグ:「「「「「「「「「「「「「「「「「「「「「「「「「「「「「「「「「「「「「「「「
[24-Jul-2020 08:02:24 UTC] デバッグ:商品名りんご
[24-Jul-2020 08:02:24 UTC] デバッグ:価格10
[24-Jul-2020 08:02:35 UTC] デバッグ:「「「「「「「「「「「「「「「「「「「「「「「「「「「「「「「「「「「「「「「「
[24-Jul-2020 08:02:35 UTC] デバッグ:「商品追加ページ pro_add_done.php
[24-Jul-2020 08:02:35 UTC] デバッグ:「「「「「「「「「「「「「「「「「「「「「「「「「「「「「「「「「「「「「「「「
[24-Jul-2020 08:02:35 UTC] デバッグ:デバッグりんご
[24-Jul-2020 08:02:35 UTC] デバッグ:デバッグ10
[24-Jul-2020 08:02:35 UTC] デバッグ:クエリに失敗しました。
[24-Jul-2020 08:02:35 UTC] デバッグ:失敗したSQL：PDOStatement Object
(
    [queryString] => INSERT INTO mst_product (name,price) VALUES (:p_name,:price)
)

[24-Jul-2020 08:02:35 UTC] デバッグ:INSERT INTO mst_product (name,price) VALUES (:p_name,:price)
[24-Jul-2020 08:05:02 UTC] デバッグ:「「「「「「「「「「「「「「「「「「「「「「「「「「「「「「「「「「「「「「「「
[24-Jul-2020 08:05:02 UTC] デバッグ:「商品追加確認ページ pro_add_check.php
[24-Jul-2020 08:05:02 UTC] デバッグ:「「「「「「「「「「「「「「「「「「「「「「「「「「「「「「「「「「「「「「「「
[24-Jul-2020 08:05:02 UTC] デバッグ:商品名りんご
[24-Jul-2020 08:05:02 UTC] デバッグ:価格10
[24-Jul-2020 08:05:02 UTC] デバッグ:「「「「「「「「「「「「「「「「「「「「「「「「「「「「「「「「「「「「「「「「
[24-Jul-2020 08:05:02 UTC] デバッグ:「商品追加ページ pro_add_done.php
[24-Jul-2020 08:05:02 UTC] デバッグ:「「「「「「「「「「「「「「「「「「「「「「「「「「「「「「「「「「「「「「「「
[24-Jul-2020 08:05:02 UTC] デバッグ:デバッグりんご
[24-Jul-2020 08:05:02 UTC] デバッグ:デバッグ10
[24-Jul-2020 08:05:02 UTC] デバッグ:クエリ成功。
[24-Jul-2020 08:05:02 UTC] デバッグ:INSERT INTO mst_product (name,price) VALUES (:p_name,:price)
[24-Jul-2020 08:21:51 UTC] デバッグ:「「「「「「「「「「「「「「「「「「「「「「「「「「「「「「「「「「「「「「「「
[24-Jul-2020 08:21:51 UTC] デバッグ:「商品一覧ページ pro_list.php
[24-Jul-2020 08:21:51 UTC] デバッグ:「「「「「「「「「「「「「「「「「「「「「「「「「「「「「「「「「「「「「「「「
[24-Jul-2020 08:21:51 UTC] PHP Notice:  Undefined variable: data in /Applications/MAMP/htdocs/php_pro/product/pro_list.php on line 16
[24-Jul-2020 08:23:28 UTC] デバッグ:「「「「「「「「「「「「「「「「「「「「「「「「「「「「「「「「「「「「「「「「
[24-Jul-2020 08:23:28 UTC] デバッグ:「商品一覧ページ pro_list.php
[24-Jul-2020 08:23:28 UTC] デバッグ:「「「「「「「「「「「「「「「「「「「「「「「「「「「「「「「「「「「「「「「「
[24-Jul-2020 08:23:28 UTC] PHP Notice:  Undefined variable: data in /Applications/MAMP/htdocs/php_pro/product/pro_list.php on line 16
[24-Jul-2020 08:25:55 UTC] デバッグ:「「「「「「「「「「「「「「「「「「「「「「「「「「「「「「「「「「「「「「「「
[24-Jul-2020 08:25:55 UTC] デバッグ:「商品一覧ページ pro_list.php
[24-Jul-2020 08:25:55 UTC] デバッグ:「「「「「「「「「「「「「「「「「「「「「「「「「「「「「「「「「「「「「「「「
[24-Jul-2020 08:33:27 UTC] デバッグ:「「「「「「「「「「「「「「「「「「「「「「「「「「「「「「「「「「「「「「「「
[24-Jul-2020 08:33:27 UTC] デバッグ:「商品一覧ページ pro_list.php
[24-Jul-2020 08:33:27 UTC] デバッグ:「「「「「「「「「「「「「「「「「「「「「「「「「「「「「「「「「「「「「「「「
[24-Jul-2020 08:35:24 UTC] デバッグ:「「「「「「「「「「「「「「「「「「「「「「「「「「「「「「「「「「「「「「「「
[24-Jul-2020 08:35:24 UTC] デバッグ:「商品一覧ページ pro_list.php
[24-Jul-2020 08:35:24 UTC] デバッグ:「「「「「「「「「「「「「「「「「「「「「「「「「「「「「「「「「「「「「「「「
[24-Jul-2020 08:35:37 UTC] デバッグ:「「「「「「「「「「「「「「「「「「「「「「「「「「「「「「「「「「「「「「「「
[24-Jul-2020 08:35:37 UTC] デバッグ:「商品追加ページ pro_add.php
[24-Jul-2020 08:35:37 UTC] デバッグ:「「「「「「「「「「「「「「「「「「「「「「「「「「「「「「「「「「「「「「「「
[24-Jul-2020 08:35:46 UTC] デバッグ:「「「「「「「「「「「「「「「「「「「「「「「「「「「「「「「「「「「「「「「「
[24-Jul-2020 08:35:46 UTC] デバッグ:「商品追加確認ページ pro_add_check.php
[24-Jul-2020 08:35:46 UTC] デバッグ:「「「「「「「「「「「「「「「「「「「「「「「「「「「「「「「「「「「「「「「「
[24-Jul-2020 08:35:46 UTC] デバッグ:商品名みかん
[24-Jul-2020 08:35:46 UTC] デバッグ:価格200
[24-Jul-2020 08:35:48 UTC] デバッグ:「「「「「「「「「「「「「「「「「「「「「「「「「「「「「「「「「「「「「「「「
[24-Jul-2020 08:35:48 UTC] デバッグ:「商品追加ページ pro_add_done.php
[24-Jul-2020 08:35:48 UTC] デバッグ:「「「「「「「「「「「「「「「「「「「「「「「「「「「「「「「「「「「「「「「「
[24-Jul-2020 08:35:48 UTC] デバッグ:デバッグみかん
[24-Jul-2020 08:35:48 UTC] デバッグ:デバッグ200
[24-Jul-2020 08:35:48 UTC] デバッグ:クエリ成功。
[24-Jul-2020 08:35:48 UTC] デバッグ:INSERT INTO mst_product (name,price) VALUES (:p_name,:price)
[24-Jul-2020 08:35:50 UTC] デバッグ:「「「「「「「「「「「「「「「「「「「「「「「「「「「「「「「「「「「「「「「「
[24-Jul-2020 08:35:50 UTC] デバッグ:「商品一覧ページ pro_list.php
[24-Jul-2020 08:35:50 UTC] デバッグ:「「「「「「「「「「「「「「「「「「「「「「「「「「「「「「「「「「「「「「「「
[24-Jul-2020 08:49:04 UTC] デバッグ:「「「「「「「「「「「「「「「「「「「「「「「「「「「「「「「「「「「「「「「「
[24-Jul-2020 08:49:04 UTC] デバッグ:商品分岐 「pro_branch.php
[24-Jul-2020 08:49:04 UTC] デバッグ:「「「「「「「「「「「「「「「「「「「「「「「「「「「「「「「「「「「「「「「「
[24-Jul-2020 08:52:09 UTC] デバッグ:「「「「「「「「「「「「「「「「「「「「「「「「「「「「「「「「「「「「「「「「
[24-Jul-2020 08:52:09 UTC] デバッグ:商品分岐 「pro_branch.php
[24-Jul-2020 08:52:09 UTC] デバッグ:「「「「「「「「「「「「「「「「「「「「「「「「「「「「「「「「「「「「「「「「
[24-Jul-2020 08:52:56 UTC] デバッグ:「「「「「「「「「「「「「「「「「「「「「「「「「「「「「「「「「「「「「「「「
[24-Jul-2020 08:52:56 UTC] デバッグ:商品分岐 「pro_branch.php
[24-Jul-2020 08:52:56 UTC] デバッグ:「「「「「「「「「「「「「「「「「「「「「「「「「「「「「「「「「「「「「「「「
[24-Jul-2020 08:53:09 UTC] デバッグ:「「「「「「「「「「「「「「「「「「「「「「「「「「「「「「「「「「「「「「「「
[24-Jul-2020 08:53:09 UTC] デバッグ:「商品一覧ページ pro_list.php
[24-Jul-2020 08:53:09 UTC] デバッグ:「「「「「「「「「「「「「「「「「「「「「「「「「「「「「「「「「「「「「「「「
[24-Jul-2020 08:53:13 UTC] デバッグ:「「「「「「「「「「「「「「「「「「「「「「「「「「「「「「「「「「「「「「「「
[24-Jul-2020 08:53:13 UTC] デバッグ:商品分岐 「pro_branch.php
[24-Jul-2020 08:53:13 UTC] デバッグ:「「「「「「「「「「「「「「「「「「「「「「「「「「「「「「「「「「「「「「「「
[24-Jul-2020 08:54:20 UTC] デバッグ:「「「「「「「「「「「「「「「「「「「「「「「「「「「「「「「「「「「「「「「「
[24-Jul-2020 08:54:20 UTC] デバッグ:商品分岐 「pro_branch.php
[24-Jul-2020 08:54:20 UTC] デバッグ:「「「「「「「「「「「「「「「「「「「「「「「「「「「「「「「「「「「「「「「「
[24-Jul-2020 08:54:29 UTC] デバッグ:「「「「「「「「「「「「「「「「「「「「「「「「「「「「「「「「「「「「「「「「
[24-Jul-2020 08:54:29 UTC] デバッグ:「商品一覧ページ pro_list.php
[24-Jul-2020 08:54:29 UTC] デバッグ:「「「「「「「「「「「「「「「「「「「「「「「「「「「「「「「「「「「「「「「「
[24-Jul-2020 08:54:30 UTC] デバッグ:「「「「「「「「「「「「「「「「「「「「「「「「「「「「「「「「「「「「「「「「
[24-Jul-2020 08:54:30 UTC] デバッグ:商品分岐 「pro_branch.php
[24-Jul-2020 08:54:30 UTC] デバッグ:「「「「「「「「「「「「「「「「「「「「「「「「「「「「「「「「「「「「「「「「
[24-Jul-2020 08:56:06 UTC] デバッグ:「「「「「「「「「「「「「「「「「「「「「「「「「「「「「「「「「「「「「「「「
[24-Jul-2020 08:56:06 UTC] デバッグ:商品分岐 「pro_branch.php
[24-Jul-2020 08:56:06 UTC] デバッグ:「「「「「「「「「「「「「「「「「「「「「「「「「「「「「「「「「「「「「「「「
[24-Jul-2020 08:56:06 UTC] PHP Notice:  Undefined index: disp in /Applications/MAMP/htdocs/php_pro/product/pro_branch.php on line 6
[24-Jul-2020 08:56:06 UTC] デバッグ:disp
[24-Jul-2020 08:57:34 UTC] デバッグ:「「「「「「「「「「「「「「「「「「「「「「「「「「「「「「「「「「「「「「「「
[24-Jul-2020 08:57:34 UTC] デバッグ:商品分岐 「pro_branch.php
[24-Jul-2020 08:57:34 UTC] デバッグ:「「「「「「「「「「「「「「「「「「「「「「「「「「「「「「「「「「「「「「「「
[24-Jul-2020 08:57:34 UTC] PHP Notice:  Undefined index: disp in /Applications/MAMP/htdocs/php_pro/product/pro_branch.php on line 6
[24-Jul-2020 08:57:34 UTC] デバッグ:disp
[24-Jul-2020 08:57:38 UTC] デバッグ:「「「「「「「「「「「「「「「「「「「「「「「「「「「「「「「「「「「「「「「「
[24-Jul-2020 08:57:38 UTC] デバッグ:商品分岐 「pro_branch.php
[24-Jul-2020 08:57:38 UTC] デバッグ:「「「「「「「「「「「「「「「「「「「「「「「「「「「「「「「「「「「「「「「「
[24-Jul-2020 08:57:38 UTC] PHP Notice:  Undefined index: disp in /Applications/MAMP/htdocs/php_pro/product/pro_branch.php on line 6
[24-Jul-2020 08:57:38 UTC] デバッグ:disp
[24-Jul-2020 08:57:42 UTC] デバッグ:「「「「「「「「「「「「「「「「「「「「「「「「「「「「「「「「「「「「「「「「
[24-Jul-2020 08:57:42 UTC] デバッグ:「商品一覧ページ pro_list.php
[24-Jul-2020 08:57:42 UTC] デバッグ:「「「「「「「「「「「「「「「「「「「「「「「「「「「「「「「「「「「「「「「「
[24-Jul-2020 08:57:43 UTC] デバッグ:「「「「「「「「「「「「「「「「「「「「「「「「「「「「「「「「「「「「「「「「
[24-Jul-2020 08:57:43 UTC] デバッグ:商品分岐 「pro_branch.php
[24-Jul-2020 08:57:43 UTC] デバッグ:「「「「「「「「「「「「「「「「「「「「「「「「「「「「「「「「「「「「「「「「
[24-Jul-2020 08:57:43 UTC] デバッグ:disp参照
[24-Jul-2020 08:57:43 UTC] デバッグ:参照ボタンが押されました
[24-Jul-2020 08:57:43 UTC] デバッグ:「「「「「「「「「「「「「「「「「「「「「「「「「「「「「「「「「「「「「「「「
[24-Jul-2020 08:57:43 UTC] デバッグ: 商品未選択エラー画面「pro_ng.php
[24-Jul-2020 08:57:43 UTC] デバッグ:「「「「「「「「「「「「「「「「「「「「「「「「「「「「「「「「「「「「「「「「
[24-Jul-2020 08:57:49 UTC] デバッグ:「「「「「「「「「「「「「「「「「「「「「「「「「「「「「「「「「「「「「「「「
[24-Jul-2020 08:57:49 UTC] デバッグ:「商品一覧ページ pro_list.php
[24-Jul-2020 08:57:49 UTC] デバッグ:「「「「「「「「「「「「「「「「「「「「「「「「「「「「「「「「「「「「「「「「
[24-Jul-2020 08:57:51 UTC] デバッグ:「「「「「「「「「「「「「「「「「「「「「「「「「「「「「「「「「「「「「「「「
[24-Jul-2020 08:57:51 UTC] デバッグ:商品分岐 「pro_branch.php
[24-Jul-2020 08:57:51 UTC] デバッグ:「「「「「「「「「「「「「「「「「「「「「「「「「「「「「「「「「「「「「「「「
[24-Jul-2020 08:57:51 UTC] デバッグ:disp参照
[24-Jul-2020 08:57:51 UTC] デバッグ:参照ボタンが押されました
[24-Jul-2020 08:57:51 UTC] デバッグ:「「「「「「「「「「「「「「「「「「「「「「「「「「「「「「「「「「「「「「「「
[24-Jul-2020 08:57:51 UTC] デバッグ: 商品未選択エラー画面「pro_ng.php
[24-Jul-2020 08:57:51 UTC] デバッグ:「「「「「「「「「「「「「「「「「「「「「「「「「「「「「「「「「「「「「「「「
[24-Jul-2020 08:57:52 UTC] デバッグ:「「「「「「「「「「「「「「「「「「「「「「「「「「「「「「「「「「「「「「「「
[24-Jul-2020 08:57:52 UTC] デバッグ:「商品一覧ページ pro_list.php
[24-Jul-2020 08:57:52 UTC] デバッグ:「「「「「「「「「「「「「「「「「「「「「「「「「「「「「「「「「「「「「「「「
[24-Jul-2020 08:58:23 UTC] デバッグ:「「「「「「「「「「「「「「「「「「「「「「「「「「「「「「「「「「「「「「「「
[24-Jul-2020 08:58:23 UTC] デバッグ:「商品一覧ページ pro_list.php
[24-Jul-2020 08:58:23 UTC] デバッグ:「「「「「「「「「「「「「「「「「「「「「「「「「「「「「「「「「「「「「「「「
[24-Jul-2020 08:58:25 UTC] デバッグ:「「「「「「「「「「「「「「「「「「「「「「「「「「「「「「「「「「「「「「「「
[24-Jul-2020 08:58:25 UTC] デバッグ:商品分岐 「pro_branch.php
[24-Jul-2020 08:58:25 UTC] デバッグ:「「「「「「「「「「「「「「「「「「「「「「「「「「「「「「「「「「「「「「「「
[24-Jul-2020 08:58:25 UTC] デバッグ:参照ボタンが押されました
[24-Jul-2020 08:58:25 UTC] デバッグ:「「「「「「「「「「「「「「「「「「「「「「「「「「「「「「「「「「「「「「「「
[24-Jul-2020 08:58:25 UTC] デバッグ: 商品未選択エラー画面「pro_ng.php
[24-Jul-2020 08:58:25 UTC] デバッグ:「「「「「「「「「「「「「「「「「「「「「「「「「「「「「「「「「「「「「「「「
[24-Jul-2020 08:58:26 UTC] デバッグ:「「「「「「「「「「「「「「「「「「「「「「「「「「「「「「「「「「「「「「「「
[24-Jul-2020 08:58:26 UTC] デバッグ:「商品一覧ページ pro_list.php
[24-Jul-2020 08:58:26 UTC] デバッグ:「「「「「「「「「「「「「「「「「「「「「「「「「「「「「「「「「「「「「「「「
[24-Jul-2020 09:06:53 UTC] デバッグ:「「「「「「「「「「「「「「「「「「「「「「「「「「「「「「「「「「「「「「「「
[24-Jul-2020 09:06:53 UTC] デバッグ:商品分岐 「pro_branch.php
[24-Jul-2020 09:06:53 UTC] デバッグ:「「「「「「「「「「「「「「「「「「「「「「「「「「「「「「「「「「「「「「「「
[24-Jul-2020 09:06:53 UTC] デバッグ:参照ボタンが押されました
[24-Jul-2020 09:06:53 UTC] デバッグ:「「「「「「「「「「「「「「「「「「「「「「「「「「「「「「「「「「「「「「「「
[24-Jul-2020 09:06:53 UTC] デバッグ: 商品未選択エラー画面「pro_ng.php
[24-Jul-2020 09:06:53 UTC] デバッグ:「「「「「「「「「「「「「「「「「「「「「「「「「「「「「「「「「「「「「「「「
[24-Jul-2020 09:06:54 UTC] デバッグ:「「「「「「「「「「「「「「「「「「「「「「「「「「「「「「「「「「「「「「「「
[24-Jul-2020 09:06:54 UTC] デバッグ:「商品一覧ページ pro_list.php
[24-Jul-2020 09:06:54 UTC] デバッグ:「「「「「「「「「「「「「「「「「「「「「「「「「「「「「「「「「「「「「「「「
[24-Jul-2020 09:06:56 UTC] デバッグ:「「「「「「「「「「「「「「「「「「「「「「「「「「「「「「「「「「「「「「「「
[24-Jul-2020 09:06:56 UTC] デバッグ:商品分岐 「pro_branch.php
[24-Jul-2020 09:06:56 UTC] デバッグ:「「「「「「「「「「「「「「「「「「「「「「「「「「「「「「「「「「「「「「「「
[24-Jul-2020 09:06:56 UTC] デバッグ:参照ボタンが押されました
[24-Jul-2020 09:06:56 UTC] デバッグ:「「「「「「「「「「「「「「「「「「「「「「「「「「「「「「「「「「「「「「「「
[24-Jul-2020 09:06:56 UTC] デバッグ:「商品詳細画面 pro_disp.php
[24-Jul-2020 09:06:56 UTC] デバッグ:「「「「「「「「「「「「「「「「「「「「「「「「「「「「「「「「「「「「「「「「
[24-Jul-2020 09:06:56 UTC] PHP Notice:  Undefined index: pro_code in /Applications/MAMP/htdocs/php_pro/product/pro_disp.php on line 19
[24-Jul-2020 09:06:56 UTC] PHP Notice:  Trying to access array offset on value of type bool in /Applications/MAMP/htdocs/php_pro/product/pro_disp.php on line 32
[24-Jul-2020 09:06:56 UTC] PHP Notice:  Undefined variable: pro_price in /Applications/MAMP/htdocs/php_pro/product/pro_disp.php on line 48
[24-Jul-2020 09:07:54 UTC] デバッグ:「「「「「「「「「「「「「「「「「「「「「「「「「「「「「「「「「「「「「「「「
[24-Jul-2020 09:07:54 UTC] デバッグ:商品分岐 「pro_branch.php
[24-Jul-2020 09:07:54 UTC] デバッグ:「「「「「「「「「「「「「「「「「「「「「「「「「「「「「「「「「「「「「「「「
[24-Jul-2020 09:07:54 UTC] デバッグ:参照ボタンが押されました
[24-Jul-2020 09:07:54 UTC] デバッグ:「「「「「「「「「「「「「「「「「「「「「「「「「「「「「「「「「「「「「「「「
[24-Jul-2020 09:07:54 UTC] デバッグ:「商品詳細画面 pro_disp.php
[24-Jul-2020 09:07:54 UTC] デバッグ:「「「「「「「「「「「「「「「「「「「「「「「「「「「「「「「「「「「「「「「「
[24-Jul-2020 09:07:54 UTC] PHP Notice:  Undefined index: pro_code in /Applications/MAMP/htdocs/php_pro/product/pro_disp.php on line 19
[24-Jul-2020 09:07:54 UTC] PHP Notice:  Trying to access array offset on value of type bool in /Applications/MAMP/htdocs/php_pro/product/pro_disp.php on line 32
[24-Jul-2020 09:07:54 UTC] PHP Notice:  Trying to access array offset on value of type bool in /Applications/MAMP/htdocs/php_pro/product/pro_disp.php on line 33
[24-Jul-2020 09:08:17 UTC] デバッグ:「「「「「「「「「「「「「「「「「「「「「「「「「「「「「「「「「「「「「「「「
[24-Jul-2020 09:08:17 UTC] デバッグ:「商品詳細画面 pro_disp.php
[24-Jul-2020 09:08:17 UTC] デバッグ:「「「「「「「「「「「「「「「「「「「「「「「「「「「「「「「「「「「「「「「「
[24-Jul-2020 09:09:08 UTC] デバッグ:「「「「「「「「「「「「「「「「「「「「「「「「「「「「「「「「「「「「「「「「
[24-Jul-2020 09:09:08 UTC] デバッグ:「商品詳細画面 pro_disp.php
[24-Jul-2020 09:09:08 UTC] デバッグ:「「「「「「「「「「「「「「「「「「「「「「「「「「「「「「「「「「「「「「「「
[24-Jul-2020 09:09:28 UTC] デバッグ:「「「「「「「「「「「「「「「「「「「「「「「「「「「「「「「「「「「「「「「「
[24-Jul-2020 09:09:28 UTC] デバッグ:「商品詳細画面 pro_disp.php
[24-Jul-2020 09:09:28 UTC] デバッグ:「「「「「「「「「「「「「「「「「「「「「「「「「「「「「「「「「「「「「「「「
[24-Jul-2020 09:09:53 UTC] デバッグ:「「「「「「「「「「「「「「「「「「「「「「「「「「「「「「「「「「「「「「「「
[24-Jul-2020 09:09:53 UTC] デバッグ:「商品詳細画面 pro_disp.php
[24-Jul-2020 09:09:53 UTC] デバッグ:「「「「「「「「「「「「「「「「「「「「「「「「「「「「「「「「「「「「「「「「
[24-Jul-2020 09:10:24 UTC] デバッグ:「「「「「「「「「「「「「「「「「「「「「「「「「「「「「「「「「「「「「「「「
[24-Jul-2020 09:10:24 UTC] デバッグ:商品分岐 「pro_branch.php
[24-Jul-2020 09:10:24 UTC] デバッグ:「「「「「「「「「「「「「「「「「「「「「「「「「「「「「「「「「「「「「「「「
[24-Jul-2020 09:10:24 UTC] デバッグ:参照ボタンが押されました
[24-Jul-2020 09:10:24 UTC] デバッグ:「「「「「「「「「「「「「「「「「「「「「「「「「「「「「「「「「「「「「「「「
[24-Jul-2020 09:10:24 UTC] デバッグ:「商品詳細画面 pro_disp.php
[24-Jul-2020 09:10:24 UTC] デバッグ:「「「「「「「「「「「「「「「「「「「「「「「「「「「「「「「「「「「「「「「「
[24-Jul-2020 09:10:31 UTC] デバッグ:「「「「「「「「「「「「「「「「「「「「「「「「「「「「「「「「「「「「「「「「
[24-Jul-2020 09:10:31 UTC] デバッグ:商品分岐 「pro_branch.php
[24-Jul-2020 09:10:31 UTC] デバッグ:「「「「「「「「「「「「「「「「「「「「「「「「「「「「「「「「「「「「「「「「
[24-Jul-2020 09:10:31 UTC] デバッグ:参照ボタンが押されました
[24-Jul-2020 09:10:31 UTC] デバッグ:「「「「「「「「「「「「「「「「「「「「「「「「「「「「「「「「「「「「「「「「
[24-Jul-2020 09:10:31 UTC] デバッグ:「商品詳細画面 pro_disp.php
[24-Jul-2020 09:10:31 UTC] デバッグ:「「「「「「「「「「「「「「「「「「「「「「「「「「「「「「「「「「「「「「「「
[24-Jul-2020 09:18:06 UTC] デバッグ:「「「「「「「「「「「「「「「「「「「「「「「「「「「「「「「「「「「「「「「「
[24-Jul-2020 09:18:06 UTC] デバッグ:商品分岐 「pro_branch.php
[24-Jul-2020 09:18:06 UTC] デバッグ:「「「「「「「「「「「「「「「「「「「「「「「「「「「「「「「「「「「「「「「「
[24-Jul-2020 09:18:06 UTC] デバッグ:修正ボタンが押されました
[24-Jul-2020 09:18:06 UTC] デバッグ:「「「「「「「「「「「「「「「「「「「「「「「「「「「「「「「「「「「「「「「「
[24-Jul-2020 09:18:06 UTC] デバッグ:「商品編集画面 pro_edit.php
[24-Jul-2020 09:18:06 UTC] デバッグ:「「「「「「「「「「「「「「「「「「「「「「「「「「「「「「「「「「「「「「「「
[24-Jul-2020 09:25:32 UTC] デバッグ:「「「「「「「「「「「「「「「「「「「「「「「「「「「「「「「「「「「「「「「「
[24-Jul-2020 09:25:32 UTC] デバッグ:pro_edit_check.php「商品修正確認ページ
[24-Jul-2020 09:25:32 UTC] デバッグ:「「「「「「「「「「「「「「「「「「「「「「「「「「「「「「「「「「「「「「「「
[24-Jul-2020 09:25:32 UTC] デバッグ:商品ID2
[24-Jul-2020 09:25:32 UTC] デバッグ:商品修正名みかん
[24-Jul-2020 09:25:32 UTC] デバッグ:商品価格300
[24-Jul-2020 09:25:36 UTC] デバッグ:「「「「「「「「「「「「「「「「「「「「「「「「「「「「「「「「「「「「「「「「
[24-Jul-2020 09:25:36 UTC] デバッグ:pro_edit_check.php「商品修正確認ページ
[24-Jul-2020 09:25:36 UTC] デバッグ:「「「「「「「「「「「「「「「「「「「「「「「「「「「「「「「「「「「「「「「「
[24-Jul-2020 09:25:36 UTC] デバッグ:商品ID2
[24-Jul-2020 09:25:36 UTC] デバッグ:商品修正名みかん
[24-Jul-2020 09:25:36 UTC] デバッグ:商品価格300
[24-Jul-2020 09:26:00 UTC] デバッグ:「「「「「「「「「「「「「「「「「「「「「「「「「「「「「「「「「「「「「「「「
[24-Jul-2020 09:26:00 UTC] デバッグ:pro_edit_check.php「商品修正確認ページ
[24-Jul-2020 09:26:00 UTC] デバッグ:「「「「「「「「「「「「「「「「「「「「「「「「「「「「「「「「「「「「「「「「
[24-Jul-2020 09:26:00 UTC] デバッグ:商品ID2
[24-Jul-2020 09:26:00 UTC] デバッグ:商品修正名みかん
[24-Jul-2020 09:26:00 UTC] デバッグ:商品価格300
[24-Jul-2020 09:27:43 UTC] デバッグ:「「「「「「「「「「「「「「「「「「「「「「「「「「「「「「「「「「「「「「「「
[24-Jul-2020 09:27:43 UTC] デバッグ:pro_edit_check.php「商品修正確認ページ
[24-Jul-2020 09:27:43 UTC] デバッグ:「「「「「「「「「「「「「「「「「「「「「「「「「「「「「「「「「「「「「「「「
[24-Jul-2020 09:27:43 UTC] デバッグ:商品ID2
[24-Jul-2020 09:27:43 UTC] デバッグ:商品修正名みかん
[24-Jul-2020 09:27:43 UTC] デバッグ:商品価格300
[24-Jul-2020 09:29:14 UTC] デバッグ:「「「「「「「「「「「「「「「「「「「「「「「「「「「「「「「「「「「「「「「「
[24-Jul-2020 09:29:14 UTC] デバッグ:pro_edit_check.php「商品修正確認ページ
[24-Jul-2020 09:29:14 UTC] デバッグ:「「「「「「「「「「「「「「「「「「「「「「「「「「「「「「「「「「「「「「「「
[24-Jul-2020 09:29:14 UTC] デバッグ:商品ID2
[24-Jul-2020 09:29:14 UTC] デバッグ:商品修正名みかん
[24-Jul-2020 09:29:14 UTC] デバッグ:商品価格300
[24-Jul-2020 09:30:04 UTC] デバッグ:「「「「「「「「「「「「「「「「「「「「「「「「「「「「「「「「「「「「「「「「
[24-Jul-2020 09:30:04 UTC] デバッグ:pro_edit_check.php「商品修正確認ページ
[24-Jul-2020 09:30:04 UTC] デバッグ:「「「「「「「「「「「「「「「「「「「「「「「「「「「「「「「「「「「「「「「「
[24-Jul-2020 09:30:04 UTC] デバッグ:商品ID2
[24-Jul-2020 09:30:04 UTC] デバッグ:商品修正名みかん
[24-Jul-2020 09:30:04 UTC] デバッグ:商品価格300
[24-Jul-2020 09:30:13 UTC] デバッグ:「「「「「「「「「「「「「「「「「「「「「「「「「「「「「「「「「「「「「「「「
[24-Jul-2020 09:30:13 UTC] デバッグ:pro_edit_check.php「商品修正確認ページ
[24-Jul-2020 09:30:13 UTC] デバッグ:「「「「「「「「「「「「「「「「「「「「「「「「「「「「「「「「「「「「「「「「
[24-Jul-2020 09:30:13 UTC] デバッグ:商品ID2
[24-Jul-2020 09:30:13 UTC] デバッグ:商品修正名みかん
[24-Jul-2020 09:30:13 UTC] デバッグ:商品価格30000
[24-Jul-2020 09:33:15 UTC] デバッグ:「「「「「「「「「「「「「「「「「「「「「「「「「「「「「「「「「「「「「「「「
[24-Jul-2020 09:33:15 UTC] デバッグ:商品修正実行画面「pro_edit_done.php
[24-Jul-2020 09:33:15 UTC] デバッグ:「「「「「「「「「「「「「「「「「「「「「「「「「「「「「「「「「「「「「「「「
[24-Jul-2020 09:33:15 UTC] PHP Notice:  Undefined index: price in /Applications/MAMP/htdocs/php_pro/product/pro_edit_done.php on line 22
[24-Jul-2020 09:33:15 UTC] デバッグ:デバッグみかん
[24-Jul-2020 09:33:15 UTC] デバッグ:デバッグ
[24-Jul-2020 09:33:15 UTC] PHP Notice:  Undefined variable: price in /Applications/MAMP/htdocs/php_pro/product/pro_edit_done.php on line 42
[24-Jul-2020 09:34:02 UTC] デバッグ:「「「「「「「「「「「「「「「「「「「「「「「「「「「「「「「「「「「「「「「「
[24-Jul-2020 09:34:02 UTC] デバッグ:pro_edit_check.php「商品修正確認ページ
[24-Jul-2020 09:34:02 UTC] デバッグ:「「「「「「「「「「「「「「「「「「「「「「「「「「「「「「「「「「「「「「「「
[24-Jul-2020 09:34:02 UTC] デバッグ:商品ID2
[24-Jul-2020 09:34:02 UTC] デバッグ:商品修正名みかん
[24-Jul-2020 09:34:02 UTC] デバッグ:商品価格30000
[24-Jul-2020 09:34:03 UTC] デバッグ:「「「「「「「「「「「「「「「「「「「「「「「「「「「「「「「「「「「「「「「「
[24-Jul-2020 09:34:03 UTC] デバッグ:商品修正実行画面「pro_edit_done.php
[24-Jul-2020 09:34:03 UTC] デバッグ:「「「「「「「「「「「「「「「「「「「「「「「「「「「「「「「「「「「「「「「「
[24-Jul-2020 09:34:03 UTC] デバッグ:デバッグみかん
[24-Jul-2020 09:34:03 UTC] デバッグ:デバッグ30000
[24-Jul-2020 09:34:03 UTC] PHP Notice:  Undefined variable: price in /Applications/MAMP/htdocs/php_pro/product/pro_edit_done.php on line 42
[24-Jul-2020 09:35:12 UTC] デバッグ:「「「「「「「「「「「「「「「「「「「「「「「「「「「「「「「「「「「「「「「「
[24-Jul-2020 09:35:12 UTC] デバッグ:pro_edit_check.php「商品修正確認ページ
[24-Jul-2020 09:35:12 UTC] デバッグ:「「「「「「「「「「「「「「「「「「「「「「「「「「「「「「「「「「「「「「「「
[24-Jul-2020 09:35:12 UTC] デバッグ:商品ID2
[24-Jul-2020 09:35:12 UTC] デバッグ:商品修正名みかん
[24-Jul-2020 09:35:12 UTC] デバッグ:商品価格30000
[24-Jul-2020 09:35:13 UTC] デバッグ:「「「「「「「「「「「「「「「「「「「「「「「「「「「「「「「「「「「「「「「「
[24-Jul-2020 09:35:13 UTC] デバッグ:商品修正実行画面「pro_edit_done.php
[24-Jul-2020 09:35:13 UTC] デバッグ:「「「「「「「「「「「「「「「「「「「「「「「「「「「「「「「「「「「「「「「「
[24-Jul-2020 09:35:13 UTC] デバッグ:デバッグみかん
[24-Jul-2020 09:35:13 UTC] デバッグ:デバッグ30000
[24-Jul-2020 09:35:13 UTC] デバッグ:クエリ成功。
[24-Jul-2020 09:35:13 UTC] デバッグ:UPDATE mst_product SET name = :u_name, price = :price WHERE code = :code
[24-Jul-2020 09:35:15 UTC] デバッグ:「「「「「「「「「「「「「「「「「「「「「「「「「「「「「「「「「「「「「「「「
[24-Jul-2020 09:35:15 UTC] デバッグ:「商品一覧ページ pro_list.php
[24-Jul-2020 09:35:15 UTC] デバッグ:「「「「「「「「「「「「「「「「「「「「「「「「「「「「「「「「「「「「「「「「
